Log file open, 10/30/23 14:23:44
LogWindows: Failed to load 'aqProf.dll' (GetLastError=126)
LogWindows: File 'aqProf.dll' does not exist
LogWindows: Failed to load 'VtuneApi.dll' (GetLastError=126)
LogWindows: File 'VtuneApi.dll' does not exist
LogWindows: Failed to load 'VtuneApi32e.dll' (GetLastError=126)
LogWindows: File 'VtuneApi32e.dll' does not exist
LogConsoleResponse: Display: Failed to find resolution value strings in scalability ini. Falling back to default.
LogConsoleResponse: Display: Failed to find resolution value strings in scalability ini. Falling back to default.
LogInit: Display: Running engine for game: Bomberman
LogPlatformFile: Not using cached read wrapper
LogTaskGraph: Started task graph with 5 named threads and 23 total threads with 3 sets of task threads.
LogStats: Stats thread started at 0.474485
LogICUInternationalization: ICU TimeZone Detection - Raw Offset: -6:00, Platform Override: ''
LogInit: Display: Loading text-based GConfig....
LogPluginManager: Mounting plugin MeshPainting
LogPluginManager: Mounting plugin XGEController
LogPluginManager: Mounting plugin Paper2D
LogPluginManager: Mounting plugin AISupport
LogPluginManager: Mounting plugin EnvironmentQueryEditor
LogPluginManager: Mounting plugin LiveLink
LogPluginManager: Mounting plugin LightPropagationVolume
LogPluginManager: Mounting plugin CameraShakePreviewer
LogPluginManager: Mounting plugin GameplayCameras
LogPluginManager: Mounting plugin OodleData
LogPluginManager: Mounting plugin OodleNetwork
LogPluginManager: Mounting plugin AnimationSharing
LogPluginManager: Mounting plugin CLionSourceCodeAccess
LogPluginManager: Mounting plugin CodeLiteSourceCodeAccess
LogPluginManager: Mounting plugin GitSourceControl
LogPluginManager: Mounting plugin KDevelopSourceCodeAccess
LogPluginManager: Mounting plugin NullSourceCodeAccess
LogPluginManager: Mounting plugin PerforceSourceControl
LogPluginManager: Mounting plugin PixWinPlugin
LogPluginManager: Mounting plugin PlasticSourceControl
LogPluginManager: Mounting plugin DatasmithContent
LogPluginManager: Mounting plugin PluginUtils
LogPluginManager: Mounting plugin PropertyAccessNode
LogPluginManager: Mounting plugin SubversionSourceControl
LogPluginManager: Mounting plugin RiderSourceCodeAccess
LogPluginManager: Mounting plugin TextureFormatOodle
LogPluginManager: Mounting plugin UObjectPlugin
LogPluginManager: Mounting plugin AssetManagerEditor
LogPluginManager: Mounting plugin VariantManagerContent
LogPluginManager: Mounting plugin AlembicImporter
LogPluginManager: Mounting plugin CryptoKeys
LogPluginManager: Mounting plugin AutomationUtils
LogPluginManager: Mounting plugin CurveEditorTools
LogPluginManager: Mounting plugin DataValidation
LogPluginManager: Mounting plugin BackChannel
LogPluginManager: Mounting plugin FacialAnimation
LogPluginManager: Mounting plugin GameplayTagsEditor
LogPluginManager: Mounting plugin GeometryMode
LogPluginManager: Mounting plugin ChaosCloth
LogPluginManager: Mounting plugin MacGraphicsSwitching
LogPluginManager: Mounting plugin ChaosEditor
LogPluginManager: Mounting plugin ChaosClothEditor
LogPluginManager: Mounting plugin MaterialAnalyzer
LogPluginManager: Mounting plugin ChaosNiagara
LogPluginManager: Mounting plugin CharacterAI
LogPluginManager: Mounting plugin ChaosSolverPlugin
LogPluginManager: Mounting plugin MobileLauncherProfileWizard
LogPluginManager: Mounting plugin PluginBrowser
LogPluginManager: Mounting plugin SpeedTreeImporter
LogPluginManager: Mounting plugin GeometryCache
LogPluginManager: Mounting plugin GeometryCollectionPlugin
LogPluginManager: Mounting plugin VisualStudioSourceCodeAccess
LogPluginManager: Mounting plugin XCodeSourceCodeAccess
LogPluginManager: Mounting plugin VisualStudioCodeSourceCodeAccess
LogPluginManager: Mounting plugin GeometryProcessing
LogPluginManager: Mounting plugin MotoSynth
LogPluginManager: Mounting plugin OpenImageDenoise
LogPluginManager: Mounting plugin ProxyLODPlugin
LogPluginManager: Mounting plugin PlanarCut
LogPluginManager: Mounting plugin PlatformCrypto
LogPluginManager: Mounting plugin PythonScriptPlugin
LogPluginManager: Mounting plugin SkeletalReduction
LogPluginManager: Mounting plugin Niagara
LogPluginManager: Mounting plugin LuminPlatformFeatures
LogPluginManager: Mounting plugin MagicLeap
LogPluginManager: Mounting plugin MagicLeapLightEstimation
LogPluginManager: Mounting plugin MagicLeapMedia
LogPluginManager: Mounting plugin MagicLeapPassableWorld
LogPluginManager: Mounting plugin MLSDK
LogPluginManager: Mounting plugin AndroidMedia
LogPluginManager: Mounting plugin AvfMedia
LogPluginManager: Mounting plugin ImgMedia
LogPluginManager: Mounting plugin MediaCompositing
LogPluginManager: Mounting plugin MediaPlayerEditor
LogPluginManager: Mounting plugin WebMMedia
LogPluginManager: Mounting plugin WmfMedia
LogPluginManager: Mounting plugin TcpMessaging
LogPluginManager: Mounting plugin UdpMessaging
LogPluginManager: Mounting plugin ActorSequence
LogPluginManager: Mounting plugin LevelSequenceEditor
LogPluginManager: Mounting plugin MatineeToLevelSequence
LogPluginManager: Mounting plugin TemplateSequence
LogPluginManager: Mounting plugin OnlineSubsystem
LogPluginManager: Mounting plugin OnlineSubsystemNull
LogPluginManager: Mounting plugin OnlineSubsystemUtils
LogPluginManager: Mounting plugin ActorLayerUtilities
LogPluginManager: Mounting plugin AndroidDeviceProfileSelector
LogPluginManager: Mounting plugin AndroidMoviePlayer
LogPluginManager: Mounting plugin AndroidPermission
LogPluginManager: Mounting plugin AppleImageUtils
LogPluginManager: Mounting plugin AppleMoviePlayer
LogPluginManager: Mounting plugin AssetTags
LogPluginManager: Mounting plugin AudioCapture
LogPluginManager: Mounting plugin ArchVisCharacter
LogPluginManager: Mounting plugin AudioSynesthesia
LogPluginManager: Mounting plugin CableComponent
LogPluginManager: Mounting plugin ChunkDownloader
LogPluginManager: Mounting plugin CustomMeshComponent
LogPluginManager: Mounting plugin EditableMesh
LogPluginManager: Mounting plugin ExampleDeviceProfileSelector
LogPluginManager: Mounting plugin GoogleCloudMessaging
LogPluginManager: Mounting plugin GooglePAD
LogPluginManager: Mounting plugin IOSDeviceProfileSelector
LogPluginManager: Mounting plugin LinuxDeviceProfileSelector
LogPluginManager: Mounting plugin LauncherChunkInstaller
LogPluginManager: Mounting plugin LocationServicesBPLibrary
LogPluginManager: Mounting plugin MobilePatchingUtils
LogPluginManager: Mounting plugin ScreenshotTools
LogPluginManager: Mounting plugin OpenXR
LogPluginManager: Mounting plugin OpenXREyeTracker
LogPluginManager: Mounting plugin OpenXRHandTracking
LogPluginManager: Mounting plugin PhysXVehicles
LogPluginManager: Mounting plugin PostSplashScreen
LogPluginManager: Mounting plugin PropertyAccessEditor
LogPluginManager: Mounting plugin ProceduralMeshComponent
LogPluginManager: Mounting plugin RuntimePhysXCooking
LogPluginManager: Mounting plugin SignificanceManager
LogPluginManager: Mounting plugin SoundFields
LogPluginManager: Mounting plugin Synthesis
LogPluginManager: Mounting plugin WebMMoviePlayer
LogPluginManager: Mounting plugin WindowsMoviePlayer
LogPluginManager: Mounting plugin Takes
LogPluginManager: Mounting plugin ContentBrowserAssetDataSource
LogPluginManager: Mounting plugin ContentBrowserClassDataSource
LogPluginManager: Mounting plugin ContentBrowserFileDataSource
LogPluginManager: Mounting plugin OnlineSubsystemGooglePlay
LogPluginManager: Mounting plugin OnlineSubsystemIOS
LogPluginManager: Mounting plugin OculusVR
LogPluginManager: Mounting plugin SteamVR
PixWinPlugin: PIX capture plugin failed to initialize! Check that the process is launched from PIX.
LogInit: Using libcurl 7.55.1-DEV
LogInit:  - built for x86_64-pc-win32
LogInit:  - supports SSL with OpenSSL/1.1.1
LogInit:  - supports HTTP deflate (compression) using libz 1.2.8
LogInit:  - other features:
LogInit:      CURL_VERSION_SSL
LogInit:      CURL_VERSION_LIBZ
LogInit:      CURL_VERSION_IPV6
LogInit:      CURL_VERSION_ASYNCHDNS
LogInit:      CURL_VERSION_LARGEFILE
LogInit:      CURL_VERSION_IDN
LogInit:  CurlRequestOptions (configurable via config and command line):
LogInit:  - bVerifyPeer = true  - Libcurl will verify peer certificate
LogInit:  - bUseHttpProxy = false  - Libcurl will NOT use HTTP proxy
LogInit:  - bDontReuseConnections = false  - Libcurl will reuse connections
LogInit:  - MaxHostConnections = 16  - Libcurl will limit the number of connections to a host
LogInit:  - LocalHostAddr = Default
LogInit:  - BufferSize = 65536
LogOnline: OSS: Creating online subsystem instance for: NULL
LogInit: WinSock: version 1.1 (2.2), MaxSocks=32767, MaxUdp=65467
LogOnline: OSS: TryLoadSubsystemAndSetDefault: Loaded subsystem for module [NULL]
LogOculusPluginWrapper: OculusPlugin initialized successfully
LogHMD: Failed initializing OVRPlugin 1.59.0
LogInit: Build: ++UE4+Release-4.27-CL-18319896
LogInit: Engine Version: 4.27.2-18319896+++UE4+Release-4.27
LogInit: Compatible Engine Version: 4.27.0-17155196+++UE4+Release-4.27
LogInit: Net CL: 17155196
LogInit: OS: Windows 10 (Release 2009) (), CPU: Intel(R) Core(TM) i7-6700HQ CPU @ 2.60GHz, GPU: Intel(R) HD Graphics 530
LogInit: Compiled (64-bit): Nov 30 2021 07:12:08
LogInit: Compiled with Visual C++: 19.24.28315.00
LogInit: Build Configuration: Development
LogInit: Branch Name: ++UE4+Release-4.27
LogInit: Command Line: 
LogInit: Base Directory: D:/Apps/Unreal Installs/UE_4.27/Engine/Binaries/Win64/
LogInit: Allocator: TBB
LogInit: Installed Engine Build: 1
LogDevObjectVersion: Number of dev versions registered: 29
LogDevObjectVersion:   Dev-Blueprints (B0D832E4-1F89-4F0D-ACCF-7EB736FD4AA2): 10
LogDevObjectVersion:   Dev-Build (E1C64328-A22C-4D53-A36C-8E866417BD8C): 0
LogDevObjectVersion:   Dev-Core (375EC13C-06E4-48FB-B500-84F0262A717E): 4
LogDevObjectVersion:   Dev-Editor (E4B068ED-F494-42E9-A231-DA0B2E46BB41): 40
LogDevObjectVersion:   Dev-Framework (CFFC743F-43B0-4480-9391-14DF171D2073): 37
LogDevObjectVersion:   Dev-Mobile (B02B49B5-BB20-44E9-A304-32B752E40360): 3
LogDevObjectVersion:   Dev-Networking (A4E4105C-59A1-49B5-A7C5-40C4547EDFEE): 0
LogDevObjectVersion:   Dev-Online (39C831C9-5AE6-47DC-9A44-9C173E1C8E7C): 0
LogDevObjectVersion:   Dev-Physics (78F01B33-EBEA-4F98-B9B4-84EACCB95AA2): 14
LogDevObjectVersion:   Dev-Platform (6631380F-2D4D-43E0-8009-CF276956A95A): 0
LogDevObjectVersion:   Dev-Rendering (12F88B9F-8875-4AFC-A67C-D90C383ABD29): 45
LogDevObjectVersion:   Dev-Sequencer (7B5AE74C-D270-4C10-A958-57980B212A5A): 13
LogDevObjectVersion:   Dev-VR (D7296918-1DD6-4BDD-9DE2-64A83CC13884): 3
LogDevObjectVersion:   Dev-LoadTimes (C2A15278-BFE7-4AFE-6C17-90FF531DF755): 1
LogDevObjectVersion:   Private-Geometry (6EACA3D4-40EC-4CC1-B786-8BED09428FC5): 3
LogDevObjectVersion:   Dev-AnimPhys (29E575DD-E0A3-4627-9D10-D276232CDCEA): 17
LogDevObjectVersion:   Dev-Anim (AF43A65D-7FD3-4947-9873-3E8ED9C1BB05): 15
LogDevObjectVersion:   Dev-ReflectionCapture (6B266CEC-1EC7-4B8F-A30B-E4D90942FC07): 1
LogDevObjectVersion:   Dev-Automation (0DF73D61-A23F-47EA-B727-89E90C41499A): 1
LogDevObjectVersion:   FortniteMain (601D1886-AC64-4F84-AA16-D3DE0DEAC7D6): 47
LogDevObjectVersion:   FortniteRelease (E7086368-6B23-4C58-8439-1B7016265E91): 1
LogDevObjectVersion:   Dev-Enterprise (9DFFBCD6-494F-0158-E221-12823C92A888): 10
LogDevObjectVersion:   Dev-Niagara (F2AED0AC-9AFE-416F-8664-AA7FFA26D6FC): 1
LogDevObjectVersion:   Dev-Destruction (174F1F0B-B4C6-45A5-B13F-2EE8D0FB917D): 10
LogDevObjectVersion:   Dev-Physics-Ext (35F94A83-E258-406C-A318-09F59610247C): 41
LogDevObjectVersion:   Dev-PhysicsMaterial-Chaos (B68FC16E-8B1B-42E2-B453-215C058844FE): 1
LogDevObjectVersion:   Dev-CineCamera (B2E18506-4273-CFC2-A54E-F4BB758BBA07): 1
LogDevObjectVersion:   Dev-VirtualProduction (64F58936-FD1B-42BA-BA96-7289D5D0FA4E): 1
LogDevObjectVersion:   Dev-MediaFramework (6F0ED827-A609-4895-9C91-998D90180EA4): 2
LogInit: Presizing for max 25165824 objects, including 0 objects not considered by GC, pre-allocating 0 bytes for permanent pool.
LogConfig: Applying CVar settings from Section [/Script/Engine.StreamingSettings] File [D:/Docs/UCSLP - Lap/5to Semestre/Motores/Bomberman_clone_UE4/Bomberman/Saved/Config/Windows/Engine.ini]
LogConfig: Setting CVar [[s.MinBulkDataSizeForAsyncLoading:131072]]
LogConfig: Setting CVar [[s.AsyncLoadingThreadEnabled:0]]
LogConfig: Setting CVar [[s.EventDrivenLoaderEnabled:1]]
LogConfig: Setting CVar [[s.WarnIfTimeLimitExceeded:0]]
LogConfig: Setting CVar [[s.TimeLimitExceededMultiplier:1.5]]
LogConfig: Setting CVar [[s.TimeLimitExceededMinTime:0.005]]
LogConfig: Setting CVar [[s.UseBackgroundLevelStreaming:1]]
LogConfig: Setting CVar [[s.PriorityAsyncLoadingExtraTime:15.0]]
LogConfig: Setting CVar [[s.LevelStreamingActorsUpdateTimeLimit:5.0]]
LogConfig: Setting CVar [[s.PriorityLevelStreamingActorsUpdateExtraTime:5.0]]
LogConfig: Setting CVar [[s.LevelStreamingComponentsRegistrationGranularity:10]]
LogConfig: Setting CVar [[s.UnregisterComponentsTimeLimit:1.0]]
LogConfig: Setting CVar [[s.LevelStreamingComponentsUnregistrationGranularity:5]]
LogConfig: Setting CVar [[s.FlushStreamingOnExit:1]]
LogInit: Object subsystem initialized
LogConfig: Setting CVar [[con.DebugEarlyDefault:1]]
LogConfig: Setting CVar [[r.setres:1280x720]]
[2023.10.30-20.23.45:317][  0]LogConfig: Setting CVar [[r.VSync:0]]
[2023.10.30-20.23.45:317][  0]LogConfig: Setting CVar [[r.RHICmdBypass:0]]
[2023.10.30-20.23.45:318][  0]LogConfig: Applying CVar settings from Section [/Script/Engine.RendererSettings] File [D:/Docs/UCSLP - Lap/5to Semestre/Motores/Bomberman_clone_UE4/Bomberman/Saved/Config/Windows/Engine.ini]
[2023.10.30-20.23.45:318][  0]LogConfig: Setting CVar [[r.GPUCrashDebugging:0]]
[2023.10.30-20.23.45:318][  0]LogConfig: Applying CVar settings from Section [/Script/Engine.RendererOverrideSettings] File [D:/Docs/UCSLP - Lap/5to Semestre/Motores/Bomberman_clone_UE4/Bomberman/Saved/Config/Windows/Engine.ini]
[2023.10.30-20.23.45:318][  0]LogConfig: Applying CVar settings from Section [/Script/Engine.StreamingSettings] File [D:/Docs/UCSLP - Lap/5to Semestre/Motores/Bomberman_clone_UE4/Bomberman/Saved/Config/Windows/Engine.ini]
[2023.10.30-20.23.45:318][  0]LogConfig: Setting CVar [[s.MinBulkDataSizeForAsyncLoading:131072]]
[2023.10.30-20.23.45:318][  0]LogConfig: Setting CVar [[s.AsyncLoadingThreadEnabled:0]]
[2023.10.30-20.23.45:318][  0]LogConfig: Setting CVar [[s.EventDrivenLoaderEnabled:1]]
[2023.10.30-20.23.45:318][  0]LogConfig: Setting CVar [[s.WarnIfTimeLimitExceeded:0]]
[2023.10.30-20.23.45:318][  0]LogConfig: Setting CVar [[s.TimeLimitExceededMultiplier:1.5]]
[2023.10.30-20.23.45:318][  0]LogConfig: Setting CVar [[s.TimeLimitExceededMinTime:0.005]]
[2023.10.30-20.23.45:318][  0]LogConfig: Setting CVar [[s.UseBackgroundLevelStreaming:1]]
[2023.10.30-20.23.45:318][  0]LogConfig: Setting CVar [[s.PriorityAsyncLoadingExtraTime:15.0]]
[2023.10.30-20.23.45:318][  0]LogConfig: Setting CVar [[s.LevelStreamingActorsUpdateTimeLimit:5.0]]
[2023.10.30-20.23.45:318][  0]LogConfig: Setting CVar [[s.PriorityLevelStreamingActorsUpdateExtraTime:5.0]]
[2023.10.30-20.23.45:318][  0]LogConfig: Setting CVar [[s.LevelStreamingComponentsRegistrationGranularity:10]]
[2023.10.30-20.23.45:318][  0]LogConfig: Setting CVar [[s.UnregisterComponentsTimeLimit:1.0]]
[2023.10.30-20.23.45:318][  0]LogConfig: Setting CVar [[s.LevelStreamingComponentsUnregistrationGranularity:5]]
[2023.10.30-20.23.45:318][  0]LogConfig: Setting CVar [[s.FlushStreamingOnExit:1]]
[2023.10.30-20.23.45:318][  0]LogConfig: Applying CVar settings from Section [/Script/Engine.GarbageCollectionSettings] File [D:/Docs/UCSLP - Lap/5to Semestre/Motores/Bomberman_clone_UE4/Bomberman/Saved/Config/Windows/Engine.ini]
[2023.10.30-20.23.45:318][  0]LogConfig: Setting CVar [[gc.MaxObjectsNotConsideredByGC:1]]
[2023.10.30-20.23.45:318][  0]LogConfig: Setting CVar [[gc.SizeOfPermanentObjectPool:0]]
[2023.10.30-20.23.45:318][  0]LogConfig: Setting CVar [[gc.FlushStreamingOnGC:0]]
[2023.10.30-20.23.45:318][  0]LogConfig: Setting CVar [[gc.NumRetriesBeforeForcingGC:10]]
[2023.10.30-20.23.45:318][  0]LogConfig: Setting CVar [[gc.AllowParallelGC:1]]
[2023.10.30-20.23.45:318][  0]LogConfig: Setting CVar [[gc.TimeBetweenPurgingPendingKillObjects:61.1]]
[2023.10.30-20.23.45:318][  0]LogConfig: Setting CVar [[gc.MaxObjectsInEditor:25165824]]
[2023.10.30-20.23.45:318][  0]LogConfig: Setting CVar [[gc.IncrementalBeginDestroyEnabled:1]]
[2023.10.30-20.23.45:318][  0]LogConfig: Setting CVar [[gc.CreateGCClusters:1]]
[2023.10.30-20.23.45:318][  0]LogConfig: Setting CVar [[gc.MinGCClusterSize:5]]
[2023.10.30-20.23.45:318][  0]LogConfig: Setting CVar [[gc.ActorClusteringEnabled:0]]
[2023.10.30-20.23.45:318][  0]LogConfig: Setting CVar [[gc.BlueprintClusteringEnabled:0]]
[2023.10.30-20.23.45:318][  0]LogConfig: Setting CVar [[gc.UseDisregardForGCOnDedicatedServers:0]]
[2023.10.30-20.23.45:318][  0]LogConfig: Setting CVar [[gc.MultithreadedDestructionEnabled:1]]
[2023.10.30-20.23.45:318][  0]LogConfig: Applying CVar settings from Section [/Script/Engine.NetworkSettings] File [D:/Docs/UCSLP - Lap/5to Semestre/Motores/Bomberman_clone_UE4/Bomberman/Saved/Config/Windows/Engine.ini]
[2023.10.30-20.23.45:318][  0]LogConfig: Applying CVar settings from Section [/Script/UnrealEd.CookerSettings] File [D:/Docs/UCSLP - Lap/5to Semestre/Motores/Bomberman_clone_UE4/Bomberman/Saved/Config/Windows/Engine.ini]
[2023.10.30-20.23.45:338][  0]LogConfig: Applying CVar settings from Section [ViewDistanceQuality@3] File [D:/Docs/UCSLP - Lap/5to Semestre/Motores/Bomberman_clone_UE4/Bomberman/Saved/Config/Windows/Scalability.ini]
[2023.10.30-20.23.45:338][  0]LogConfig: Setting CVar [[r.SkeletalMeshLODBias:0]]
[2023.10.30-20.23.45:338][  0]LogConfig: Setting CVar [[r.ViewDistanceScale:1.0]]
[2023.10.30-20.23.45:338][  0]LogConfig: Applying CVar settings from Section [AntiAliasingQuality@3] File [D:/Docs/UCSLP - Lap/5to Semestre/Motores/Bomberman_clone_UE4/Bomberman/Saved/Config/Windows/Scalability.ini]
[2023.10.30-20.23.45:338][  0]LogConfig: Setting CVar [[r.PostProcessAAQuality:4]]
[2023.10.30-20.23.45:338][  0]LogConfig: Applying CVar settings from Section [ShadowQuality@3] File [D:/Docs/UCSLP - Lap/5to Semestre/Motores/Bomberman_clone_UE4/Bomberman/Saved/Config/Windows/Scalability.ini]
[2023.10.30-20.23.45:339][  0]LogConfig: Setting CVar [[r.LightFunctionQuality:1]]
[2023.10.30-20.23.45:339][  0]LogConfig: Setting CVar [[r.ShadowQuality:5]]
[2023.10.30-20.23.45:339][  0]LogConfig: Setting CVar [[r.Shadow.CSM.MaxCascades:10]]
[2023.10.30-20.23.45:339][  0]LogConfig: Setting CVar [[r.Shadow.MaxResolution:2048]]
[2023.10.30-20.23.45:339][  0]LogConfig: Setting CVar [[r.Shadow.MaxCSMResolution:2048]]
[2023.10.30-20.23.45:339][  0]LogConfig: Setting CVar [[r.Shadow.RadiusThreshold:0.01]]
[2023.10.30-20.23.45:339][  0]LogConfig: Setting CVar [[r.Shadow.DistanceScale:1.0]]
[2023.10.30-20.23.45:339][  0]LogConfig: Setting CVar [[r.Shadow.CSM.TransitionScale:1.0]]
[2023.10.30-20.23.45:339][  0]LogConfig: Setting CVar [[r.Shadow.PreShadowResolutionFactor:1.0]]
[2023.10.30-20.23.45:339][  0]LogConfig: Setting CVar [[r.DistanceFieldShadowing:1]]
[2023.10.30-20.23.45:339][  0]LogConfig: Setting CVar [[r.DistanceFieldAO:1]]
[2023.10.30-20.23.45:339][  0]LogConfig: Setting CVar [[r.AOQuality:2]]
[2023.10.30-20.23.45:339][  0]LogConfig: Setting CVar [[r.VolumetricFog:1]]
[2023.10.30-20.23.45:339][  0]LogConfig: Setting CVar [[r.VolumetricFog.GridPixelSize:8]]
[2023.10.30-20.23.45:339][  0]LogConfig: Setting CVar [[r.VolumetricFog.GridSizeZ:128]]
[2023.10.30-20.23.45:339][  0]LogConfig: Setting CVar [[r.VolumetricFog.HistoryMissSupersampleCount:4]]
[2023.10.30-20.23.45:339][  0]LogConfig: Setting CVar [[r.LightMaxDrawDistanceScale:1]]
[2023.10.30-20.23.45:339][  0]LogConfig: Setting CVar [[r.CapsuleShadows:1]]
[2023.10.30-20.23.45:339][  0]LogConfig: Applying CVar settings from Section [PostProcessQuality@3] File [D:/Docs/UCSLP - Lap/5to Semestre/Motores/Bomberman_clone_UE4/Bomberman/Saved/Config/Windows/Scalability.ini]
[2023.10.30-20.23.45:339][  0]LogConfig: Setting CVar [[r.MotionBlurQuality:4]]
[2023.10.30-20.23.45:339][  0]LogConfig: Setting CVar [[r.AmbientOcclusionMipLevelFactor:0.4]]
[2023.10.30-20.23.45:339][  0]LogConfig: Setting CVar [[r.AmbientOcclusionMaxQuality:100]]
[2023.10.30-20.23.45:339][  0]LogConfig: Setting CVar [[r.AmbientOcclusionLevels:-1]]
[2023.10.30-20.23.45:339][  0]LogConfig: Setting CVar [[r.AmbientOcclusionRadiusScale:1.0]]
[2023.10.30-20.23.45:339][  0]LogConfig: Setting CVar [[r.DepthOfFieldQuality:2]]
[2023.10.30-20.23.45:339][  0]LogConfig: Setting CVar [[r.RenderTargetPoolMin:400]]
[2023.10.30-20.23.45:339][  0]LogConfig: Setting CVar [[r.LensFlareQuality:2]]
[2023.10.30-20.23.45:339][  0]LogConfig: Setting CVar [[r.SceneColorFringeQuality:1]]
[2023.10.30-20.23.45:339][  0]LogConfig: Setting CVar [[r.EyeAdaptationQuality:2]]
[2023.10.30-20.23.45:339][  0]LogConfig: Setting CVar [[r.BloomQuality:5]]
[2023.10.30-20.23.45:339][  0]LogConfig: Setting CVar [[r.FastBlurThreshold:100]]
[2023.10.30-20.23.45:339][  0]LogConfig: Setting CVar [[r.Upscale.Quality:3]]
[2023.10.30-20.23.45:339][  0]LogConfig: Setting CVar [[r.Tonemapper.GrainQuantization:1]]
[2023.10.30-20.23.45:339][  0]LogConfig: Setting CVar [[r.LightShaftQuality:1]]
[2023.10.30-20.23.45:339][  0]LogConfig: Setting CVar [[r.Filter.SizeScale:1]]
[2023.10.30-20.23.45:339][  0]LogConfig: Setting CVar [[r.Tonemapper.Quality:5]]
[2023.10.30-20.23.45:339][  0]LogConfig: Setting CVar [[r.DOF.Gather.AccumulatorQuality:1        ; higher gathering accumulator quality]]
[2023.10.30-20.23.45:339][  0]LogConfig: Setting CVar [[r.DOF.Gather.PostfilterMethod:1          ; Median3x3 postfilering method]]
[2023.10.30-20.23.45:339][  0]LogConfig: Setting CVar [[r.DOF.Gather.EnableBokehSettings:0       ; no bokeh simulation when gathering]]
[2023.10.30-20.23.45:339][  0]LogConfig: Setting CVar [[r.DOF.Gather.RingCount:4                 ; medium number of samples when gathering]]
[2023.10.30-20.23.45:339][  0]LogConfig: Setting CVar [[r.DOF.Scatter.ForegroundCompositing:1    ; additive foreground scattering]]
[2023.10.30-20.23.45:339][  0]LogConfig: Setting CVar [[r.DOF.Scatter.BackgroundCompositing:2    ; additive background scattering]]
[2023.10.30-20.23.45:339][  0]LogConfig: Setting CVar [[r.DOF.Scatter.EnableBokehSettings:1      ; bokeh simulation when scattering]]
[2023.10.30-20.23.45:339][  0]LogConfig: Setting CVar [[r.DOF.Scatter.MaxSpriteRatio:0.1         ; only a maximum of 10% of scattered bokeh]]
[2023.10.30-20.23.45:339][  0]LogConfig: Setting CVar [[r.DOF.Recombine.Quality:1                ; cheap slight out of focus]]
[2023.10.30-20.23.45:339][  0]LogConfig: Setting CVar [[r.DOF.Recombine.EnableBokehSettings:0    ; no bokeh simulation on slight out of focus]]
[2023.10.30-20.23.45:339][  0]LogConfig: Setting CVar [[r.DOF.TemporalAAQuality:1                ; more stable temporal accumulation]]
[2023.10.30-20.23.45:339][  0]LogConfig: Setting CVar [[r.DOF.Kernel.MaxForegroundRadius:0.025]]
[2023.10.30-20.23.45:339][  0]LogConfig: Setting CVar [[r.DOF.Kernel.MaxBackgroundRadius:0.025]]
[2023.10.30-20.23.45:339][  0]LogConfig: Applying CVar settings from Section [TextureQuality@3] File [D:/Docs/UCSLP - Lap/5to Semestre/Motores/Bomberman_clone_UE4/Bomberman/Saved/Config/Windows/Scalability.ini]
[2023.10.30-20.23.45:339][  0]LogConfig: Setting CVar [[r.Streaming.MipBias:0]]
[2023.10.30-20.23.45:339][  0]LogConfig: Setting CVar [[r.Streaming.AmortizeCPUToGPUCopy:0]]
[2023.10.30-20.23.45:339][  0]LogConfig: Setting CVar [[r.Streaming.MaxNumTexturesToStreamPerFrame:0]]
[2023.10.30-20.23.45:339][  0]LogConfig: Setting CVar [[r.Streaming.Boost:1]]
[2023.10.30-20.23.45:339][  0]LogConfig: Setting CVar [[r.MaxAnisotropy:8]]
[2023.10.30-20.23.45:339][  0]LogConfig: Setting CVar [[r.VT.MaxAnisotropy:8]]
[2023.10.30-20.23.45:339][  0]LogConfig: Setting CVar [[r.Streaming.LimitPoolSizeToVRAM:0]]
[2023.10.30-20.23.45:340][  0]LogConfig: Setting CVar [[r.Streaming.PoolSize:1000]]
[2023.10.30-20.23.45:340][  0]LogConfig: Setting CVar [[r.Streaming.MaxEffectiveScreenSize:0]]
[2023.10.30-20.23.45:340][  0]LogConfig: Applying CVar settings from Section [EffectsQuality@3] File [D:/Docs/UCSLP - Lap/5to Semestre/Motores/Bomberman_clone_UE4/Bomberman/Saved/Config/Windows/Scalability.ini]
[2023.10.30-20.23.45:340][  0]LogConfig: Setting CVar [[r.TranslucencyLightingVolumeDim:64]]
[2023.10.30-20.23.45:340][  0]LogConfig: Setting CVar [[r.RefractionQuality:2]]
[2023.10.30-20.23.45:340][  0]LogConfig: Setting CVar [[r.SSR.Quality:3]]
[2023.10.30-20.23.45:340][  0]LogConfig: Setting CVar [[r.SSR.HalfResSceneColor:0]]
[2023.10.30-20.23.45:340][  0]LogConfig: Setting CVar [[r.SceneColorFormat:4]]
[2023.10.30-20.23.45:340][  0]LogConfig: Setting CVar [[r.DetailMode:2]]
[2023.10.30-20.23.45:340][  0]LogConfig: Setting CVar [[r.TranslucencyVolumeBlur:1]]
[2023.10.30-20.23.45:340][  0]LogConfig: Setting CVar [[r.MaterialQualityLevel:1 ; High quality]]
[2023.10.30-20.23.45:340][  0]LogConfig: Setting CVar [[r.AnisotropicMaterials:1]]
[2023.10.30-20.23.45:340][  0]LogConfig: Setting CVar [[r.SSS.Scale:1]]
[2023.10.30-20.23.45:340][  0]LogConfig: Setting CVar [[r.SSS.SampleSet:2]]
[2023.10.30-20.23.45:340][  0]LogConfig: Setting CVar [[r.SSS.Quality:1]]
[2023.10.30-20.23.45:340][  0]LogConfig: Setting CVar [[r.SSS.HalfRes:0]]
[2023.10.30-20.23.45:340][  0]LogConfig: Setting CVar [[r.SSGI.Quality:3]]
[2023.10.30-20.23.45:340][  0]LogConfig: Setting CVar [[r.EmitterSpawnRateScale:1.0]]
[2023.10.30-20.23.45:340][  0]LogConfig: Setting CVar [[r.ParticleLightQuality:2]]
[2023.10.30-20.23.45:340][  0]LogConfig: Setting CVar [[r.SkyAtmosphere.AerialPerspectiveLUT.FastApplyOnOpaque:1 ; Always have FastSkyLUT 1 in this case to avoid wrong sky]]
[2023.10.30-20.23.45:340][  0]LogConfig: Setting CVar [[r.SkyAtmosphere.AerialPerspectiveLUT.SampleCountMaxPerSlice:4]]
[2023.10.30-20.23.45:340][  0]LogConfig: Setting CVar [[r.SkyAtmosphere.AerialPerspectiveLUT.DepthResolution:16.0]]
[2023.10.30-20.23.45:340][  0]LogConfig: Setting CVar [[r.SkyAtmosphere.FastSkyLUT:1]]
[2023.10.30-20.23.45:340][  0]LogConfig: Setting CVar [[r.SkyAtmosphere.FastSkyLUT.SampleCountMin:4.0]]
[2023.10.30-20.23.45:340][  0]LogConfig: Setting CVar [[r.SkyAtmosphere.FastSkyLUT.SampleCountMax:128.0]]
[2023.10.30-20.23.45:340][  0]LogConfig: Setting CVar [[r.SkyAtmosphere.SampleCountMin:4.0]]
[2023.10.30-20.23.45:340][  0]LogConfig: Setting CVar [[r.SkyAtmosphere.SampleCountMax:128.0]]
[2023.10.30-20.23.45:340][  0]LogConfig: Setting CVar [[r.SkyAtmosphere.TransmittanceLUT.UseSmallFormat:0]]
[2023.10.30-20.23.45:340][  0]LogConfig: Setting CVar [[r.SkyAtmosphere.TransmittanceLUT.SampleCount:10.0]]
[2023.10.30-20.23.45:340][  0]LogConfig: Setting CVar [[r.SkyAtmosphere.MultiScatteringLUT.SampleCount:15.0]]
[2023.10.30-20.23.45:340][  0]LogConfig: Setting CVar [[r.SkyLight.RealTimeReflectionCapture:1]]
[2023.10.30-20.23.45:340][  0]LogConfig: Applying CVar settings from Section [FoliageQuality@3] File [D:/Docs/UCSLP - Lap/5to Semestre/Motores/Bomberman_clone_UE4/Bomberman/Saved/Config/Windows/Scalability.ini]
[2023.10.30-20.23.45:340][  0]LogConfig: Setting CVar [[foliage.DensityScale:1.0]]
[2023.10.30-20.23.45:340][  0]LogConfig: Setting CVar [[grass.DensityScale:1.0]]
[2023.10.30-20.23.45:340][  0]LogConfig: Applying CVar settings from Section [ShadingQuality@3] File [D:/Docs/UCSLP - Lap/5to Semestre/Motores/Bomberman_clone_UE4/Bomberman/Saved/Config/Windows/Scalability.ini]
[2023.10.30-20.23.45:340][  0]LogConfig: Setting CVar [[r.HairStrands.SkyLighting.IntegrationType:2]]
[2023.10.30-20.23.45:340][  0]LogConfig: Setting CVar [[r.HairStrands.SkyAO.SampleCount:4]]
[2023.10.30-20.23.45:340][  0]LogConfig: Setting CVar [[r.HairStrands.Visibility.MSAA.SamplePerPixel:4]]
[2023.10.30-20.23.45:340][  0]LogInit: Selected Device Profile: [Windows]
[2023.10.30-20.23.45:340][  0]LogInit: Applying CVar settings loaded from the selected device profile: [Windows]
[2023.10.30-20.23.45:340][  0]LogHAL: Display: Platform has ~ 16 GB [17010462720 / 17179869184 / 16], which maps to Larger [LargestMinGB=32, LargerMinGB=12, DefaultMinGB=8, SmallerMinGB=6, SmallestMinGB=0)
[2023.10.30-20.23.45:340][  0]LogInit: Going up to parent DeviceProfile []
[2023.10.30-20.23.45:340][  0]LogConfig: Applying CVar settings from Section [ViewDistanceQuality@3] File [D:/Docs/UCSLP - Lap/5to Semestre/Motores/Bomberman_clone_UE4/Bomberman/Saved/Config/Windows/Scalability.ini]
[2023.10.30-20.23.45:340][  0]LogConfig: Setting CVar [[r.SkeletalMeshLODBias:0]]
[2023.10.30-20.23.45:340][  0]LogConfig: Setting CVar [[r.ViewDistanceScale:1.0]]
[2023.10.30-20.23.45:341][  0]LogConfig: Applying CVar settings from Section [AntiAliasingQuality@3] File [D:/Docs/UCSLP - Lap/5to Semestre/Motores/Bomberman_clone_UE4/Bomberman/Saved/Config/Windows/Scalability.ini]
[2023.10.30-20.23.45:341][  0]LogConfig: Setting CVar [[r.PostProcessAAQuality:4]]
[2023.10.30-20.23.45:341][  0]LogConfig: Applying CVar settings from Section [ShadowQuality@3] File [D:/Docs/UCSLP - Lap/5to Semestre/Motores/Bomberman_clone_UE4/Bomberman/Saved/Config/Windows/Scalability.ini]
[2023.10.30-20.23.45:341][  0]LogConfig: Setting CVar [[r.LightFunctionQuality:1]]
[2023.10.30-20.23.45:341][  0]LogConfig: Setting CVar [[r.ShadowQuality:5]]
[2023.10.30-20.23.45:341][  0]LogConfig: Setting CVar [[r.Shadow.CSM.MaxCascades:10]]
[2023.10.30-20.23.45:341][  0]LogConfig: Setting CVar [[r.Shadow.MaxResolution:2048]]
[2023.10.30-20.23.45:341][  0]LogConfig: Setting CVar [[r.Shadow.MaxCSMResolution:2048]]
[2023.10.30-20.23.45:341][  0]LogConfig: Setting CVar [[r.Shadow.RadiusThreshold:0.01]]
[2023.10.30-20.23.45:341][  0]LogConfig: Setting CVar [[r.Shadow.DistanceScale:1.0]]
[2023.10.30-20.23.45:341][  0]LogConfig: Setting CVar [[r.Shadow.CSM.TransitionScale:1.0]]
[2023.10.30-20.23.45:341][  0]LogConfig: Setting CVar [[r.Shadow.PreShadowResolutionFactor:1.0]]
[2023.10.30-20.23.45:341][  0]LogConfig: Setting CVar [[r.DistanceFieldShadowing:1]]
[2023.10.30-20.23.45:341][  0]LogConfig: Setting CVar [[r.DistanceFieldAO:1]]
[2023.10.30-20.23.45:341][  0]LogConfig: Setting CVar [[r.AOQuality:2]]
[2023.10.30-20.23.45:341][  0]LogConfig: Setting CVar [[r.VolumetricFog:1]]
[2023.10.30-20.23.45:341][  0]LogConfig: Setting CVar [[r.VolumetricFog.GridPixelSize:8]]
[2023.10.30-20.23.45:341][  0]LogConfig: Setting CVar [[r.VolumetricFog.GridSizeZ:128]]
[2023.10.30-20.23.45:341][  0]LogConfig: Setting CVar [[r.VolumetricFog.HistoryMissSupersampleCount:4]]
[2023.10.30-20.23.45:341][  0]LogConfig: Setting CVar [[r.LightMaxDrawDistanceScale:1]]
[2023.10.30-20.23.45:341][  0]LogConfig: Setting CVar [[r.CapsuleShadows:1]]
[2023.10.30-20.23.45:341][  0]LogConfig: Applying CVar settings from Section [PostProcessQuality@3] File [D:/Docs/UCSLP - Lap/5to Semestre/Motores/Bomberman_clone_UE4/Bomberman/Saved/Config/Windows/Scalability.ini]
[2023.10.30-20.23.45:341][  0]LogConfig: Setting CVar [[r.MotionBlurQuality:4]]
[2023.10.30-20.23.45:341][  0]LogConfig: Setting CVar [[r.AmbientOcclusionMipLevelFactor:0.4]]
[2023.10.30-20.23.45:341][  0]LogConfig: Setting CVar [[r.AmbientOcclusionMaxQuality:100]]
[2023.10.30-20.23.45:341][  0]LogConfig: Setting CVar [[r.AmbientOcclusionLevels:-1]]
[2023.10.30-20.23.45:341][  0]LogConfig: Setting CVar [[r.AmbientOcclusionRadiusScale:1.0]]
[2023.10.30-20.23.45:341][  0]LogConfig: Setting CVar [[r.DepthOfFieldQuality:2]]
[2023.10.30-20.23.45:341][  0]LogConfig: Setting CVar [[r.RenderTargetPoolMin:400]]
[2023.10.30-20.23.45:341][  0]LogConfig: Setting CVar [[r.LensFlareQuality:2]]
[2023.10.30-20.23.45:341][  0]LogConfig: Setting CVar [[r.SceneColorFringeQuality:1]]
[2023.10.30-20.23.45:341][  0]LogConfig: Setting CVar [[r.EyeAdaptationQuality:2]]
[2023.10.30-20.23.45:341][  0]LogConfig: Setting CVar [[r.BloomQuality:5]]
[2023.10.30-20.23.45:341][  0]LogConfig: Setting CVar [[r.FastBlurThreshold:100]]
[2023.10.30-20.23.45:341][  0]LogConfig: Setting CVar [[r.Upscale.Quality:3]]
[2023.10.30-20.23.45:341][  0]LogConfig: Setting CVar [[r.Tonemapper.GrainQuantization:1]]
[2023.10.30-20.23.45:341][  0]LogConfig: Setting CVar [[r.LightShaftQuality:1]]
[2023.10.30-20.23.45:341][  0]LogConfig: Setting CVar [[r.Filter.SizeScale:1]]
[2023.10.30-20.23.45:341][  0]LogConfig: Setting CVar [[r.Tonemapper.Quality:5]]
[2023.10.30-20.23.45:341][  0]LogConfig: Setting CVar [[r.DOF.Gather.AccumulatorQuality:1        ; higher gathering accumulator quality]]
[2023.10.30-20.23.45:341][  0]LogConfig: Setting CVar [[r.DOF.Gather.PostfilterMethod:1          ; Median3x3 postfilering method]]
[2023.10.30-20.23.45:341][  0]LogConfig: Setting CVar [[r.DOF.Gather.EnableBokehSettings:0       ; no bokeh simulation when gathering]]
[2023.10.30-20.23.45:341][  0]LogConfig: Setting CVar [[r.DOF.Gather.RingCount:4                 ; medium number of samples when gathering]]
[2023.10.30-20.23.45:341][  0]LogConfig: Setting CVar [[r.DOF.Scatter.ForegroundCompositing:1    ; additive foreground scattering]]
[2023.10.30-20.23.45:341][  0]LogConfig: Setting CVar [[r.DOF.Scatter.BackgroundCompositing:2    ; additive background scattering]]
[2023.10.30-20.23.45:341][  0]LogConfig: Setting CVar [[r.DOF.Scatter.EnableBokehSettings:1      ; bokeh simulation when scattering]]
[2023.10.30-20.23.45:341][  0]LogConfig: Setting CVar [[r.DOF.Scatter.MaxSpriteRatio:0.1         ; only a maximum of 10% of scattered bokeh]]
[2023.10.30-20.23.45:341][  0]LogConfig: Setting CVar [[r.DOF.Recombine.Quality:1                ; cheap slight out of focus]]
[2023.10.30-20.23.45:341][  0]LogConfig: Setting CVar [[r.DOF.Recombine.EnableBokehSettings:0    ; no bokeh simulation on slight out of focus]]
[2023.10.30-20.23.45:341][  0]LogConfig: Setting CVar [[r.DOF.TemporalAAQuality:1                ; more stable temporal accumulation]]
[2023.10.30-20.23.45:341][  0]LogConfig: Setting CVar [[r.DOF.Kernel.MaxForegroundRadius:0.025]]
[2023.10.30-20.23.45:341][  0]LogConfig: Setting CVar [[r.DOF.Kernel.MaxBackgroundRadius:0.025]]
[2023.10.30-20.23.45:341][  0]LogConfig: Applying CVar settings from Section [TextureQuality@3] File [D:/Docs/UCSLP - Lap/5to Semestre/Motores/Bomberman_clone_UE4/Bomberman/Saved/Config/Windows/Scalability.ini]
[2023.10.30-20.23.45:342][  0]LogConfig: Setting CVar [[r.Streaming.MipBias:0]]
[2023.10.30-20.23.45:342][  0]LogConfig: Setting CVar [[r.Streaming.AmortizeCPUToGPUCopy:0]]
[2023.10.30-20.23.45:342][  0]LogConfig: Setting CVar [[r.Streaming.MaxNumTexturesToStreamPerFrame:0]]
[2023.10.30-20.23.45:342][  0]LogConfig: Setting CVar [[r.Streaming.Boost:1]]
[2023.10.30-20.23.45:342][  0]LogConfig: Setting CVar [[r.MaxAnisotropy:8]]
[2023.10.30-20.23.45:342][  0]LogConfig: Setting CVar [[r.VT.MaxAnisotropy:8]]
[2023.10.30-20.23.45:342][  0]LogConfig: Setting CVar [[r.Streaming.LimitPoolSizeToVRAM:0]]
[2023.10.30-20.23.45:342][  0]LogConfig: Setting CVar [[r.Streaming.PoolSize:1000]]
[2023.10.30-20.23.45:342][  0]LogConfig: Setting CVar [[r.Streaming.MaxEffectiveScreenSize:0]]
[2023.10.30-20.23.45:342][  0]LogConfig: Applying CVar settings from Section [EffectsQuality@3] File [D:/Docs/UCSLP - Lap/5to Semestre/Motores/Bomberman_clone_UE4/Bomberman/Saved/Config/Windows/Scalability.ini]
[2023.10.30-20.23.45:342][  0]LogConfig: Setting CVar [[r.TranslucencyLightingVolumeDim:64]]
[2023.10.30-20.23.45:342][  0]LogConfig: Setting CVar [[r.RefractionQuality:2]]
[2023.10.30-20.23.45:342][  0]LogConfig: Setting CVar [[r.SSR.Quality:3]]
[2023.10.30-20.23.45:342][  0]LogConfig: Setting CVar [[r.SSR.HalfResSceneColor:0]]
[2023.10.30-20.23.45:342][  0]LogConfig: Setting CVar [[r.SceneColorFormat:4]]
[2023.10.30-20.23.45:342][  0]LogConfig: Setting CVar [[r.DetailMode:2]]
[2023.10.30-20.23.45:342][  0]LogConfig: Setting CVar [[r.TranslucencyVolumeBlur:1]]
[2023.10.30-20.23.45:342][  0]LogConfig: Setting CVar [[r.MaterialQualityLevel:1 ; High quality]]
[2023.10.30-20.23.45:342][  0]LogConfig: Setting CVar [[r.AnisotropicMaterials:1]]
[2023.10.30-20.23.45:342][  0]LogConfig: Setting CVar [[r.SSS.Scale:1]]
[2023.10.30-20.23.45:342][  0]LogConfig: Setting CVar [[r.SSS.SampleSet:2]]
[2023.10.30-20.23.45:342][  0]LogConfig: Setting CVar [[r.SSS.Quality:1]]
[2023.10.30-20.23.45:342][  0]LogConfig: Setting CVar [[r.SSS.HalfRes:0]]
[2023.10.30-20.23.45:342][  0]LogConfig: Setting CVar [[r.SSGI.Quality:3]]
[2023.10.30-20.23.45:342][  0]LogConfig: Setting CVar [[r.EmitterSpawnRateScale:1.0]]
[2023.10.30-20.23.45:342][  0]LogConfig: Setting CVar [[r.ParticleLightQuality:2]]
[2023.10.30-20.23.45:342][  0]LogConfig: Setting CVar [[r.SkyAtmosphere.AerialPerspectiveLUT.FastApplyOnOpaque:1 ; Always have FastSkyLUT 1 in this case to avoid wrong sky]]
[2023.10.30-20.23.45:342][  0]LogConfig: Setting CVar [[r.SkyAtmosphere.AerialPerspectiveLUT.SampleCountMaxPerSlice:4]]
[2023.10.30-20.23.45:342][  0]LogConfig: Setting CVar [[r.SkyAtmosphere.AerialPerspectiveLUT.DepthResolution:16.0]]
[2023.10.30-20.23.45:342][  0]LogConfig: Setting CVar [[r.SkyAtmosphere.FastSkyLUT:1]]
[2023.10.30-20.23.45:342][  0]LogConfig: Setting CVar [[r.SkyAtmosphere.FastSkyLUT.SampleCountMin:4.0]]
[2023.10.30-20.23.45:342][  0]LogConfig: Setting CVar [[r.SkyAtmosphere.FastSkyLUT.SampleCountMax:128.0]]
[2023.10.30-20.23.45:342][  0]LogConfig: Setting CVar [[r.SkyAtmosphere.SampleCountMin:4.0]]
[2023.10.30-20.23.45:342][  0]LogConfig: Setting CVar [[r.SkyAtmosphere.SampleCountMax:128.0]]
[2023.10.30-20.23.45:342][  0]LogConfig: Setting CVar [[r.SkyAtmosphere.TransmittanceLUT.UseSmallFormat:0]]
[2023.10.30-20.23.45:342][  0]LogConfig: Setting CVar [[r.SkyAtmosphere.TransmittanceLUT.SampleCount:10.0]]
[2023.10.30-20.23.45:342][  0]LogConfig: Setting CVar [[r.SkyAtmosphere.MultiScatteringLUT.SampleCount:15.0]]
[2023.10.30-20.23.45:342][  0]LogConfig: Setting CVar [[r.SkyLight.RealTimeReflectionCapture:1]]
[2023.10.30-20.23.45:342][  0]LogConfig: Applying CVar settings from Section [FoliageQuality@3] File [D:/Docs/UCSLP - Lap/5to Semestre/Motores/Bomberman_clone_UE4/Bomberman/Saved/Config/Windows/Scalability.ini]
[2023.10.30-20.23.45:342][  0]LogConfig: Setting CVar [[foliage.DensityScale:1.0]]
[2023.10.30-20.23.45:342][  0]LogConfig: Setting CVar [[grass.DensityScale:1.0]]
[2023.10.30-20.23.45:342][  0]LogConfig: Applying CVar settings from Section [ShadingQuality@3] File [D:/Docs/UCSLP - Lap/5to Semestre/Motores/Bomberman_clone_UE4/Bomberman/Saved/Config/Windows/Scalability.ini]
[2023.10.30-20.23.45:342][  0]LogConfig: Setting CVar [[r.HairStrands.SkyLighting.IntegrationType:2]]
[2023.10.30-20.23.45:342][  0]LogConfig: Setting CVar [[r.HairStrands.SkyAO.SampleCount:4]]
[2023.10.30-20.23.45:342][  0]LogConfig: Setting CVar [[r.HairStrands.Visibility.MSAA.SamplePerPixel:4]]
[2023.10.30-20.23.45:342][  0]LogConfig: Applying CVar settings from Section [Startup] File [../../../Engine/Config/ConsoleVariables.ini]
[2023.10.30-20.23.45:343][  0]LogConfig: Setting CVar [[net.UseAdaptiveNetUpdateFrequency:0]]
[2023.10.30-20.23.45:343][  0]LogConfig: Setting CVar [[p.chaos.AllowCreatePhysxBodies:1]]
[2023.10.30-20.23.45:343][  0]LogConfig: Setting CVar [[fx.SkipVectorVMBackendOptimizations:1]]
[2023.10.30-20.23.45:343][  0]LogConfig: Applying CVar settings from Section [ConsoleVariables] File [D:/Docs/UCSLP - Lap/5to Semestre/Motores/Bomberman_clone_UE4/Bomberman/Saved/Config/Windows/Engine.ini]
[2023.10.30-20.23.45:343][  0]LogConfig: Applying CVar settings from Section [ConsoleVariables] File [D:/Docs/UCSLP - Lap/5to Semestre/Motores/Bomberman_clone_UE4/Bomberman/Saved/Config/Windows/Editor.ini]
[2023.10.30-20.23.45:343][  0]LogInit: Computer: DESKTOP-T7PRRKI
[2023.10.30-20.23.45:343][  0]LogInit: User: alexc
[2023.10.30-20.23.45:343][  0]LogInit: CPU Page size=4096, Cores=4
[2023.10.30-20.23.45:343][  0]LogInit: High frequency timer resolution =10.000000 MHz
[2023.10.30-20.23.45:343][  0]LogMemory: Memory total: Physical=15.8GB (16GB approx)
[2023.10.30-20.23.45:343][  0]LogMemory: Platform Memory Stats for Windows
[2023.10.30-20.23.45:343][  0]LogMemory: Process Physical Memory: 140.53 MB used, 140.54 MB peak
[2023.10.30-20.23.45:343][  0]LogMemory: Process Virtual Memory: 124.44 MB used, 124.44 MB peak
[2023.10.30-20.23.45:343][  0]LogMemory: Physical Memory: 9184.28 MB used,  7038.16 MB free, 16222.44 MB total
[2023.10.30-20.23.45:343][  0]LogMemory: Virtual Memory: 134212408.00 MB used,  5317.93 MB free, 134217728.00 MB total
[2023.10.30-20.23.45:352][  0]LogWindows: WindowsPlatformFeatures enabled
[2023.10.30-20.23.45:419][  0]LogInit: Physics initialised using underlying interface: PhysX
[2023.10.30-20.23.45:419][  0]LogInit: Using OS detected language (es-MX).
[2023.10.30-20.23.45:420][  0]LogInit: Using OS detected locale (es-MX).
[2023.10.30-20.23.45:422][  0]LogTextLocalizationResource: LocRes '../../../Engine/Content/Localization/Editor/es-MX/Editor.locres' could not be opened for reading!
[2023.10.30-20.23.45:422][  0]LogTextLocalizationResource: LocRes '../../../Engine/Content/Localization/EditorTutorials/es-MX/EditorTutorials.locres' could not be opened for reading!
[2023.10.30-20.23.45:422][  0]LogTextLocalizationResource: LocRes '../../../Engine/Content/Localization/Keywords/es-MX/Keywords.locres' could not be opened for reading!
[2023.10.30-20.23.45:422][  0]LogTextLocalizationResource: LocRes '../../../Engine/Content/Localization/Category/es-MX/Category.locres' could not be opened for reading!
[2023.10.30-20.23.45:422][  0]LogTextLocalizationResource: LocRes '../../../Engine/Content/Localization/ToolTips/es-MX/ToolTips.locres' could not be opened for reading!
[2023.10.30-20.23.45:422][  0]LogTextLocalizationResource: LocRes '../../../Engine/Content/Localization/PropertyNames/es-MX/PropertyNames.locres' could not be opened for reading!
[2023.10.30-20.23.45:422][  0]LogTextLocalizationResource: LocRes '../../../Engine/Content/Localization/Engine/es-MX/Engine.locres' could not be opened for reading!
[2023.10.30-20.23.45:423][  0]LogTextLocalizationResource: LocRes '../../../Engine/Plugins/Online/OnlineSubsystemUtils/Content/Localization/OnlineSubsystemUtils/es-MX/OnlineSubsystemUtils.locres' could not be opened for reading!
[2023.10.30-20.23.45:423][  0]LogTextLocalizationResource: LocRes '../../../Engine/Plugins/Online/Android/OnlineSubsystemGooglePlay/Content/Localization/OnlineSubsystemGooglePlay/es-MX/OnlineSubsystemGooglePlay.locres' could not be opened for reading!
[2023.10.30-20.23.45:423][  0]LogTextLocalizationResource: LocRes '../../../Engine/Plugins/Online/IOS/OnlineSubsystemIOS/Content/Localization/OnlineSubsystemIOS/es-MX/OnlineSubsystemIOS.locres' could not be opened for reading!
[2023.10.30-20.23.45:474][  0]LogInit: Setting process to per monitor DPI aware
[2023.10.30-20.23.45:497][  0]LogWindowsTextInputMethodSystem: Display: IME system deactivated.
[2023.10.30-20.23.45:510][  0]LogSlate: New Slate User Created.  User Index 0, Is Virtual User: 0
[2023.10.30-20.23.45:510][  0]LogSlate: Slate User Registered.  User Index 0, Is Virtual User: 0
[2023.10.30-20.23.45:738][  0]LogD3D11RHI: Loaded GFSDK_Aftermath_Lib.x64.dll
[2023.10.30-20.23.45:830][  0]LogHMD: Failed to initialize OpenVR with code 110
[2023.10.30-20.23.45:830][  0]LogD3D11RHI: D3D11 min allowed feature level: 11_0
[2023.10.30-20.23.45:830][  0]LogD3D11RHI: D3D11 max allowed feature level: 11_0
[2023.10.30-20.23.45:830][  0]LogD3D11RHI: D3D11 adapters:
[2023.10.30-20.23.46:054][  0]LogD3D11RHI:    0. 'NVIDIA GeForce GTX 960M' (Feature Level 11_0)
[2023.10.30-20.23.46:054][  0]LogD3D11RHI:       4054/0/8111 MB DedicatedVideo/DedicatedSystem/SharedSystem, Outputs:1, VendorId:0x10de
[2023.10.30-20.23.46:090][  0]LogD3D11RHI:    1. 'Intel(R) HD Graphics 530' (Feature Level 11_0)
[2023.10.30-20.23.46:090][  0]LogD3D11RHI:       128/0/8111 MB DedicatedVideo/DedicatedSystem/SharedSystem, Outputs:0, VendorId:0x8086
[2023.10.30-20.23.46:094][  0]LogD3D11RHI:    2. 'Microsoft Basic Render Driver' (Feature Level 11_0)
[2023.10.30-20.23.46:094][  0]LogD3D11RHI:       0/0/8111 MB DedicatedVideo/DedicatedSystem/SharedSystem, Outputs:0, VendorId:0x1414
[2023.10.30-20.23.46:094][  0]LogD3D11RHI: Chosen D3D11 Adapter:
[2023.10.30-20.23.46:094][  0]LogD3D11RHI:     Description : NVIDIA GeForce GTX 960M
[2023.10.30-20.23.46:094][  0]LogD3D11RHI:     VendorId    : 10de
[2023.10.30-20.23.46:094][  0]LogD3D11RHI:     DeviceId    : 139b
[2023.10.30-20.23.46:094][  0]LogD3D11RHI:     SubSysId    : 7971028
[2023.10.30-20.23.46:094][  0]LogD3D11RHI:     Revision    : 00a2
[2023.10.30-20.23.46:094][  0]LogD3D11RHI:     DedicatedVideoMemory : 4251123712 bytes
[2023.10.30-20.23.46:094][  0]LogD3D11RHI:     DedicatedSystemMemory : 0 bytes
[2023.10.30-20.23.46:094][  0]LogD3D11RHI:     SharedSystemMemory : 8505231360 bytes
[2023.10.30-20.23.46:094][  0]LogD3D11RHI:     AdapterLuid : 0 80685
[2023.10.30-20.23.46:102][  0]LogD3D11RHI: Creating new Direct3DDevice
[2023.10.30-20.23.46:102][  0]LogD3D11RHI:     GPU DeviceId: 0x139b (for the marketing name, search the web for "GPU Device Id")
[2023.10.30-20.23.46:102][  0]LogWindows: EnumDisplayDevices:
[2023.10.30-20.23.46:102][  0]LogWindows:    0. 'Intel(R) HD Graphics 530' (P:1 D:1)
[2023.10.30-20.23.46:103][  0]LogWindows:    1. 'Intel(R) HD Graphics 530' (P:0 D:0)
[2023.10.30-20.23.46:103][  0]LogWindows:    2. 'Intel(R) HD Graphics 530' (P:0 D:0)
[2023.10.30-20.23.46:103][  0]LogWindows: DebugString: PrimaryIsNotTheChoosenAdapter PrimaryIsNotTheChoosenAdapter PrimaryIsNotTheChoosenAdapter FoundDriverCount:0 
[2023.10.30-20.23.46:103][  0]LogD3D11RHI:     Adapter Name: NVIDIA GeForce GTX 960M
[2023.10.30-20.23.46:103][  0]LogD3D11RHI:   Driver Version: Unknown (internal:Unknown, unified:Unknown)
[2023.10.30-20.23.46:103][  0]LogD3D11RHI:      Driver Date: Unknown
[2023.10.30-20.23.46:103][  0]LogRHI: Texture pool is 2837 MB (70% of 4054 MB)
[2023.10.30-20.23.46:103][  0]LogD3D11RHI: Creating D3DDevice using adapter:
[2023.10.30-20.23.46:103][  0]LogD3D11RHI:     Description : NVIDIA GeForce GTX 960M
[2023.10.30-20.23.46:103][  0]LogD3D11RHI:     VendorId    : 10de
[2023.10.30-20.23.46:103][  0]LogD3D11RHI:     DeviceId    : 139b
[2023.10.30-20.23.46:103][  0]LogD3D11RHI:     SubSysId    : 7971028
[2023.10.30-20.23.46:103][  0]LogD3D11RHI:     Revision    : 00a2
[2023.10.30-20.23.46:103][  0]LogD3D11RHI:     DedicatedVideoMemory : 4251123712 bytes
[2023.10.30-20.23.46:103][  0]LogD3D11RHI:     DedicatedSystemMemory : 0 bytes
[2023.10.30-20.23.46:103][  0]LogD3D11RHI:     SharedSystemMemory : 8505231360 bytes
[2023.10.30-20.23.46:103][  0]LogD3D11RHI:     AdapterLuid : 0 80685
[2023.10.30-20.23.46:254][  0]LogD3D11RHI: RHI has support for 64 bit atomics
[2023.10.30-20.23.46:255][  0]LogD3D11RHI: Async texture creation enabled
[2023.10.30-20.23.46:316][  0]LogD3D11RHI: GPU Timing Frequency: 1000.000000 (Debug: 2 1)
[2023.10.30-20.23.46:385][  0]LogRHI: GeForceNow SDK initialized: 1
[2023.10.30-20.23.46:897][  0]LogTargetPlatformManager: Display: Loaded TargetPlatform 'AllDesktop'
[2023.10.30-20.23.46:933][  0]LogTargetPlatformManager: Display: Loaded TargetPlatform 'Android'
[2023.10.30-20.23.46:933][  0]LogTargetPlatformManager: Display: Loaded TargetPlatform 'Android_ASTC'
[2023.10.30-20.23.46:934][  0]LogTargetPlatformManager: Display: Loaded TargetPlatform 'Android_DXT'
[2023.10.30-20.23.46:934][  0]LogTargetPlatformManager: Display: Loaded TargetPlatform 'Android_ETC2'
[2023.10.30-20.23.46:934][  0]LogTargetPlatformManager: Display: Loaded TargetPlatform 'AndroidClient'
[2023.10.30-20.23.46:934][  0]LogTargetPlatformManager: Display: Loaded TargetPlatform 'Android_ASTCClient'
[2023.10.30-20.23.46:934][  0]LogTargetPlatformManager: Display: Loaded TargetPlatform 'Android_DXTClient'
[2023.10.30-20.23.46:934][  0]LogTargetPlatformManager: Display: Loaded TargetPlatform 'Android_ETC2Client'
[2023.10.30-20.23.46:934][  0]LogTargetPlatformManager: Display: Loaded TargetPlatform 'Android_Multi'
[2023.10.30-20.23.46:934][  0]LogTargetPlatformManager: Display: Loaded TargetPlatform 'Android_MultiClient'
[2023.10.30-20.23.46:961][  0]LogTargetPlatformManager: Display: Loaded TargetPlatform 'IOSClient'
[2023.10.30-20.23.46:961][  0]LogTargetPlatformManager: Display: Loaded TargetPlatform 'IOS'
[2023.10.30-20.23.46:973][  0]LogTargetPlatformManager: Display: Loaded TargetPlatform 'Linux'
[2023.10.30-20.23.46:978][  0]LogTargetPlatformManager: Display: Loaded TargetPlatform 'LinuxNoEditor'
[2023.10.30-20.23.46:984][  0]LogTargetPlatformManager: Display: Loaded TargetPlatform 'LinuxClient'
[2023.10.30-20.23.46:990][  0]LogTargetPlatformManager: Display: Loaded TargetPlatform 'LinuxServer'
[2023.10.30-20.23.47:000][  0]LogTargetPlatformManager: Display: Loaded TargetPlatform 'LinuxAArch64NoEditor'
[2023.10.30-20.23.47:006][  0]LogTargetPlatformManager: Display: Loaded TargetPlatform 'LinuxAArch64Client'
[2023.10.30-20.23.47:013][  0]LogTargetPlatformManager: Display: Loaded TargetPlatform 'LinuxAArch64Server'
[2023.10.30-20.23.47:050][  0]LogTargetPlatformManager: Display: Loaded TargetPlatform 'Lumin'
[2023.10.30-20.23.47:050][  0]LogTargetPlatformManager: Display: Loaded TargetPlatform 'LuminClient'
[2023.10.30-20.23.47:062][  0]LogTargetPlatformManager: Display: Loaded TargetPlatform 'MacNoEditor'
[2023.10.30-20.23.47:067][  0]LogTargetPlatformManager: Display: Loaded TargetPlatform 'Mac'
[2023.10.30-20.23.47:073][  0]LogTargetPlatformManager: Display: Loaded TargetPlatform 'MacClient'
[2023.10.30-20.23.47:079][  0]LogTargetPlatformManager: Display: Loaded TargetPlatform 'MacServer'
[2023.10.30-20.23.47:092][  0]LogTargetPlatformManager: Display: Loaded TargetPlatform 'TVOSClient'
[2023.10.30-20.23.47:092][  0]LogTargetPlatformManager: Display: Loaded TargetPlatform 'TVOS'
[2023.10.30-20.23.47:105][  0]LogTargetPlatformManager: Display: Loaded TargetPlatform 'WindowsNoEditor'
[2023.10.30-20.23.47:111][  0]LogTargetPlatformManager: Display: Loaded TargetPlatform 'Windows'
[2023.10.30-20.23.47:118][  0]LogTargetPlatformManager: Display: Loaded TargetPlatform 'WindowsClient'
[2023.10.30-20.23.47:124][  0]LogTargetPlatformManager: Display: Loaded TargetPlatform 'WindowsServer'
[2023.10.30-20.23.47:124][  0]LogTargetPlatformManager: Display: Building Assets For Windows
[2023.10.30-20.23.47:134][  0]LogAudioDebug: Display: Lib vorbis DLL was dynamically loaded.
[2023.10.30-20.23.47:175][  0]LogTextureFormatOodle: Display: Oodle Texture 2.9.0 init RDO Off
[2023.10.30-20.23.47:218][  0]LogRendererCore: Ray tracing is disabled. Reason: r.RayTracing=0.
[2023.10.30-20.23.47:218][  0]LogShaderCompilers: Guid format shader working directory is -39 characters bigger than the processId version (../../../../../../Docs/UCSLP - Lap/5to Semestre/Motores/Bomberman_clone_UE4/Bomberman/Intermediate/Shaders/WorkingDirectory/9252/).
[2023.10.30-20.23.47:218][  0]LogShaderCompilers: Cleaned the shader compiler working directory 'C:/Users/alexc/AppData/Local/Temp/UnrealShaderWorkingDir/8B5958204040BEC6BF4F138B1BB2A04E/'.
[2023.10.30-20.23.47:218][  0]LogXGEController: Cannot use XGE Controller as Incredibuild is not installed on this machine.
[2023.10.30-20.23.47:219][  0]LogShaderCompilers: Cannot use XGE Shader Compiler as Incredibuild is not installed on this machine.
[2023.10.30-20.23.47:219][  0]LogShaderCompilers: Display: Using Local Shader Compiler.
[2023.10.30-20.23.48:355][  0]LogDerivedDataCache: Display: Max Cache Size: 512 MB
[2023.10.30-20.23.48:442][  0]LogDerivedDataCache: Loaded boot cache 0.09s 94MB C:/Users/alexc/AppData/Local/UnrealEngine/4.27/DerivedDataCache/Boot.ddc.
[2023.10.30-20.23.48:442][  0]LogDerivedDataCache: Display: Loaded Boot cache: C:/Users/alexc/AppData/Local/UnrealEngine/4.27/DerivedDataCache/Boot.ddc
[2023.10.30-20.23.48:554][  0]LogDerivedDataCache: FDerivedDataBackendGraph:  Pak pak cache file ../../../../../../Docs/UCSLP - Lap/5to Semestre/Motores/Bomberman_clone_UE4/Bomberman/DerivedDataCache/DDC.ddp not found, will not use a pak cache.
[2023.10.30-20.23.48:554][  0]LogDerivedDataCache: Unable to find inner node Pak for hierarchical cache Hierarchy.
[2023.10.30-20.23.48:554][  0]LogDerivedDataCache: FDerivedDataBackendGraph:  CompressedPak pak cache file ../../../../../../Docs/UCSLP - Lap/5to Semestre/Motores/Bomberman_clone_UE4/Bomberman/DerivedDataCache/Compressed.ddp not found, will not use a pak cache.
[2023.10.30-20.23.48:554][  0]LogDerivedDataCache: Unable to find inner node CompressedPak for hierarchical cache Hierarchy.
[2023.10.30-20.23.48:581][  0]LogDerivedDataCache: Display: Pak cache opened for reading ../../../Engine/DerivedDataCache/Compressed.ddp.
[2023.10.30-20.23.48:581][  0]LogDerivedDataCache: FDerivedDataBackendGraph:  EnterprisePak pak cache file ../../../Enterprise/DerivedDataCache/Compressed.ddp not found, will not use a pak cache.
[2023.10.30-20.23.48:581][  0]LogDerivedDataCache: Unable to find inner node EnterprisePak for hierarchical cache Hierarchy.
[2023.10.30-20.23.48:596][  0]LogDerivedDataCache: Speed tests for C:/Users/alexc/AppData/Local/UnrealEngine/Common/DerivedDataCache took 0.01 seconds
[2023.10.30-20.23.48:596][  0]LogDerivedDataCache: Display: Performance to C:/Users/alexc/AppData/Local/UnrealEngine/Common/DerivedDataCache: Latency=0.08ms. RandomReadSpeed=636.34MBs, RandomWriteSpeed=79.50MBs. Assigned SpeedClass 'Local'
[2023.10.30-20.23.48:597][  0]LogDerivedDataCache: Using Local data cache path C:/Users/alexc/AppData/Local/UnrealEngine/Common/DerivedDataCache: Writable
[2023.10.30-20.23.48:597][  0]LogDerivedDataCache: Shared data cache path not found in *engine.ini, will not use an Shared cache.
[2023.10.30-20.23.48:597][  0]LogDerivedDataCache: Unable to find inner node Shared for hierarchical cache Hierarchy.
[2023.10.30-20.23.48:681][  0]LogSlate: Using FreeType 2.10.0
[2023.10.30-20.23.48:682][  0]LogSlate: SlateFontServices - WITH_FREETYPE: 1, WITH_HARFBUZZ: 1
[2023.10.30-20.23.48:724][  0]LogAssetRegistry: FAssetRegistry took 0.0038 seconds to start up
[2023.10.30-20.23.49:073][  0]LogInit: Selected Device Profile: [Windows]
[2023.10.30-20.23.49:073][  0]LogInit: Active device profile: [000001A8BE330F00][000001A8B5574F80 49] Windows
[2023.10.30-20.23.49:073][  0]LogInit: Profiles: [000001A8BE330F00][000001A8B5574F80 49] Windows, [000001A8BE2F2500][000001A8B557D100 49] WindowsNoEditor, [000001A8BE331F00][000001A8B27D1280 49] WindowsServer, [000001A8BE2F1700][000001A8B27D5400 49] WindowsClient, [000001A8BE331000][000001A8B27D9580 49] IOS, [000001A8BE2F3B00][000001A8B27DD700 49] iPadAir, [000001A8BE333300][000001A8BDF51880 49] iPadAir2, [000001A8BE299300][000001A8BDF59B40 49] IPadPro, [000001A8BE299400][000001A8BDF55B80 49] iPadAir3, [000001A8BE2F0B00][000001A8BDF5C180 49] iPadAir4, [000001A8BE29A100][000001A8BDF60300 49] iPadMini2, [000001A8BE2F3500][000001A8BDF64480 49] iPadMini3, [000001A8BE29AC00][000001A8BDF68600 49] iPadMini4, [000001A8BE2F2800][000001A8BDF6C780 49] iPadMini5, [000001A8BE310D00][000001A8BDF74A40 49] iPhone6, [000001A8BE310E00][000001A8BDF70A80 49] iPodTouch6, [000001A8BE332900][000001A8BDF78CC0 49] iPhone7, [000001A8BE332A00][000001A8B5578D00 49] iPodTouch7, [000001A8BE299800][000001A8BDF7CE40 49] iPhone5S, [000001A8BE331300][000001A8BDF80F80 49] iPhone6Plus, [000001A8BE333900][000001A8BDF89100 49] iPhone6S, [000001A8BE311200][000001A8BDF8D280 49] iPhone6SPlus, [000001A8BE330B00][000001A8BDF91400 49] iPhone7Plus, [000001A8BE311500][000001A8BDF95580 49] iPhoneSE, [000001A8BE330A00][000001A8BDF99700 49] iPhone8, [000001A8BE311100][000001A8BDF9D880 49] iPhone8Plus, [000001A8BE29AB00][000001A8BDFA1A00 49] iPhoneX, [000001A8BE310C00][000001A8BDFA5B80 49] iPhoneXS, [000001A8BE29BA00][000001A8BDFA8180 49] iPhoneXSMax, [000001A8BE313700][000001A8BDFAC300 49] iPhoneXR, [000001A8BE298D00][000001A8BDFB0480 49] iPhone11, [000001A8BE312500][000001A8BDFB4600 49] iPhone11Pro, [000001A8BE29A900][000001A8BDFB8780 49] iPhone11ProMax, [000001A8BE310200][000001A8BDFBC900 49] iPhoneSE2, [000001A8BE298B00][000001A8BDFC0A80 49] iPhone12Mini, [000001A8BE312900][000001A8BDFC4C00 49] iPhone12, [000001A8BE29AE00][000001A8BDF84D40 49] iPhone12Pro, [000001A8BE310A00][000001A8BDFC8E80 49] iPhone12ProMax, [000001A8BE29B200][000001A8BDFCCFC0 49] iPadPro105, [000001A8BE313500][000001A8BDFD1100 49] iPadPro129, [000001A8BE29A000][000001A8BDFD9280 49] iPadPro97, [000001A8BE311F00][000001A8BDFDD400 49] iPadPro2_129, [000001A8BE29A400][000001A8BDFE1580 49] iPad5, [000001A8BE311300][000001A8BDFE5700 49] iPad6, [000001A8BE298C00][000001A8BDFE9880 49] iPad7, [000001A8BE311600][000001A8BDFEDA00 49] iPad8, [000001A8BE29BC00][000001A8BDFF1B80 49] iPadPro11, [000001A8BE311700][000001A8BDFF4180 49] iPadPro2_11, [000001A8BE298600][000001A8BDFF8300 49] iPadPro3_129, [000001A8BE313F00][000001A8BDFFC480 49] iPadPro4_129, [000001A8BE29B100][000001A8BE000600 49] AppleTV, [000001A8BE310800][000001A8BE004780 49] AppleTV4K, [000001A8BE298500][000001A8BE008900 49] TVOS, [000001A8BE310500][000001A8BE00CA80 49] Mac, [000001A8BE298700][000001A8BE010C00 49] MacClient, [000001A8BE311400][000001A8BE014D80 49] MacNoEditor, [000001A8BE299500][000001A8BE018F00 49] MacServer, [000001A8BE312D00][000001A8BDFD5040 49] Linux, [000001A8BE298400][000001A8BE01D180 49] LinuxAArch64, [000001A8BE311D00][000001A8BE0212C0 49] LinuxNoEditor, [000001A8BE299C00][000001A8BE029440 49] LinuxAArch64NoEditor, [000001A8BE312800][000001A8BE02D5C0 49] LinuxClient, [000001A8BE29AD00][000001A8BE031740 49] LinuxAArch64Client, [000001A8BE310100][000001A8BE0358C0 49] LinuxServer, [000001A8BE299E00][000001A8BE039A40 49] LinuxAArch64Server, [000001A8BE310B00][000001A8BE03DBC0 49] Android, [000001A8BE299A00][000001A8BE0401C0 49] Android_Low, [000001A8BE312E00][000001A8BE044340 49] Android_Mid, [000001A8BE299000][000001A8BE0484C0 49] Android_High, [000001A8BE312F00][000001A8BE04C640 49] Android_Default, [000001A8BE299700][000001A8BE0507C0 49] Android_Adreno4xx, [000001A8BE311800][000001A8BE054940 49] Android_Adreno5xx_Low, [000001A8BE298A00][000001A8BE058AC0 49] Android_Adreno5xx, [000001A8BE313300][000001A8BE05CC40 49] Android_Adreno6xx, [000001A8BE298E00][000001A8BE060DC0 49] Android_Adreno6xx_Vulkan, [000001A8BE313000][000001A8BE064F40 49] Android_Mali_T6xx, [000001A8BE330100][000001A8BE0690C0 49] Android_Mali_T7xx, [000001A8BE2F0800][000001A8BE025200 49] Android_Mali_T8xx, [000001A8BE331200][000001A8BE06D340 49] Android_Mali_G71, [000001A8BE2F0E00][000001A8BE071480 49] Android_Mali_G72, [000001A8BE331100][000001A8BE0755C0 49] Android_Mali_G72_Vulkan, [000001A8BE2F2600][000001A8BE07D740 49] Android_Mali_G76, [000001A8BE331500][000001A8BE0818C0 49] Android_Mali_G76_Vulkan, [000001A8BE2F2100][000001A8BE085A40 49] Android_Mali_G77, [000001A8BE333F00][000001A8BE089BC0 49] Android_Mali_G77_Vulkan, [000001A8BE2F1E00][000001A8BE08C1C0 49] Android_Mali_G78, [000001A8BE330300][000001A8AE202340 49] Android_Mali_G78_Vulkan, [000001A8BE2F0400][000001A8AE2064C0 49] Android_Mali_G710, [000001A8BE332800][000001A8AE20A640 49] Android_Mali_G710_Vulkan, [000001A8BE2F3200][000001A8AE20E7C0 49] Android_Vulkan_SM5, [000001A8BE333100][000001A8AE212940 49] Android_PowerVR_G6xxx, [000001A8BE2F0A00][000001A8AE216AC0 49] Android_PowerVR_GT7xxx, [000001A8BE330D00][000001A8AE21AC40 49] Android_PowerVR_GE8xxx, [000001A8BE2F3E00][000001A8AE21EDC0 49] Android_PowerVR_GM9xxx, [000001A8BE333A00][000001A8AE222F40 49] Android_PowerVR_GM9xxx_Vulkan, [000001A8BE2F1200][000001A8AE2270C0 49] Android_TegraK1, [000001A8BE333000][000001A8AE22B240 49] Android_Unknown_Vulkan, [000001A8BE2F3100][000001A8BE079380 49] Lumin, [000001A8BE332100][000001A8BF0A14C0 49] Lumin_Desktop, [000001A8BE2F2F00][000001A8BF0A5600 49] HoloLens, 
[2023.10.30-20.23.49:255][  0]LogMeshReduction: Using QuadricMeshReduction for automatic static mesh reduction
[2023.10.30-20.23.49:255][  0]LogMeshReduction: Using SimplygonMeshReduction for automatic skeletal mesh reduction
[2023.10.30-20.23.49:255][  0]LogMeshReduction: Using ProxyLODMeshReduction for automatic mesh merging
[2023.10.30-20.23.49:255][  0]LogMeshReduction: No distributed automatic mesh merging module available
[2023.10.30-20.23.49:255][  0]LogMeshMerging: No distributed automatic mesh merging module available
[2023.10.30-20.23.49:276][  0]LogNetVersion: Bomberman 1.0.0, NetCL: 17155196, EngineNetVer: 17, GameNetVer: 0 (Checksum: 609558502)
[2023.10.30-20.23.49:890][  0]LogTexture: Default maximum texture size for cubemaps generated from long-lat sources has been changed from 512 to unlimited. In order to preserve old behaiour for '/Engine/MapTemplates/Sky/DaylightAmbientCubemap.DaylightAmbientCubemap', its maximum texture size has been explicitly set to 512.
[2023.10.30-20.23.49:979][  0]LogHMD: PokeAHoleMaterial loaded successfully
[2023.10.30-20.23.49:985][  0]LogUObjectArray: 17178 objects as part of root set at end of initial load.
[2023.10.30-20.23.49:985][  0]LogUObjectAllocator: 4302048 out of 0 bytes used by permanent object pool.
[2023.10.30-20.23.49:985][  0]LogUObjectArray: CloseDisregardForGC: 0/0 objects in disregard for GC pool
[2023.10.30-20.23.50:410][  0]LogPython: Using Python 3.7.7
[2023.10.30-20.23.51:184][  0]LogNiagaraDebuggerClient: Niagara Debugger Client Initialized | Session: A856ED6D4A253E8F194503A11E5948A8 | Instance: 7128F7DD432DD2293688AFA7B4F0F939 (DESKTOP-T7PRRKI-9252).
[2023.10.30-20.23.51:391][  0]LogTcpMessaging: Initializing TcpMessaging bridge
[2023.10.30-20.23.51:398][  0]LogUdpMessaging: Initializing bridge on interface 0.0.0.0:0 to multicast group 230.0.0.1:6666.
[2023.10.30-20.23.51:483][  0]LogLinker: Warning: Failed to load '/Game/ThirdPersonBP/ThirdPersonOverview': Can't find file.
[2023.10.30-20.23.51:483][  0]LogLinker: Warning: Failed to load '/Game/ThirdPersonBP/ThirdPersonOverview': Can't find file.
[2023.10.30-20.23.51:483][  0]LogUObjectGlobals: Warning: Error al encontrar el objeto 'Class /Game/ThirdPersonBP/ThirdPersonOverview.ThirdPersonOverview_C'
[2023.10.30-20.23.51:599][  0]SourceControl: El control de código fuente está desactivado
[2023.10.30-20.23.51:599][  0]SourceControl: El control de código fuente está desactivado
[2023.10.30-20.23.51:604][  0]SourceControl: El control de código fuente está desactivado
[2023.10.30-20.23.51:609][  0]SourceControl: El control de código fuente está desactivado
[2023.10.30-20.23.51:631][  0]SourceControl: El control de código fuente está desactivado
[2023.10.30-20.23.51:882][  0]LogUProjectInfo: Found projects:
[2023.10.30-20.23.51:907][  0]LogOpenImageDenoise: OIDN starting up
[2023.10.30-20.23.51:974][  0]LogAndroidPermission: UAndroidPermissionCallbackProxy::GetInstance
[2023.10.30-20.23.51:998][  0]LogAudioCaptureCore: Display: No Audio Capture implementations found. Audio input will be silent.
[2023.10.30-20.23.51:998][  0]LogAudioCaptureCore: Display: No Audio Capture implementations found. Audio input will be silent.
[2023.10.30-20.23.52:180][  0]LogCollectionManager: Loaded 0 collections in 0.001289 seconds
[2023.10.30-20.23.52:215][  0]LogFileCache: Scanning file cache for directory 'D:/Docs/UCSLP - Lap/5to Semestre/Motores/Bomberman_clone_UE4/Bomberman/Saved/Collections/' took 0.00s
[2023.10.30-20.23.52:215][  0]LogFileCache: Scanning file cache for directory 'D:/Docs/UCSLP - Lap/5to Semestre/Motores/Bomberman_clone_UE4/Bomberman/Content/Developers/alexc/Collections/' took 0.00s
[2023.10.30-20.23.52:215][  0]LogFileCache: Scanning file cache for directory 'D:/Docs/UCSLP - Lap/5to Semestre/Motores/Bomberman_clone_UE4/Bomberman/Content/Collections/' took 0.00s
[2023.10.30-20.23.52:215][  0]LogOcInput: OculusInput pre-init called
[2023.10.30-20.23.52:541][  0]LogEngine: Initializing Engine...
[2023.10.30-20.23.52:794][  0]LogHMD: Failed to enumerate extensions. Please check that you have a valid OpenXR runtime installed.
[2023.10.30-20.23.52:795][  0]LogHMD: Failed to initialize OpenVR with code 110
[2023.10.30-20.23.52:818][  0]LogMagicLeap: Warning: VR disabled because ZI is not enabled.  To enable, in the editor, Edit -> Project Settings -> Plugins -> Magic Leap Plugin -> Enable Zero Iteration
[2023.10.30-20.23.52:826][  0]LogStats: UGameplayTagsManager::InitializeManager -  0.000 s
[2023.10.30-20.23.53:012][  0]LogInit: Initializing FReadOnlyCVARCache
[2023.10.30-20.23.53:021][  0]LogAIModule: Creating AISystem for world Untitled
[2023.10.30-20.23.53:045][  0]LogAudio: Display: Initializing Audio Device Manager...
[2023.10.30-20.23.53:050][  0]LogAudio: Display: Loading Default Audio Settings Objects...
[2023.10.30-20.23.53:050][  0]LogAudio: Display: No default SoundConcurrencyObject specified (or failed to load).
[2023.10.30-20.23.53:051][  0]LogAudio: Display: Audio Device Manager Initialized
[2023.10.30-20.23.53:051][  0]LogAudio: Display: Creating Audio Device:                 Id: 1, Scope: Shared, Realtime: True
[2023.10.30-20.23.53:051][  0]LogAudioMixer: Display: Audio Mixer Platform Settings:
[2023.10.30-20.23.53:051][  0]LogAudioMixer: Display: 	Sample Rate:						  48000
[2023.10.30-20.23.53:051][  0]LogAudioMixer: Display: 	Callback Buffer Frame Size Requested: 1024
[2023.10.30-20.23.53:051][  0]LogAudioMixer: Display: 	Callback Buffer Frame Size To Use:	  1024
[2023.10.30-20.23.53:051][  0]LogAudioMixer: Display: 	Number of buffers to queue:			  2
[2023.10.30-20.23.53:051][  0]LogAudioMixer: Display: 	Max Channels (voices):				  32
[2023.10.30-20.23.53:051][  0]LogAudioMixer: Display: 	Number of Async Source Workers:		  0
[2023.10.30-20.23.53:051][  0]LogAudio: Display: AudioDevice MaxSources: 32
[2023.10.30-20.23.53:052][  0]LogAudio: Display: Audio Spatialization Plugin: None (built-in).
[2023.10.30-20.23.53:052][  0]LogAudio: Display: Audio Reverb Plugin: None (built-in).
[2023.10.30-20.23.53:052][  0]LogAudio: Display: Audio Occlusion Plugin: None (built-in).
[2023.10.30-20.23.53:052][  0]LogAudioMixer: Display: Initializing audio mixer.
[2023.10.30-20.23.53:075][  0]LogAudioMixer: Display: 0: FrontLeft
[2023.10.30-20.23.53:075][  0]LogAudioMixer: Display: 1: FrontRight
[2023.10.30-20.23.53:496][  0]LogAudioMixer: Display: Using Audio Device Altavoces / Auriculares (Realtek Audio)
[2023.10.30-20.23.53:500][  0]LogAudioMixer: Display: Initializing Sound Submixes...
[2023.10.30-20.23.53:503][  0]LogAudioMixer: Display: Creating Master Submix 'MasterSubmixDefault'
[2023.10.30-20.23.53:503][  0]LogAudioMixer: Display: Creating Master Submix 'MasterReverbSubmixDefault'
[2023.10.30-20.23.53:504][  0]LogAudioMixer: Display: Creating Master Submix 'MasterEQSubmixDefault'
[2023.10.30-20.23.53:504][  0]LogAudioMixer: FMixerPlatformXAudio2::StartAudioStream() called
[2023.10.30-20.23.53:504][  0]LogAudioMixer: Display: Output buffers initialized: Frames=1024, Channels=2, Samples=2048
[2023.10.30-20.23.53:506][  0]LogAudioMixer: Display: Starting AudioMixerPlatformInterface::RunInternal()
[2023.10.30-20.23.53:506][  0]LogAudioMixer: Display: FMixerPlatformXAudio2::SubmitBuffer() called for the first time
[2023.10.30-20.23.53:506][  0]LogInit: FAudioDevice initialized.
[2023.10.30-20.23.53:506][  0]LogAudio: Display: Audio Device (ID: 1) registered with world 'Untitled'.
[2023.10.30-20.23.53:506][  0]LogNetVersion: Set ProjectVersion to 1.0.0.0. Version Checksum will be recalculated on next use.
[2023.10.30-20.23.53:681][  0]LogDerivedDataCache: Saved boot cache 0.17s 94MB C:/Users/alexc/AppData/Local/UnrealEngine/4.27/DerivedDataCache/Boot.ddc.
[2023.10.30-20.23.53:682][  0]LogInit: Texture streaming: Enabled
[2023.10.30-20.23.53:700][  0]LogAnalytics: Display: [UEEditor.Rocket.Release] APIServer = https://datarouter.ol.epicgames.com/. AppVersion = 4.27.2-18319896+++UE4+Release-4.27
[2023.10.30-20.23.53:705][  0]LogEngineSessionManager: EngineSessionManager initialized
[2023.10.30-20.23.53:705][  0]LogEditorSessionSummary: Verbose: Initializing EditorSessionSummaryWriter for editor session tracking
[2023.10.30-20.23.53:722][  0]LogEditorSessionSummary: EditorSessionSummaryWriter initialized
[2023.10.30-20.23.53:766][  0]LogInit: Transaction tracking system initialized
[2023.10.30-20.23.53:797][  0]BlueprintLog: New page: Cargar el editor
[2023.10.30-20.23.53:880][  0]LocalizationService: Localization service is disabled
[2023.10.30-20.23.53:911][  0]TimingProfiler: Initialize
[2023.10.30-20.23.53:912][  0]TimingProfiler: OnSessionChanged
[2023.10.30-20.23.53:912][  0]LoadingProfiler: Initialize
[2023.10.30-20.23.53:912][  0]LoadingProfiler: OnSessionChanged
[2023.10.30-20.23.53:912][  0]NetworkingProfiler: Initialize
[2023.10.30-20.23.53:912][  0]NetworkingProfiler: OnSessionChanged
[2023.10.30-20.23.53:912][  0]MemoryProfiler: Initialize
[2023.10.30-20.23.53:912][  0]MemoryProfiler: OnSessionChanged
[2023.10.30-20.23.54:576][  0]LogFileCache: Scanning file cache for directory 'D:/Docs/UCSLP - Lap/5to Semestre/Motores/Bomberman_clone_UE4/Bomberman/Content/' took 0.06s
[2023.10.30-20.23.54:576][  0]LogCook: Display: CookSettings for Memory: MemoryMaxUsedVirtual 0MiB, MemoryMaxUsedPhysical 16384MiB, MemoryMinFreeVirtual 0MiB, MemoryMinFreePhysical 1024MiB
[2023.10.30-20.23.54:576][  0]LogCook: Display: Mobile HDR setting 1
[2023.10.30-20.23.55:107][  0]LogInit: Display: Engine is initialized. Leaving FEngineLoop::Init()
[2023.10.30-20.23.55:111][  0]SourceControl: El control de código fuente está desactivado
[2023.10.30-20.23.55:111][  0]LogUnrealEdMisc: Loading editor; pre map load, took 12.121
[2023.10.30-20.23.55:111][  0]Cmd: MAP LOAD FILE="../../../../../../Docs/UCSLP - Lap/5to Semestre/Motores/Bomberman_clone_UE4/Bomberman/Content/TopDownBP/Maps/TopDownExampleMap.umap" TEMPLATE=0 SHOWPROGRESS=1 FEATURELEVEL=3
[2023.10.30-20.23.55:111][  0]LightingResults: New page: Diseñar la iluminación
[2023.10.30-20.23.55:113][  0]LogWorld: UWorld::CleanupWorld for Untitled, bSessionEnded=true, bCleanupResources=true
[2023.10.30-20.23.55:113][  0]LogSlate: InvalidateAllWidgets triggered.  All widgets were invalidated
[2023.10.30-20.23.55:114][  0]MapCheck: New page: Revisión del mapa
[2023.10.30-20.23.55:114][  0]LightingResults: New page: Diseñar la iluminación
[2023.10.30-20.23.55:119][  0]LogAudio: Display: Audio Device unregistered from world 'None'.
[2023.10.30-20.23.55:123][  0]LogUObjectHash: Compacting FUObjectHashTables data took   1.42ms
[2023.10.30-20.23.56:616][  0]LogLinker: Warning: [AssetLog] D:\Docs\UCSLP - Lap\5to Semestre\Motores\Bomberman_clone_UE4\Bomberman\Content\TopDownBP\Models\Bomb.uasset: Failed to load '/Game/TopDownBP/Models/Black': Can't find file.
[2023.10.30-20.23.56:617][  0]LogLinker: Warning: [AssetLog] D:\Docs\UCSLP - Lap\5to Semestre\Motores\Bomberman_clone_UE4\Bomberman\Content\TopDownBP\Models\Bomb.uasset: Failed to load '/Game/TopDownBP/Models/Black': Can't find file.
[2023.10.30-20.23.56:617][  0]LogLinker: Warning: [AssetLog] D:\Docs\UCSLP - Lap\5to Semestre\Motores\Bomberman_clone_UE4\Bomberman\Content\TopDownBP\Models\Bomb.uasset: Failed to load '/Game/TopDownBP/Models/DarkMetal': Can't find file.
[2023.10.30-20.23.56:617][  0]LogLinker: Warning: [AssetLog] D:\Docs\UCSLP - Lap\5to Semestre\Motores\Bomberman_clone_UE4\Bomberman\Content\TopDownBP\Models\Bomb.uasset: Failed to load '/Game/TopDownBP/Models/DarkMetal': Can't find file.
[2023.10.30-20.23.56:617][  0]LogLinker: Warning: [AssetLog] D:\Docs\UCSLP - Lap\5to Semestre\Motores\Bomberman_clone_UE4\Bomberman\Content\TopDownBP\Models\Bomb.uasset: Failed to load '/Game/TopDownBP/Models/White': Can't find file.
[2023.10.30-20.23.56:617][  0]LogLinker: Warning: [AssetLog] D:\Docs\UCSLP - Lap\5to Semestre\Motores\Bomberman_clone_UE4\Bomberman\Content\TopDownBP\Models\Bomb.uasset: Failed to load '/Game/TopDownBP/Models/White': Can't find file.
[2023.10.30-20.23.56:618][  0]LogLinker: Warning: [AssetLog] D:\Docs\UCSLP - Lap\5to Semestre\Motores\Bomberman_clone_UE4\Bomberman\Content\TopDownBP\Models\Bomb.uasset: Failed to load '/Game/TopDownBP/Models/Black': Can't find file.
[2023.10.30-20.23.56:618][  0]LogLinker: Warning: [AssetLog] D:\Docs\UCSLP - Lap\5to Semestre\Motores\Bomberman_clone_UE4\Bomberman\Content\TopDownBP\Models\Bomb.uasset: Failed to load '/Game/TopDownBP/Models/DarkMetal': Can't find file.
[2023.10.30-20.23.56:618][  0]LogLinker: Warning: [AssetLog] D:\Docs\UCSLP - Lap\5to Semestre\Motores\Bomberman_clone_UE4\Bomberman\Content\TopDownBP\Models\Bomb.uasset: Failed to load '/Game/TopDownBP/Models/White': Can't find file.
[2023.10.30-20.23.59:340][  0]LogLinker: Warning: [AssetLog] D:\Docs\UCSLP - Lap\5to Semestre\Motores\Bomberman_clone_UE4\Bomberman\Content\TopDownBP\Models\Bomb.uasset: Failed to load '/Game/TopDownBP/Models/Black': Can't find file.
[2023.10.30-20.23.59:340][  0]LoadErrors: Error al cargar /Game/TopDownBP/Models/Black.Black Referenciado por Bomb
[2023.10.30-20.23.59:340][  0]LogLinker: Warning: [AssetLog] D:\Docs\UCSLP - Lap\5to Semestre\Motores\Bomberman_clone_UE4\Bomberman\Content\TopDownBP\Models\Bomb.uasset: Failed to load '/Game/TopDownBP/Models/DarkMetal': Can't find file.
[2023.10.30-20.23.59:340][  0]LoadErrors: Error al cargar /Game/TopDownBP/Models/DarkMetal.DarkMetal Referenciado por Bomb
[2023.10.30-20.23.59:340][  0]LogLinker: Warning: [AssetLog] D:\Docs\UCSLP - Lap\5to Semestre\Motores\Bomberman_clone_UE4\Bomberman\Content\TopDownBP\Models\Bomb.uasset: Failed to load '/Game/TopDownBP/Models/White': Can't find file.
[2023.10.30-20.23.59:340][  0]LoadErrors: Error al cargar /Game/TopDownBP/Models/White.White Referenciado por Bomb
[2023.10.30-20.23.59:341][  0]LogLinker: Warning: [AssetLog] D:\Docs\UCSLP - Lap\5to Semestre\Motores\Bomberman_clone_UE4\Bomberman\Content\TopDownBP\Models\Bomb.uasset: Failed to load '/Game/TopDownBP/Models/Black': Can't find file.
[2023.10.30-20.23.59:341][  0]LoadErrors: Error al cargar /Game/TopDownBP/Models/Black.Black Referenciado por Bomb
[2023.10.30-20.23.59:341][  0]LogLinker: Warning: [AssetLog] D:\Docs\UCSLP - Lap\5to Semestre\Motores\Bomberman_clone_UE4\Bomberman\Content\TopDownBP\Models\Bomb.uasset: Failed to load '/Game/TopDownBP/Models/DarkMetal': Can't find file.
[2023.10.30-20.23.59:341][  0]LoadErrors: Error al cargar /Game/TopDownBP/Models/DarkMetal.DarkMetal Referenciado por Bomb
[2023.10.30-20.23.59:341][  0]LogLinker: Warning: [AssetLog] D:\Docs\UCSLP - Lap\5to Semestre\Motores\Bomberman_clone_UE4\Bomberman\Content\TopDownBP\Models\Bomb.uasset: Failed to load '/Game/TopDownBP/Models/White': Can't find file.
[2023.10.30-20.23.59:341][  0]LoadErrors: Error al cargar /Game/TopDownBP/Models/White.White Referenciado por Bomb
[2023.10.30-20.24.01:052][  0]LogAudio: Display: Audio Device (ID: 1) registered with world 'TopDownExampleMap'.
[2023.10.30-20.24.01:053][  0]LogAIModule: Creating AISystem for world TopDownExampleMap
[2023.10.30-20.24.02:376][  0]LogEditorServer: Finished looking for orphan Actors (0.000 secs)
[2023.10.30-20.24.02:524][  0]LogNavigationDataBuild: Display:    Building NavData:  Name Default class /Script/NavigationSystem.RecastNavMesh agent radius 35.0.
[2023.10.30-20.24.02:653][  0]LogUObjectHash: Compacting FUObjectHashTables data took   1.40ms
[2023.10.30-20.24.02:654][  0]Cmd: MAP CHECKDEP NOCLEARLOG
[2023.10.30-20.24.02:654][  0]MapCheck: Map check complete: 0 Error(s), 0 Warning(s), took 0.178ms to complete.
[2023.10.30-20.24.02:654][  0]LogFileHelpers: Loading map 'TopDownExampleMap' took 7.542
[2023.10.30-20.24.02:693][  0]LogUnrealEdMisc: Total Editor Startup Time, took 19.702
[2023.10.30-20.24.05:176][  0]LogSlate: Updating window title bar state: overlay mode, drag disabled, window buttons hidden, title bar hidden
[2023.10.30-20.24.05:230][  0]LogSlate: Updating window title bar state: overlay mode, drag disabled, window buttons hidden, title bar hidden
[2023.10.30-20.24.05:238][  0]LogSlate: Updating window title bar state: overlay mode, drag disabled, window buttons hidden, title bar hidden
[2023.10.30-20.24.05:248][  0]LogSlate: Updating window title bar state: overlay mode, drag disabled, window buttons hidden, title bar hidden
[2023.10.30-20.24.06:059][  0]LogNativeClassHierarchy: Verbose: Native class hierarchy populated in 0.0147 seconds. Added 3822 classes and 928 folders.
[2023.10.30-20.24.06:397][  0]LogNativeClassHierarchy: Verbose: Native class hierarchy updated for 'WidgetCarousel' in 0.0003 seconds. Added 0 classes and 0 folders.
[2023.10.30-20.24.06:636][  0]LogPakFile: PakFile PrimaryIndexSize=187
[2023.10.30-20.24.06:636][  0]LogPakFile: PakFile PathHashIndexSize=101
[2023.10.30-20.24.06:636][  0]LogPakFile: PakFile FullDirectoryIndexSize=148
[2023.10.30-20.24.06:679][  0]LogShaderLibrary: Display: ShaderCodeLibraryPakFileMountedCallback: PakFile 'D:/Apps/Unreal Installs/UE_4.27/FeaturePacks/FP_FirstPerson.upack' (chunk index -1, root 'root:/') mounted
[2023.10.30-20.24.06:679][  0]LogShaderLibrary: Display: ShaderCodeLibraryPakFileMountedCallback: pending pak file info (ChunkID:-1 Root:root:/ File:D:/Apps/Unreal Installs/UE_4.27/FeaturePacks/FP_FirstPerson.upack)
[2023.10.30-20.24.06:722][  0]LogPakFile: OnPakFileMounted2Time == 0.085782
[2023.10.30-20.24.06:899][  0]LogPakFile: PakFile PrimaryIndexSize=189
[2023.10.30-20.24.06:899][  0]LogPakFile: PakFile PathHashIndexSize=101
[2023.10.30-20.24.06:899][  0]LogPakFile: PakFile FullDirectoryIndexSize=152
[2023.10.30-20.24.06:900][  0]LogShaderLibrary: Display: ShaderCodeLibraryPakFileMountedCallback: PakFile 'D:/Apps/Unreal Installs/UE_4.27/FeaturePacks/FP_FirstPersonBP.upack' (chunk index -1, root 'root:/') mounted
[2023.10.30-20.24.06:900][  0]LogShaderLibrary: Display: ShaderCodeLibraryPakFileMountedCallback: pending pak file info (ChunkID:-1 Root:root:/ File:D:/Apps/Unreal Installs/UE_4.27/FeaturePacks/FP_FirstPersonBP.upack)
[2023.10.30-20.24.06:900][  0]LogPakFile: OnPakFileMounted2Time == 0.000096
[2023.10.30-20.24.06:925][  0]LogPakFile: PakFile PrimaryIndexSize=191
[2023.10.30-20.24.06:925][  0]LogPakFile: PakFile PathHashIndexSize=101
[2023.10.30-20.24.06:925][  0]LogPakFile: PakFile FullDirectoryIndexSize=160
[2023.10.30-20.24.06:925][  0]LogShaderLibrary: Display: ShaderCodeLibraryPakFileMountedCallback: PakFile 'D:/Apps/Unreal Installs/UE_4.27/FeaturePacks/MobileStarterContent.upack' (chunk index -1, root 'root:/') mounted
[2023.10.30-20.24.06:925][  0]LogShaderLibrary: Display: ShaderCodeLibraryPakFileMountedCallback: pending pak file info (ChunkID:-1 Root:root:/ File:D:/Apps/Unreal Installs/UE_4.27/FeaturePacks/MobileStarterContent.upack)
[2023.10.30-20.24.06:925][  0]LogPakFile: OnPakFileMounted2Time == 0.000051
[2023.10.30-20.24.06:934][  0]LogPakFile: PakFile PrimaryIndexSize=185
[2023.10.30-20.24.06:934][  0]LogPakFile: PakFile PathHashIndexSize=101
[2023.10.30-20.24.06:934][  0]LogPakFile: PakFile FullDirectoryIndexSize=148
[2023.10.30-20.24.06:934][  0]LogShaderLibrary: Display: ShaderCodeLibraryPakFileMountedCallback: PakFile 'D:/Apps/Unreal Installs/UE_4.27/FeaturePacks/StarterContent.upack' (chunk index -1, root 'root:/') mounted
[2023.10.30-20.24.06:934][  0]LogShaderLibrary: Display: ShaderCodeLibraryPakFileMountedCallback: pending pak file info (ChunkID:-1 Root:root:/ File:D:/Apps/Unreal Installs/UE_4.27/FeaturePacks/StarterContent.upack)
[2023.10.30-20.24.06:934][  0]LogPakFile: OnPakFileMounted2Time == 0.000089
[2023.10.30-20.24.06:954][  0]LogPakFile: PakFile PrimaryIndexSize=190
[2023.10.30-20.24.06:954][  0]LogPakFile: PakFile PathHashIndexSize=101
[2023.10.30-20.24.06:954][  0]LogPakFile: PakFile FullDirectoryIndexSize=154
[2023.10.30-20.24.06:954][  0]LogShaderLibrary: Display: ShaderCodeLibraryPakFileMountedCallback: PakFile 'D:/Apps/Unreal Installs/UE_4.27/FeaturePacks/TP_2DSideScroller.upack' (chunk index -1, root 'root:/') mounted
[2023.10.30-20.24.06:954][  0]LogShaderLibrary: Display: ShaderCodeLibraryPakFileMountedCallback: pending pak file info (ChunkID:-1 Root:root:/ File:D:/Apps/Unreal Installs/UE_4.27/FeaturePacks/TP_2DSideScroller.upack)
[2023.10.30-20.24.06:954][  0]LogPakFile: OnPakFileMounted2Time == 0.000082
[2023.10.30-20.24.07:020][  0]LogPakFile: PakFile PrimaryIndexSize=192
[2023.10.30-20.24.07:020][  0]LogPakFile: PakFile PathHashIndexSize=101
[2023.10.30-20.24.07:020][  0]LogPakFile: PakFile FullDirectoryIndexSize=158
[2023.10.30-20.24.07:020][  0]LogShaderLibrary: Display: ShaderCodeLibraryPakFileMountedCallback: PakFile 'D:/Apps/Unreal Installs/UE_4.27/FeaturePacks/TP_2DSideScrollerBP.upack' (chunk index -1, root 'root:/') mounted
[2023.10.30-20.24.07:021][  0]LogShaderLibrary: Display: ShaderCodeLibraryPakFileMountedCallback: pending pak file info (ChunkID:-1 Root:root:/ File:D:/Apps/Unreal Installs/UE_4.27/FeaturePacks/TP_2DSideScrollerBP.upack)
[2023.10.30-20.24.07:021][  0]LogPakFile: OnPakFileMounted2Time == 0.000096
[2023.10.30-20.24.07:042][  0]LogPakFile: PakFile PrimaryIndexSize=182
[2023.10.30-20.24.07:042][  0]LogPakFile: PakFile PathHashIndexSize=101
[2023.10.30-20.24.07:042][  0]LogPakFile: PakFile FullDirectoryIndexSize=138
[2023.10.30-20.24.07:042][  0]LogShaderLibrary: Display: ShaderCodeLibraryPakFileMountedCallback: PakFile 'D:/Apps/Unreal Installs/UE_4.27/FeaturePacks/TP_Flying.upack' (chunk index -1, root 'root:/') mounted
[2023.10.30-20.24.07:042][  0]LogShaderLibrary: Display: ShaderCodeLibraryPakFileMountedCallback: pending pak file info (ChunkID:-1 Root:root:/ File:D:/Apps/Unreal Installs/UE_4.27/FeaturePacks/TP_Flying.upack)
[2023.10.30-20.24.07:042][  0]LogPakFile: OnPakFileMounted2Time == 0.000050
[2023.10.30-20.24.07:059][  0]LogPakFile: PakFile PrimaryIndexSize=184
[2023.10.30-20.24.07:059][  0]LogPakFile: PakFile PathHashIndexSize=101
[2023.10.30-20.24.07:059][  0]LogPakFile: PakFile FullDirectoryIndexSize=142
[2023.10.30-20.24.07:059][  0]LogShaderLibrary: Display: ShaderCodeLibraryPakFileMountedCallback: PakFile 'D:/Apps/Unreal Installs/UE_4.27/FeaturePacks/TP_FlyingBP.upack' (chunk index -1, root 'root:/') mounted
[2023.10.30-20.24.07:059][  0]LogShaderLibrary: Display: ShaderCodeLibraryPakFileMountedCallback: pending pak file info (ChunkID:-1 Root:root:/ File:D:/Apps/Unreal Installs/UE_4.27/FeaturePacks/TP_FlyingBP.upack)
[2023.10.30-20.24.07:059][  0]LogPakFile: OnPakFileMounted2Time == 0.000086
[2023.10.30-20.24.07:085][  0]LogPakFile: PakFile PrimaryIndexSize=188
[2023.10.30-20.24.07:085][  0]LogPakFile: PakFile PathHashIndexSize=101
[2023.10.30-20.24.07:085][  0]LogPakFile: PakFile FullDirectoryIndexSize=150
[2023.10.30-20.24.07:085][  0]LogShaderLibrary: Display: ShaderCodeLibraryPakFileMountedCallback: PakFile 'D:/Apps/Unreal Installs/UE_4.27/FeaturePacks/TP_HandheldARBP.upack' (chunk index -1, root 'root:/') mounted
[2023.10.30-20.24.07:085][  0]LogShaderLibrary: Display: ShaderCodeLibraryPakFileMountedCallback: pending pak file info (ChunkID:-1 Root:root:/ File:D:/Apps/Unreal Installs/UE_4.27/FeaturePacks/TP_HandheldARBP.upack)
[2023.10.30-20.24.07:085][  0]LogPakFile: OnPakFileMounted2Time == 0.000050
[2023.10.30-20.24.07:123][  0]LogPakFile: PakFile PrimaryIndexSize=182
[2023.10.30-20.24.07:123][  0]LogPakFile: PakFile PathHashIndexSize=101
[2023.10.30-20.24.07:123][  0]LogPakFile: PakFile FullDirectoryIndexSize=138
[2023.10.30-20.24.07:123][  0]LogShaderLibrary: Display: ShaderCodeLibraryPakFileMountedCallback: PakFile 'D:/Apps/Unreal Installs/UE_4.27/FeaturePacks/TP_Puzzle.upack' (chunk index -1, root 'root:/') mounted
[2023.10.30-20.24.07:123][  0]LogShaderLibrary: Display: ShaderCodeLibraryPakFileMountedCallback: pending pak file info (ChunkID:-1 Root:root:/ File:D:/Apps/Unreal Installs/UE_4.27/FeaturePacks/TP_Puzzle.upack)
[2023.10.30-20.24.07:124][  0]LogPakFile: OnPakFileMounted2Time == 0.000061
[2023.10.30-20.24.07:138][  0]LogPakFile: PakFile PrimaryIndexSize=184
[2023.10.30-20.24.07:138][  0]LogPakFile: PakFile PathHashIndexSize=101
[2023.10.30-20.24.07:138][  0]LogPakFile: PakFile FullDirectoryIndexSize=142
[2023.10.30-20.24.07:138][  0]LogShaderLibrary: Display: ShaderCodeLibraryPakFileMountedCallback: PakFile 'D:/Apps/Unreal Installs/UE_4.27/FeaturePacks/TP_PuzzleBP.upack' (chunk index -1, root 'root:/') mounted
[2023.10.30-20.24.07:138][  0]LogShaderLibrary: Display: ShaderCodeLibraryPakFileMountedCallback: pending pak file info (ChunkID:-1 Root:root:/ File:D:/Apps/Unreal Installs/UE_4.27/FeaturePacks/TP_PuzzleBP.upack)
[2023.10.30-20.24.07:138][  0]LogPakFile: OnPakFileMounted2Time == 0.000050
[2023.10.30-20.24.07:148][  0]LogPakFile: PakFile PrimaryIndexSize=183
[2023.10.30-20.24.07:148][  0]LogPakFile: PakFile PathHashIndexSize=101
[2023.10.30-20.24.07:148][  0]LogPakFile: PakFile FullDirectoryIndexSize=140
[2023.10.30-20.24.07:148][  0]LogShaderLibrary: Display: ShaderCodeLibraryPakFileMountedCallback: PakFile 'D:/Apps/Unreal Installs/UE_4.27/FeaturePacks/TP_Rolling.upack' (chunk index -1, root 'root:/') mounted
[2023.10.30-20.24.07:148][  0]LogShaderLibrary: Display: ShaderCodeLibraryPakFileMountedCallback: pending pak file info (ChunkID:-1 Root:root:/ File:D:/Apps/Unreal Installs/UE_4.27/FeaturePacks/TP_Rolling.upack)
[2023.10.30-20.24.07:148][  0]LogPakFile: OnPakFileMounted2Time == 0.000056
[2023.10.30-20.24.07:165][  0]LogPakFile: PakFile PrimaryIndexSize=185
[2023.10.30-20.24.07:165][  0]LogPakFile: PakFile PathHashIndexSize=101
[2023.10.30-20.24.07:165][  0]LogPakFile: PakFile FullDirectoryIndexSize=144
[2023.10.30-20.24.07:165][  0]LogShaderLibrary: Display: ShaderCodeLibraryPakFileMountedCallback: PakFile 'D:/Apps/Unreal Installs/UE_4.27/FeaturePacks/TP_RollingBP.upack' (chunk index -1, root 'root:/') mounted
[2023.10.30-20.24.07:166][  0]LogShaderLibrary: Display: ShaderCodeLibraryPakFileMountedCallback: pending pak file info (ChunkID:-1 Root:root:/ File:D:/Apps/Unreal Installs/UE_4.27/FeaturePacks/TP_RollingBP.upack)
[2023.10.30-20.24.07:166][  0]LogPakFile: OnPakFileMounted2Time == 0.000113
[2023.10.30-20.24.07:176][  0]LogPakFile: PakFile PrimaryIndexSize=188
[2023.10.30-20.24.07:176][  0]LogPakFile: PakFile PathHashIndexSize=101
[2023.10.30-20.24.07:176][  0]LogPakFile: PakFile FullDirectoryIndexSize=150
[2023.10.30-20.24.07:176][  0]LogShaderLibrary: Display: ShaderCodeLibraryPakFileMountedCallback: PakFile 'D:/Apps/Unreal Installs/UE_4.27/FeaturePacks/TP_SideScroller.upack' (chunk index -1, root 'root:/') mounted
[2023.10.30-20.24.07:176][  0]LogShaderLibrary: Display: ShaderCodeLibraryPakFileMountedCallback: pending pak file info (ChunkID:-1 Root:root:/ File:D:/Apps/Unreal Installs/UE_4.27/FeaturePacks/TP_SideScroller.upack)
[2023.10.30-20.24.07:176][  0]LogPakFile: OnPakFileMounted2Time == 0.000124
[2023.10.30-20.24.07:193][  0]LogPakFile: PakFile PrimaryIndexSize=190
[2023.10.30-20.24.07:193][  0]LogPakFile: PakFile PathHashIndexSize=101
[2023.10.30-20.24.07:193][  0]LogPakFile: PakFile FullDirectoryIndexSize=154
[2023.10.30-20.24.07:193][  0]LogShaderLibrary: Display: ShaderCodeLibraryPakFileMountedCallback: PakFile 'D:/Apps/Unreal Installs/UE_4.27/FeaturePacks/TP_SideScrollerBP.upack' (chunk index -1, root 'root:/') mounted
[2023.10.30-20.24.07:193][  0]LogShaderLibrary: Display: ShaderCodeLibraryPakFileMountedCallback: pending pak file info (ChunkID:-1 Root:root:/ File:D:/Apps/Unreal Installs/UE_4.27/FeaturePacks/TP_SideScrollerBP.upack)
[2023.10.30-20.24.07:193][  0]LogPakFile: OnPakFileMounted2Time == 0.000066
[2023.10.30-20.24.07:202][  0]LogPakFile: PakFile PrimaryIndexSize=187
[2023.10.30-20.24.07:202][  0]LogPakFile: PakFile PathHashIndexSize=101
[2023.10.30-20.24.07:202][  0]LogPakFile: PakFile FullDirectoryIndexSize=148
[2023.10.30-20.24.07:202][  0]LogShaderLibrary: Display: ShaderCodeLibraryPakFileMountedCallback: PakFile 'D:/Apps/Unreal Installs/UE_4.27/FeaturePacks/TP_ThirdPerson.upack' (chunk index -1, root 'root:/') mounted
[2023.10.30-20.24.07:202][  0]LogShaderLibrary: Display: ShaderCodeLibraryPakFileMountedCallback: pending pak file info (ChunkID:-1 Root:root:/ File:D:/Apps/Unreal Installs/UE_4.27/FeaturePacks/TP_ThirdPerson.upack)
[2023.10.30-20.24.07:202][  0]LogPakFile: OnPakFileMounted2Time == 0.000054
[2023.10.30-20.24.07:270][  0]LogPakFile: PakFile PrimaryIndexSize=189
[2023.10.30-20.24.07:270][  0]LogPakFile: PakFile PathHashIndexSize=101
[2023.10.30-20.24.07:270][  0]LogPakFile: PakFile FullDirectoryIndexSize=152
[2023.10.30-20.24.07:270][  0]LogShaderLibrary: Display: ShaderCodeLibraryPakFileMountedCallback: PakFile 'D:/Apps/Unreal Installs/UE_4.27/FeaturePacks/TP_ThirdPersonBP.upack' (chunk index -1, root 'root:/') mounted
[2023.10.30-20.24.07:270][  0]LogShaderLibrary: Display: ShaderCodeLibraryPakFileMountedCallback: pending pak file info (ChunkID:-1 Root:root:/ File:D:/Apps/Unreal Installs/UE_4.27/FeaturePacks/TP_ThirdPersonBP.upack)
[2023.10.30-20.24.07:270][  0]LogPakFile: OnPakFileMounted2Time == 0.000052
[2023.10.30-20.24.07:291][  0]LogPakFile: PakFile PrimaryIndexSize=183
[2023.10.30-20.24.07:291][  0]LogPakFile: PakFile PathHashIndexSize=101
[2023.10.30-20.24.07:291][  0]LogPakFile: PakFile FullDirectoryIndexSize=140
[2023.10.30-20.24.07:291][  0]LogShaderLibrary: Display: ShaderCodeLibraryPakFileMountedCallback: PakFile 'D:/Apps/Unreal Installs/UE_4.27/FeaturePacks/TP_TopDown.upack' (chunk index -1, root 'root:/') mounted
[2023.10.30-20.24.07:291][  0]LogShaderLibrary: Display: ShaderCodeLibraryPakFileMountedCallback: pending pak file info (ChunkID:-1 Root:root:/ File:D:/Apps/Unreal Installs/UE_4.27/FeaturePacks/TP_TopDown.upack)
[2023.10.30-20.24.07:291][  0]LogPakFile: OnPakFileMounted2Time == 0.000062
[2023.10.30-20.24.07:316][  0]LogPakFile: PakFile PrimaryIndexSize=185
[2023.10.30-20.24.07:316][  0]LogPakFile: PakFile PathHashIndexSize=101
[2023.10.30-20.24.07:316][  0]LogPakFile: PakFile FullDirectoryIndexSize=144
[2023.10.30-20.24.07:316][  0]LogShaderLibrary: Display: ShaderCodeLibraryPakFileMountedCallback: PakFile 'D:/Apps/Unreal Installs/UE_4.27/FeaturePacks/TP_TopDownBP.upack' (chunk index -1, root 'root:/') mounted
[2023.10.30-20.24.07:316][  0]LogShaderLibrary: Display: ShaderCodeLibraryPakFileMountedCallback: pending pak file info (ChunkID:-1 Root:root:/ File:D:/Apps/Unreal Installs/UE_4.27/FeaturePacks/TP_TopDownBP.upack)
[2023.10.30-20.24.07:316][  0]LogPakFile: OnPakFileMounted2Time == 0.000088
[2023.10.30-20.24.07:332][  0]LogPakFile: PakFile PrimaryIndexSize=185
[2023.10.30-20.24.07:332][  0]LogPakFile: PakFile PathHashIndexSize=101
[2023.10.30-20.24.07:332][  0]LogPakFile: PakFile FullDirectoryIndexSize=144
[2023.10.30-20.24.07:332][  0]LogShaderLibrary: Display: ShaderCodeLibraryPakFileMountedCallback: PakFile 'D:/Apps/Unreal Installs/UE_4.27/FeaturePacks/TP_TwinStick.upack' (chunk index -1, root 'root:/') mounted
[2023.10.30-20.24.07:332][  0]LogShaderLibrary: Display: ShaderCodeLibraryPakFileMountedCallback: pending pak file info (ChunkID:-1 Root:root:/ File:D:/Apps/Unreal Installs/UE_4.27/FeaturePacks/TP_TwinStick.upack)
[2023.10.30-20.24.07:332][  0]LogPakFile: OnPakFileMounted2Time == 0.000083
[2023.10.30-20.24.07:352][  0]LogPakFile: PakFile PrimaryIndexSize=187
[2023.10.30-20.24.07:352][  0]LogPakFile: PakFile PathHashIndexSize=101
[2023.10.30-20.24.07:352][  0]LogPakFile: PakFile FullDirectoryIndexSize=148
[2023.10.30-20.24.07:352][  0]LogShaderLibrary: Display: ShaderCodeLibraryPakFileMountedCallback: PakFile 'D:/Apps/Unreal Installs/UE_4.27/FeaturePacks/TP_TwinStickBP.upack' (chunk index -1, root 'root:/') mounted
[2023.10.30-20.24.07:352][  0]LogShaderLibrary: Display: ShaderCodeLibraryPakFileMountedCallback: pending pak file info (ChunkID:-1 Root:root:/ File:D:/Apps/Unreal Installs/UE_4.27/FeaturePacks/TP_TwinStickBP.upack)
[2023.10.30-20.24.07:352][  0]LogPakFile: OnPakFileMounted2Time == 0.000052
[2023.10.30-20.24.07:370][  0]LogPakFile: PakFile PrimaryIndexSize=183
[2023.10.30-20.24.07:370][  0]LogPakFile: PakFile PathHashIndexSize=101
[2023.10.30-20.24.07:370][  0]LogPakFile: PakFile FullDirectoryIndexSize=140
[2023.10.30-20.24.07:370][  0]LogShaderLibrary: Display: ShaderCodeLibraryPakFileMountedCallback: PakFile 'D:/Apps/Unreal Installs/UE_4.27/FeaturePacks/TP_Vehicle.upack' (chunk index -1, root 'root:/') mounted
[2023.10.30-20.24.07:370][  0]LogShaderLibrary: Display: ShaderCodeLibraryPakFileMountedCallback: pending pak file info (ChunkID:-1 Root:root:/ File:D:/Apps/Unreal Installs/UE_4.27/FeaturePacks/TP_Vehicle.upack)
[2023.10.30-20.24.07:370][  0]LogPakFile: OnPakFileMounted2Time == 0.000052
[2023.10.30-20.24.07:395][  0]LogPakFile: PakFile PrimaryIndexSize=186
[2023.10.30-20.24.07:395][  0]LogPakFile: PakFile PathHashIndexSize=101
[2023.10.30-20.24.07:395][  0]LogPakFile: PakFile FullDirectoryIndexSize=146
[2023.10.30-20.24.07:395][  0]LogShaderLibrary: Display: ShaderCodeLibraryPakFileMountedCallback: PakFile 'D:/Apps/Unreal Installs/UE_4.27/FeaturePacks/TP_VehicleAdv.upack' (chunk index -1, root 'root:/') mounted
[2023.10.30-20.24.07:395][  0]LogShaderLibrary: Display: ShaderCodeLibraryPakFileMountedCallback: pending pak file info (ChunkID:-1 Root:root:/ File:D:/Apps/Unreal Installs/UE_4.27/FeaturePacks/TP_VehicleAdv.upack)
[2023.10.30-20.24.07:395][  0]LogPakFile: OnPakFileMounted2Time == 0.000052
[2023.10.30-20.24.07:404][  0]LogPakFile: PakFile PrimaryIndexSize=188
[2023.10.30-20.24.07:404][  0]LogPakFile: PakFile PathHashIndexSize=101
[2023.10.30-20.24.07:404][  0]LogPakFile: PakFile FullDirectoryIndexSize=150
[2023.10.30-20.24.07:404][  0]LogShaderLibrary: Display: ShaderCodeLibraryPakFileMountedCallback: PakFile 'D:/Apps/Unreal Installs/UE_4.27/FeaturePacks/TP_VehicleAdvBP.upack' (chunk index -1, root 'root:/') mounted
[2023.10.30-20.24.07:404][  0]LogShaderLibrary: Display: ShaderCodeLibraryPakFileMountedCallback: pending pak file info (ChunkID:-1 Root:root:/ File:D:/Apps/Unreal Installs/UE_4.27/FeaturePacks/TP_VehicleAdvBP.upack)
[2023.10.30-20.24.07:404][  0]LogPakFile: OnPakFileMounted2Time == 0.000051
[2023.10.30-20.24.07:414][  0]LogPakFile: PakFile PrimaryIndexSize=185
[2023.10.30-20.24.07:414][  0]LogPakFile: PakFile PathHashIndexSize=101
[2023.10.30-20.24.07:414][  0]LogPakFile: PakFile FullDirectoryIndexSize=144
[2023.10.30-20.24.07:414][  0]LogShaderLibrary: Display: ShaderCodeLibraryPakFileMountedCallback: PakFile 'D:/Apps/Unreal Installs/UE_4.27/FeaturePacks/TP_VehicleBP.upack' (chunk index -1, root 'root:/') mounted
[2023.10.30-20.24.07:414][  0]LogShaderLibrary: Display: ShaderCodeLibraryPakFileMountedCallback: pending pak file info (ChunkID:-1 Root:root:/ File:D:/Apps/Unreal Installs/UE_4.27/FeaturePacks/TP_VehicleBP.upack)
[2023.10.30-20.24.07:414][  0]LogPakFile: OnPakFileMounted2Time == 0.000090
[2023.10.30-20.24.07:424][  0]LogPakFile: PakFile PrimaryIndexSize=192
[2023.10.30-20.24.07:424][  0]LogPakFile: PakFile PathHashIndexSize=101
[2023.10.30-20.24.07:424][  0]LogPakFile: PakFile FullDirectoryIndexSize=158
[2023.10.30-20.24.07:424][  0]LogShaderLibrary: Display: ShaderCodeLibraryPakFileMountedCallback: PakFile 'D:/Apps/Unreal Installs/UE_4.27/FeaturePacks/TP_VirtualRealityBP.upack' (chunk index -1, root 'root:/') mounted
[2023.10.30-20.24.07:424][  0]LogShaderLibrary: Display: ShaderCodeLibraryPakFileMountedCallback: pending pak file info (ChunkID:-1 Root:root:/ File:D:/Apps/Unreal Installs/UE_4.27/FeaturePacks/TP_VirtualRealityBP.upack)
[2023.10.30-20.24.07:424][  0]LogPakFile: OnPakFileMounted2Time == 0.000066
[2023.10.30-20.24.08:844][  0]LogNativeClassHierarchy: Verbose: Native class hierarchy updated for 'AddContentDialog' in 0.0003 seconds. Added 0 classes and 0 folders.
[2023.10.30-20.24.08:891][  0]LogNativeClassHierarchy: Verbose: Native class hierarchy updated for 'SceneOutliner' in 0.0004 seconds. Added 2 classes and 0 folders.
[2023.10.30-20.24.09:861][  0]LogSlate: Took 0.000211 seconds to synchronously load lazily loaded font '../../../Engine/Content/Slate/Fonts/Roboto-Regular.ttf' (155K)
[2023.10.30-20.24.09:896][  0]LogSlate: Took 0.024811 seconds to synchronously load lazily loaded font '../../../Engine/Content/Editor/Slate/Fonts/FontAwesome.ttf' (139K)
[2023.10.30-20.24.09:908][  0]LogSlate: Took 0.000159 seconds to synchronously load lazily loaded font '../../../Engine/Content/Slate/Fonts/Roboto-Bold.ttf' (160K)
[2023.10.30-20.24.10:775][  0]LogRenderer: Reallocating scene render targets to support 864x464 Format 10 NumSamples 1 (Frame:1).
[2023.10.30-20.24.12:381][  0]LogNativeClassHierarchy: Verbose: Native class hierarchy updated for 'HierarchicalLODOutliner' in 0.0003 seconds. Added 0 classes and 0 folders.
[2023.10.30-20.24.12:381][  0]LogInput: Warning: Action SetDestination uses invalid key OculusGo_Left_Trigger_Click.
[2023.10.30-20.24.12:381][  0]LogInput: Warning: Action ResetVR uses invalid key OculusGo_Left_Back_Click.
[2023.10.30-20.24.12:381][  0]LogInput: Warning: Use -RemoveInvalidKeys to remove instances of these keys from the action mapping.
[2023.10.30-20.24.12:382][  0]LogLoad: (Engine Initialization) Total time: 29.39 seconds
[2023.10.30-20.24.12:382][  0]LogLoad: (Engine Initialization) Total Blueprint compile time: 0.00 seconds
[2023.10.30-20.24.12:699][  0]LogAssetRegistry: Asset discovery search completed in 23.9764 seconds
[2023.10.30-20.24.12:706][  0]LogCollectionManager: Fixed up redirectors for 0 collections in 0.000005 seconds (updated 0 objects)
[2023.10.30-20.24.12:841][  0]LogContentStreaming: Texture pool size now 1000 MB
[2023.10.30-20.24.13:163][  0]LogSlate: Took 0.021078 seconds to synchronously load lazily loaded font '../../../Engine/Content/Slate/Fonts/DroidSansMono.ttf' (77K)
[2023.10.30-20.24.13:702][  2]LogSlate: Took 0.016667 seconds to synchronously load lazily loaded font '../../../Engine/Content/Slate/Fonts/Roboto-Light.ttf' (167K)
[2023.10.30-20.24.13:753][  3]LogSlate: Took 0.000153 seconds to synchronously load lazily loaded font '../../../Engine/Content/Slate/Fonts/Roboto-Light.ttf' (167K)
[2023.10.30-20.25.36:326][888]LogSlate: Window 'Registro del mensaje' being destroyed
[2023.10.30-20.25.36:334][888]LogSlate: Window 'Registro del mensaje' being destroyed
[2023.10.30-20.40.49:082][426]LogUObjectHash: Compacting FUObjectHashTables data took   1.03ms
[2023.10.30-20.40.49:266][426]LogSlate: Window 'Bomberman - Unreal Editor' being destroyed
[2023.10.30-20.40.50:130][427]Cmd: QUIT_EDITOR
[2023.10.30-20.40.50:130][427]LogCore: Engine exit requested (reason: UUnrealEdEngine::CloseEditor())
[2023.10.30-20.40.50:270][427]LogCore: Engine exit requested (reason: EngineExit() was called; note: exit was already requested)
[2023.10.30-20.40.50:523][427]LogAudio: Display: Beginning Audio Device Manager Shutdown (Module: AudioMixerXAudio2)...
[2023.10.30-20.40.50:523][427]LogAudio: Display: Destroying 1 Remaining Audio Device(s)...
[2023.10.30-20.40.50:532][427]LogAudio: Display: Audio Device unregistered from world 'TopDownExampleMap'.
[2023.10.30-20.40.50:590][427]LogAudioMixer: FMixerPlatformXAudio2::StopAudioStream() called
[2023.10.30-20.40.50:595][427]LogAudioMixer: FMixerPlatformXAudio2::StopAudioStream() called
[2023.10.30-20.40.50:642][427]LogAudio: Display: Audio Device Manager Shutdown
[2023.10.30-20.40.50:660][427]LogWindowsTextInputMethodSystem: Display: IME system deactivated.
[2023.10.30-20.40.50:705][427]LogExit: Preparing to exit.
[2023.10.30-20.40.51:050][427]LogUObjectHash: Compacting FUObjectHashTables data took   1.35ms
