Log file open, 11/08/23 14:41:17
LogWindows: Failed to load 'aqProf.dll' (GetLastError=126)
LogWindows: File 'aqProf.dll' does not exist
LogWindows: Failed to load 'VtuneApi.dll' (GetLastError=126)
LogWindows: File 'VtuneApi.dll' does not exist
LogWindows: Failed to load 'VtuneApi32e.dll' (GetLastError=126)
LogWindows: File 'VtuneApi32e.dll' does not exist
LogConsoleResponse: Display: Failed to find resolution value strings in scalability ini. Falling back to default.
LogConsoleResponse: Display: Failed to find resolution value strings in scalability ini. Falling back to default.
LogInit: Display: Running engine for game: Bomberman
LogPlatformFile: Not using cached read wrapper
LogTaskGraph: Started task graph with 5 named threads and 23 total threads with 3 sets of task threads.
LogStats: Stats thread started at 0.377790
LogICUInternationalization: ICU TimeZone Detection - Raw Offset: -6:00, Platform Override: ''
LogInit: Display: Loading text-based GConfig....
LogPluginManager: Mounting plugin MeshPainting
LogPluginManager: Mounting plugin XGEController
LogPluginManager: Mounting plugin Paper2D
LogPluginManager: Mounting plugin AISupport
LogPluginManager: Mounting plugin EnvironmentQueryEditor
LogPluginManager: Mounting plugin CameraShakePreviewer
LogPluginManager: Mounting plugin LightPropagationVolume
LogPluginManager: Mounting plugin GameplayCameras
LogPluginManager: Mounting plugin OodleData
LogPluginManager: Mounting plugin OodleNetwork
LogPluginManager: Mounting plugin AnimationSharing
LogPluginManager: Mounting plugin CLionSourceCodeAccess
LogPluginManager: Mounting plugin GitSourceControl
LogPluginManager: Mounting plugin CodeLiteSourceCodeAccess
LogPluginManager: Mounting plugin KDevelopSourceCodeAccess
LogPluginManager: Mounting plugin NullSourceCodeAccess
LogPluginManager: Mounting plugin DatasmithContent
LogPluginManager: Mounting plugin PerforceSourceControl
LogPluginManager: Mounting plugin PixWinPlugin
LogPluginManager: Mounting plugin VariantManagerContent
LogPluginManager: Mounting plugin PlasticSourceControl
LogPluginManager: Mounting plugin PluginUtils
LogPluginManager: Mounting plugin PropertyAccessNode
LogPluginManager: Mounting plugin RiderSourceCodeAccess
LogPluginManager: Mounting plugin SubversionSourceControl
LogPluginManager: Mounting plugin TextureFormatOodle
LogPluginManager: Mounting plugin UObjectPlugin
LogPluginManager: Mounting plugin VisualStudioCodeSourceCodeAccess
LogPluginManager: Mounting plugin XCodeSourceCodeAccess
LogPluginManager: Mounting plugin VisualStudioSourceCodeAccess
LogPluginManager: Mounting plugin Niagara
LogPluginManager: Mounting plugin AssetManagerEditor
LogPluginManager: Mounting plugin CryptoKeys
LogPluginManager: Mounting plugin CurveEditorTools
LogPluginManager: Mounting plugin DataValidation
LogPluginManager: Mounting plugin GameplayTagsEditor
LogPluginManager: Mounting plugin FacialAnimation
LogPluginManager: Mounting plugin GeometryMode
LogPluginManager: Mounting plugin MacGraphicsSwitching
LogPluginManager: Mounting plugin MaterialAnalyzer
LogPluginManager: Mounting plugin MobileLauncherProfileWizard
LogPluginManager: Mounting plugin PluginBrowser
LogPluginManager: Mounting plugin SpeedTreeImporter
LogPluginManager: Mounting plugin AndroidMedia
LogPluginManager: Mounting plugin AvfMedia
LogPluginManager: Mounting plugin ImgMedia
LogPluginManager: Mounting plugin MediaCompositing
LogPluginManager: Mounting plugin MediaPlayerEditor
LogPluginManager: Mounting plugin WebMMedia
LogPluginManager: Mounting plugin WmfMedia
LogPluginManager: Mounting plugin ActorSequence
LogPluginManager: Mounting plugin LevelSequenceEditor
LogPluginManager: Mounting plugin MatineeToLevelSequence
LogPluginManager: Mounting plugin TemplateSequence
LogPluginManager: Mounting plugin UdpMessaging
LogPluginManager: Mounting plugin LuminPlatformFeatures
LogPluginManager: Mounting plugin TcpMessaging
LogPluginManager: Mounting plugin MagicLeap
LogPluginManager: Mounting plugin MagicLeapLightEstimation
LogPluginManager: Mounting plugin MagicLeapMedia
LogPluginManager: Mounting plugin MagicLeapPassableWorld
LogPluginManager: Mounting plugin MLSDK
LogPluginManager: Mounting plugin LauncherChunkInstaller
LogPluginManager: Mounting plugin OnlineSubsystem
LogPluginManager: Mounting plugin OnlineSubsystemNull
LogPluginManager: Mounting plugin OnlineSubsystemUtils
LogPluginManager: Mounting plugin ActorLayerUtilities
LogPluginManager: Mounting plugin AndroidDeviceProfileSelector
LogPluginManager: Mounting plugin AndroidMoviePlayer
LogPluginManager: Mounting plugin AndroidPermission
LogPluginManager: Mounting plugin AppleImageUtils
LogPluginManager: Mounting plugin AppleMoviePlayer
LogPluginManager: Mounting plugin ArchVisCharacter
LogPluginManager: Mounting plugin AssetTags
LogPluginManager: Mounting plugin AudioSynesthesia
LogPluginManager: Mounting plugin AudioCapture
LogPluginManager: Mounting plugin CableComponent
LogPluginManager: Mounting plugin ChunkDownloader
LogPluginManager: Mounting plugin CustomMeshComponent
LogPluginManager: Mounting plugin EditableMesh
LogPluginManager: Mounting plugin ExampleDeviceProfileSelector
LogPluginManager: Mounting plugin GoogleCloudMessaging
LogPluginManager: Mounting plugin GooglePAD
LogPluginManager: Mounting plugin Takes
LogPluginManager: Mounting plugin IOSDeviceProfileSelector
LogPluginManager: Mounting plugin LinuxDeviceProfileSelector
LogPluginManager: Mounting plugin LocationServicesBPLibrary
LogPluginManager: Mounting plugin MobilePatchingUtils
LogPluginManager: Mounting plugin OpenXREyeTracker
LogPluginManager: Mounting plugin OpenXR
LogPluginManager: Mounting plugin OpenXRHandTracking
LogPluginManager: Mounting plugin PhysXVehicles
LogPluginManager: Mounting plugin PostSplashScreen
LogPluginManager: Mounting plugin ScreenshotTools
LogPluginManager: Mounting plugin PropertyAccessEditor
LogPluginManager: Mounting plugin ProceduralMeshComponent
LogPluginManager: Mounting plugin RuntimePhysXCooking
LogPluginManager: Mounting plugin SignificanceManager
LogPluginManager: Mounting plugin SoundFields
LogPluginManager: Mounting plugin Synthesis
LogPluginManager: Mounting plugin WebMMoviePlayer
LogPluginManager: Mounting plugin WindowsMoviePlayer
LogPluginManager: Mounting plugin AlembicImporter
LogPluginManager: Mounting plugin AutomationUtils
LogPluginManager: Mounting plugin BackChannel
LogPluginManager: Mounting plugin ChaosCloth
LogPluginManager: Mounting plugin ChaosSolverPlugin
LogPluginManager: Mounting plugin ChaosNiagara
LogPluginManager: Mounting plugin CharacterAI
LogPluginManager: Mounting plugin ChaosClothEditor
LogPluginManager: Mounting plugin ChaosEditor
LogPluginManager: Mounting plugin GeometryCache
LogPluginManager: Mounting plugin GeometryCollectionPlugin
LogPluginManager: Mounting plugin GeometryProcessing
LogPluginManager: Mounting plugin OpenImageDenoise
LogPluginManager: Mounting plugin MotoSynth
LogPluginManager: Mounting plugin PlanarCut
LogPluginManager: Mounting plugin ProxyLODPlugin
LogPluginManager: Mounting plugin PlatformCrypto
LogPluginManager: Mounting plugin PythonScriptPlugin
LogPluginManager: Mounting plugin SkeletalReduction
LogPluginManager: Mounting plugin LiveLink
LogPluginManager: Mounting plugin ContentBrowserAssetDataSource
LogPluginManager: Mounting plugin ContentBrowserClassDataSource
LogPluginManager: Mounting plugin ContentBrowserFileDataSource
LogPluginManager: Mounting plugin OnlineSubsystemGooglePlay
LogPluginManager: Mounting plugin OnlineSubsystemIOS
LogPluginManager: Mounting plugin OculusVR
LogPluginManager: Mounting plugin SteamVR
PixWinPlugin: PIX capture plugin failed to initialize! Check that the process is launched from PIX.
LogInit: Using libcurl 7.55.1-DEV
LogInit:  - built for x86_64-pc-win32
LogInit:  - supports SSL with OpenSSL/1.1.1
LogInit:  - supports HTTP deflate (compression) using libz 1.2.8
LogInit:  - other features:
LogInit:      CURL_VERSION_SSL
LogInit:      CURL_VERSION_LIBZ
LogInit:      CURL_VERSION_IPV6
LogInit:      CURL_VERSION_ASYNCHDNS
LogInit:      CURL_VERSION_LARGEFILE
LogInit:      CURL_VERSION_IDN
LogInit:  CurlRequestOptions (configurable via config and command line):
LogInit:  - bVerifyPeer = true  - Libcurl will verify peer certificate
LogInit:  - bUseHttpProxy = false  - Libcurl will NOT use HTTP proxy
LogInit:  - bDontReuseConnections = false  - Libcurl will reuse connections
LogInit:  - MaxHostConnections = 16  - Libcurl will limit the number of connections to a host
LogInit:  - LocalHostAddr = Default
LogInit:  - BufferSize = 65536
LogOnline: OSS: Creating online subsystem instance for: NULL
LogInit: WinSock: version 1.1 (2.2), MaxSocks=32767, MaxUdp=65467
LogOnline: OSS: TryLoadSubsystemAndSetDefault: Loaded subsystem for module [NULL]
LogOculusPluginWrapper: OculusPlugin initialized successfully
LogHMD: Failed initializing OVRPlugin 1.59.0
LogInit: Build: ++UE4+Release-4.27-CL-18319896
LogInit: Engine Version: 4.27.2-18319896+++UE4+Release-4.27
LogInit: Compatible Engine Version: 4.27.0-17155196+++UE4+Release-4.27
LogInit: Net CL: 17155196
LogInit: OS: Windows 10 (Release 2009) (), CPU: Intel(R) Core(TM) i7-6700HQ CPU @ 2.60GHz, GPU: Intel(R) HD Graphics 530
LogInit: Compiled (64-bit): Nov 30 2021 07:12:08
LogInit: Compiled with Visual C++: 19.24.28315.00
LogInit: Build Configuration: Development
LogInit: Branch Name: ++UE4+Release-4.27
LogInit: Command Line: 
LogInit: Base Directory: D:/Apps/Unreal Installs/UE_4.27/Engine/Binaries/Win64/
LogInit: Allocator: TBB
LogInit: Installed Engine Build: 1
LogDevObjectVersion: Number of dev versions registered: 29
LogDevObjectVersion:   Dev-Blueprints (B0D832E4-1F89-4F0D-ACCF-7EB736FD4AA2): 10
LogDevObjectVersion:   Dev-Build (E1C64328-A22C-4D53-A36C-8E866417BD8C): 0
LogDevObjectVersion:   Dev-Core (375EC13C-06E4-48FB-B500-84F0262A717E): 4
LogDevObjectVersion:   Dev-Editor (E4B068ED-F494-42E9-A231-DA0B2E46BB41): 40
LogDevObjectVersion:   Dev-Framework (CFFC743F-43B0-4480-9391-14DF171D2073): 37
LogDevObjectVersion:   Dev-Mobile (B02B49B5-BB20-44E9-A304-32B752E40360): 3
LogDevObjectVersion:   Dev-Networking (A4E4105C-59A1-49B5-A7C5-40C4547EDFEE): 0
LogDevObjectVersion:   Dev-Online (39C831C9-5AE6-47DC-9A44-9C173E1C8E7C): 0
LogDevObjectVersion:   Dev-Physics (78F01B33-EBEA-4F98-B9B4-84EACCB95AA2): 14
LogDevObjectVersion:   Dev-Platform (6631380F-2D4D-43E0-8009-CF276956A95A): 0
LogDevObjectVersion:   Dev-Rendering (12F88B9F-8875-4AFC-A67C-D90C383ABD29): 45
LogDevObjectVersion:   Dev-Sequencer (7B5AE74C-D270-4C10-A958-57980B212A5A): 13
LogDevObjectVersion:   Dev-VR (D7296918-1DD6-4BDD-9DE2-64A83CC13884): 3
LogDevObjectVersion:   Dev-LoadTimes (C2A15278-BFE7-4AFE-6C17-90FF531DF755): 1
LogDevObjectVersion:   Private-Geometry (6EACA3D4-40EC-4CC1-B786-8BED09428FC5): 3
LogDevObjectVersion:   Dev-AnimPhys (29E575DD-E0A3-4627-9D10-D276232CDCEA): 17
LogDevObjectVersion:   Dev-Anim (AF43A65D-7FD3-4947-9873-3E8ED9C1BB05): 15
LogDevObjectVersion:   Dev-ReflectionCapture (6B266CEC-1EC7-4B8F-A30B-E4D90942FC07): 1
LogDevObjectVersion:   Dev-Automation (0DF73D61-A23F-47EA-B727-89E90C41499A): 1
LogDevObjectVersion:   FortniteMain (601D1886-AC64-4F84-AA16-D3DE0DEAC7D6): 47
LogDevObjectVersion:   FortniteRelease (E7086368-6B23-4C58-8439-1B7016265E91): 1
LogDevObjectVersion:   Dev-Enterprise (9DFFBCD6-494F-0158-E221-12823C92A888): 10
LogDevObjectVersion:   Dev-Niagara (F2AED0AC-9AFE-416F-8664-AA7FFA26D6FC): 1
LogDevObjectVersion:   Dev-Destruction (174F1F0B-B4C6-45A5-B13F-2EE8D0FB917D): 10
LogDevObjectVersion:   Dev-Physics-Ext (35F94A83-E258-406C-A318-09F59610247C): 41
LogDevObjectVersion:   Dev-PhysicsMaterial-Chaos (B68FC16E-8B1B-42E2-B453-215C058844FE): 1
LogDevObjectVersion:   Dev-CineCamera (B2E18506-4273-CFC2-A54E-F4BB758BBA07): 1
LogDevObjectVersion:   Dev-VirtualProduction (64F58936-FD1B-42BA-BA96-7289D5D0FA4E): 1
LogDevObjectVersion:   Dev-MediaFramework (6F0ED827-A609-4895-9C91-998D90180EA4): 2
LogInit: Presizing for max 25165824 objects, including 0 objects not considered by GC, pre-allocating 0 bytes for permanent pool.
LogConfig: Applying CVar settings from Section [/Script/Engine.StreamingSettings] File [D:/Docs/UCSLP - Lap/5to Semestre/Motores/Bomberman_clone_UE4/Bomberman/Saved/Config/Windows/Engine.ini]
LogConfig: Setting CVar [[s.MinBulkDataSizeForAsyncLoading:131072]]
LogConfig: Setting CVar [[s.AsyncLoadingThreadEnabled:0]]
LogConfig: Setting CVar [[s.EventDrivenLoaderEnabled:1]]
LogConfig: Setting CVar [[s.WarnIfTimeLimitExceeded:0]]
LogConfig: Setting CVar [[s.TimeLimitExceededMultiplier:1.5]]
LogConfig: Setting CVar [[s.TimeLimitExceededMinTime:0.005]]
LogConfig: Setting CVar [[s.UseBackgroundLevelStreaming:1]]
LogConfig: Setting CVar [[s.PriorityAsyncLoadingExtraTime:15.0]]
LogConfig: Setting CVar [[s.LevelStreamingActorsUpdateTimeLimit:5.0]]
LogConfig: Setting CVar [[s.PriorityLevelStreamingActorsUpdateExtraTime:5.0]]
LogConfig: Setting CVar [[s.LevelStreamingComponentsRegistrationGranularity:10]]
LogConfig: Setting CVar [[s.UnregisterComponentsTimeLimit:1.0]]
LogConfig: Setting CVar [[s.LevelStreamingComponentsUnregistrationGranularity:5]]
LogConfig: Setting CVar [[s.FlushStreamingOnExit:1]]
LogInit: Object subsystem initialized
LogConfig: Setting CVar [[con.DebugEarlyDefault:1]]
LogConfig: Setting CVar [[r.setres:1280x720]]
[2023.11.08-20.41.18:399][  0]LogConfig: Setting CVar [[r.VSync:0]]
[2023.11.08-20.41.18:399][  0]LogConfig: Setting CVar [[r.RHICmdBypass:0]]
[2023.11.08-20.41.18:399][  0]LogConfig: Applying CVar settings from Section [/Script/Engine.RendererSettings] File [D:/Docs/UCSLP - Lap/5to Semestre/Motores/Bomberman_clone_UE4/Bomberman/Saved/Config/Windows/Engine.ini]
[2023.11.08-20.41.18:399][  0]LogConfig: Setting CVar [[r.GPUCrashDebugging:0]]
[2023.11.08-20.41.18:399][  0]LogConfig: Applying CVar settings from Section [/Script/Engine.RendererOverrideSettings] File [D:/Docs/UCSLP - Lap/5to Semestre/Motores/Bomberman_clone_UE4/Bomberman/Saved/Config/Windows/Engine.ini]
[2023.11.08-20.41.18:399][  0]LogConfig: Applying CVar settings from Section [/Script/Engine.StreamingSettings] File [D:/Docs/UCSLP - Lap/5to Semestre/Motores/Bomberman_clone_UE4/Bomberman/Saved/Config/Windows/Engine.ini]
[2023.11.08-20.41.18:399][  0]LogConfig: Setting CVar [[s.MinBulkDataSizeForAsyncLoading:131072]]
[2023.11.08-20.41.18:399][  0]LogConfig: Setting CVar [[s.AsyncLoadingThreadEnabled:0]]
[2023.11.08-20.41.18:399][  0]LogConfig: Setting CVar [[s.EventDrivenLoaderEnabled:1]]
[2023.11.08-20.41.18:399][  0]LogConfig: Setting CVar [[s.WarnIfTimeLimitExceeded:0]]
[2023.11.08-20.41.18:399][  0]LogConfig: Setting CVar [[s.TimeLimitExceededMultiplier:1.5]]
[2023.11.08-20.41.18:399][  0]LogConfig: Setting CVar [[s.TimeLimitExceededMinTime:0.005]]
[2023.11.08-20.41.18:399][  0]LogConfig: Setting CVar [[s.UseBackgroundLevelStreaming:1]]
[2023.11.08-20.41.18:399][  0]LogConfig: Setting CVar [[s.PriorityAsyncLoadingExtraTime:15.0]]
[2023.11.08-20.41.18:399][  0]LogConfig: Setting CVar [[s.LevelStreamingActorsUpdateTimeLimit:5.0]]
[2023.11.08-20.41.18:399][  0]LogConfig: Setting CVar [[s.PriorityLevelStreamingActorsUpdateExtraTime:5.0]]
[2023.11.08-20.41.18:399][  0]LogConfig: Setting CVar [[s.LevelStreamingComponentsRegistrationGranularity:10]]
[2023.11.08-20.41.18:399][  0]LogConfig: Setting CVar [[s.UnregisterComponentsTimeLimit:1.0]]
[2023.11.08-20.41.18:399][  0]LogConfig: Setting CVar [[s.LevelStreamingComponentsUnregistrationGranularity:5]]
[2023.11.08-20.41.18:399][  0]LogConfig: Setting CVar [[s.FlushStreamingOnExit:1]]
[2023.11.08-20.41.18:399][  0]LogConfig: Applying CVar settings from Section [/Script/Engine.GarbageCollectionSettings] File [D:/Docs/UCSLP - Lap/5to Semestre/Motores/Bomberman_clone_UE4/Bomberman/Saved/Config/Windows/Engine.ini]
[2023.11.08-20.41.18:399][  0]LogConfig: Setting CVar [[gc.MaxObjectsNotConsideredByGC:1]]
[2023.11.08-20.41.18:399][  0]LogConfig: Setting CVar [[gc.SizeOfPermanentObjectPool:0]]
[2023.11.08-20.41.18:399][  0]LogConfig: Setting CVar [[gc.FlushStreamingOnGC:0]]
[2023.11.08-20.41.18:399][  0]LogConfig: Setting CVar [[gc.NumRetriesBeforeForcingGC:10]]
[2023.11.08-20.41.18:399][  0]LogConfig: Setting CVar [[gc.AllowParallelGC:1]]
[2023.11.08-20.41.18:399][  0]LogConfig: Setting CVar [[gc.TimeBetweenPurgingPendingKillObjects:61.1]]
[2023.11.08-20.41.18:399][  0]LogConfig: Setting CVar [[gc.MaxObjectsInEditor:25165824]]
[2023.11.08-20.41.18:399][  0]LogConfig: Setting CVar [[gc.IncrementalBeginDestroyEnabled:1]]
[2023.11.08-20.41.18:399][  0]LogConfig: Setting CVar [[gc.CreateGCClusters:1]]
[2023.11.08-20.41.18:399][  0]LogConfig: Setting CVar [[gc.MinGCClusterSize:5]]
[2023.11.08-20.41.18:399][  0]LogConfig: Setting CVar [[gc.ActorClusteringEnabled:0]]
[2023.11.08-20.41.18:399][  0]LogConfig: Setting CVar [[gc.BlueprintClusteringEnabled:0]]
[2023.11.08-20.41.18:399][  0]LogConfig: Setting CVar [[gc.UseDisregardForGCOnDedicatedServers:0]]
[2023.11.08-20.41.18:399][  0]LogConfig: Setting CVar [[gc.MultithreadedDestructionEnabled:1]]
[2023.11.08-20.41.18:399][  0]LogConfig: Applying CVar settings from Section [/Script/Engine.NetworkSettings] File [D:/Docs/UCSLP - Lap/5to Semestre/Motores/Bomberman_clone_UE4/Bomberman/Saved/Config/Windows/Engine.ini]
[2023.11.08-20.41.18:399][  0]LogConfig: Applying CVar settings from Section [/Script/UnrealEd.CookerSettings] File [D:/Docs/UCSLP - Lap/5to Semestre/Motores/Bomberman_clone_UE4/Bomberman/Saved/Config/Windows/Engine.ini]
[2023.11.08-20.41.18:422][  0]LogConfig: Applying CVar settings from Section [ViewDistanceQuality@3] File [D:/Docs/UCSLP - Lap/5to Semestre/Motores/Bomberman_clone_UE4/Bomberman/Saved/Config/Windows/Scalability.ini]
[2023.11.08-20.41.18:422][  0]LogConfig: Setting CVar [[r.SkeletalMeshLODBias:0]]
[2023.11.08-20.41.18:422][  0]LogConfig: Setting CVar [[r.ViewDistanceScale:1.0]]
[2023.11.08-20.41.18:422][  0]LogConfig: Applying CVar settings from Section [AntiAliasingQuality@3] File [D:/Docs/UCSLP - Lap/5to Semestre/Motores/Bomberman_clone_UE4/Bomberman/Saved/Config/Windows/Scalability.ini]
[2023.11.08-20.41.18:422][  0]LogConfig: Setting CVar [[r.PostProcessAAQuality:4]]
[2023.11.08-20.41.18:422][  0]LogConfig: Applying CVar settings from Section [ShadowQuality@3] File [D:/Docs/UCSLP - Lap/5to Semestre/Motores/Bomberman_clone_UE4/Bomberman/Saved/Config/Windows/Scalability.ini]
[2023.11.08-20.41.18:422][  0]LogConfig: Setting CVar [[r.LightFunctionQuality:1]]
[2023.11.08-20.41.18:422][  0]LogConfig: Setting CVar [[r.ShadowQuality:5]]
[2023.11.08-20.41.18:422][  0]LogConfig: Setting CVar [[r.Shadow.CSM.MaxCascades:10]]
[2023.11.08-20.41.18:422][  0]LogConfig: Setting CVar [[r.Shadow.MaxResolution:2048]]
[2023.11.08-20.41.18:422][  0]LogConfig: Setting CVar [[r.Shadow.MaxCSMResolution:2048]]
[2023.11.08-20.41.18:422][  0]LogConfig: Setting CVar [[r.Shadow.RadiusThreshold:0.01]]
[2023.11.08-20.41.18:422][  0]LogConfig: Setting CVar [[r.Shadow.DistanceScale:1.0]]
[2023.11.08-20.41.18:422][  0]LogConfig: Setting CVar [[r.Shadow.CSM.TransitionScale:1.0]]
[2023.11.08-20.41.18:422][  0]LogConfig: Setting CVar [[r.Shadow.PreShadowResolutionFactor:1.0]]
[2023.11.08-20.41.18:422][  0]LogConfig: Setting CVar [[r.DistanceFieldShadowing:1]]
[2023.11.08-20.41.18:422][  0]LogConfig: Setting CVar [[r.DistanceFieldAO:1]]
[2023.11.08-20.41.18:422][  0]LogConfig: Setting CVar [[r.AOQuality:2]]
[2023.11.08-20.41.18:422][  0]LogConfig: Setting CVar [[r.VolumetricFog:1]]
[2023.11.08-20.41.18:422][  0]LogConfig: Setting CVar [[r.VolumetricFog.GridPixelSize:8]]
[2023.11.08-20.41.18:422][  0]LogConfig: Setting CVar [[r.VolumetricFog.GridSizeZ:128]]
[2023.11.08-20.41.18:422][  0]LogConfig: Setting CVar [[r.VolumetricFog.HistoryMissSupersampleCount:4]]
[2023.11.08-20.41.18:422][  0]LogConfig: Setting CVar [[r.LightMaxDrawDistanceScale:1]]
[2023.11.08-20.41.18:422][  0]LogConfig: Setting CVar [[r.CapsuleShadows:1]]
[2023.11.08-20.41.18:422][  0]LogConfig: Applying CVar settings from Section [PostProcessQuality@3] File [D:/Docs/UCSLP - Lap/5to Semestre/Motores/Bomberman_clone_UE4/Bomberman/Saved/Config/Windows/Scalability.ini]
[2023.11.08-20.41.18:422][  0]LogConfig: Setting CVar [[r.MotionBlurQuality:4]]
[2023.11.08-20.41.18:422][  0]LogConfig: Setting CVar [[r.AmbientOcclusionMipLevelFactor:0.4]]
[2023.11.08-20.41.18:422][  0]LogConfig: Setting CVar [[r.AmbientOcclusionMaxQuality:100]]
[2023.11.08-20.41.18:422][  0]LogConfig: Setting CVar [[r.AmbientOcclusionLevels:-1]]
[2023.11.08-20.41.18:422][  0]LogConfig: Setting CVar [[r.AmbientOcclusionRadiusScale:1.0]]
[2023.11.08-20.41.18:422][  0]LogConfig: Setting CVar [[r.DepthOfFieldQuality:2]]
[2023.11.08-20.41.18:422][  0]LogConfig: Setting CVar [[r.RenderTargetPoolMin:400]]
[2023.11.08-20.41.18:422][  0]LogConfig: Setting CVar [[r.LensFlareQuality:2]]
[2023.11.08-20.41.18:422][  0]LogConfig: Setting CVar [[r.SceneColorFringeQuality:1]]
[2023.11.08-20.41.18:422][  0]LogConfig: Setting CVar [[r.EyeAdaptationQuality:2]]
[2023.11.08-20.41.18:422][  0]LogConfig: Setting CVar [[r.BloomQuality:5]]
[2023.11.08-20.41.18:422][  0]LogConfig: Setting CVar [[r.FastBlurThreshold:100]]
[2023.11.08-20.41.18:422][  0]LogConfig: Setting CVar [[r.Upscale.Quality:3]]
[2023.11.08-20.41.18:422][  0]LogConfig: Setting CVar [[r.Tonemapper.GrainQuantization:1]]
[2023.11.08-20.41.18:422][  0]LogConfig: Setting CVar [[r.LightShaftQuality:1]]
[2023.11.08-20.41.18:422][  0]LogConfig: Setting CVar [[r.Filter.SizeScale:1]]
[2023.11.08-20.41.18:422][  0]LogConfig: Setting CVar [[r.Tonemapper.Quality:5]]
[2023.11.08-20.41.18:422][  0]LogConfig: Setting CVar [[r.DOF.Gather.AccumulatorQuality:1        ; higher gathering accumulator quality]]
[2023.11.08-20.41.18:422][  0]LogConfig: Setting CVar [[r.DOF.Gather.PostfilterMethod:1          ; Median3x3 postfilering method]]
[2023.11.08-20.41.18:422][  0]LogConfig: Setting CVar [[r.DOF.Gather.EnableBokehSettings:0       ; no bokeh simulation when gathering]]
[2023.11.08-20.41.18:422][  0]LogConfig: Setting CVar [[r.DOF.Gather.RingCount:4                 ; medium number of samples when gathering]]
[2023.11.08-20.41.18:422][  0]LogConfig: Setting CVar [[r.DOF.Scatter.ForegroundCompositing:1    ; additive foreground scattering]]
[2023.11.08-20.41.18:422][  0]LogConfig: Setting CVar [[r.DOF.Scatter.BackgroundCompositing:2    ; additive background scattering]]
[2023.11.08-20.41.18:422][  0]LogConfig: Setting CVar [[r.DOF.Scatter.EnableBokehSettings:1      ; bokeh simulation when scattering]]
[2023.11.08-20.41.18:423][  0]LogConfig: Setting CVar [[r.DOF.Scatter.MaxSpriteRatio:0.1         ; only a maximum of 10% of scattered bokeh]]
[2023.11.08-20.41.18:423][  0]LogConfig: Setting CVar [[r.DOF.Recombine.Quality:1                ; cheap slight out of focus]]
[2023.11.08-20.41.18:423][  0]LogConfig: Setting CVar [[r.DOF.Recombine.EnableBokehSettings:0    ; no bokeh simulation on slight out of focus]]
[2023.11.08-20.41.18:423][  0]LogConfig: Setting CVar [[r.DOF.TemporalAAQuality:1                ; more stable temporal accumulation]]
[2023.11.08-20.41.18:423][  0]LogConfig: Setting CVar [[r.DOF.Kernel.MaxForegroundRadius:0.025]]
[2023.11.08-20.41.18:423][  0]LogConfig: Setting CVar [[r.DOF.Kernel.MaxBackgroundRadius:0.025]]
[2023.11.08-20.41.18:423][  0]LogConfig: Applying CVar settings from Section [TextureQuality@3] File [D:/Docs/UCSLP - Lap/5to Semestre/Motores/Bomberman_clone_UE4/Bomberman/Saved/Config/Windows/Scalability.ini]
[2023.11.08-20.41.18:423][  0]LogConfig: Setting CVar [[r.Streaming.MipBias:0]]
[2023.11.08-20.41.18:423][  0]LogConfig: Setting CVar [[r.Streaming.AmortizeCPUToGPUCopy:0]]
[2023.11.08-20.41.18:423][  0]LogConfig: Setting CVar [[r.Streaming.MaxNumTexturesToStreamPerFrame:0]]
[2023.11.08-20.41.18:423][  0]LogConfig: Setting CVar [[r.Streaming.Boost:1]]
[2023.11.08-20.41.18:423][  0]LogConfig: Setting CVar [[r.MaxAnisotropy:8]]
[2023.11.08-20.41.18:423][  0]LogConfig: Setting CVar [[r.VT.MaxAnisotropy:8]]
[2023.11.08-20.41.18:423][  0]LogConfig: Setting CVar [[r.Streaming.LimitPoolSizeToVRAM:0]]
[2023.11.08-20.41.18:423][  0]LogConfig: Setting CVar [[r.Streaming.PoolSize:1000]]
[2023.11.08-20.41.18:423][  0]LogConfig: Setting CVar [[r.Streaming.MaxEffectiveScreenSize:0]]
[2023.11.08-20.41.18:423][  0]LogConfig: Applying CVar settings from Section [EffectsQuality@3] File [D:/Docs/UCSLP - Lap/5to Semestre/Motores/Bomberman_clone_UE4/Bomberman/Saved/Config/Windows/Scalability.ini]
[2023.11.08-20.41.18:423][  0]LogConfig: Setting CVar [[r.TranslucencyLightingVolumeDim:64]]
[2023.11.08-20.41.18:423][  0]LogConfig: Setting CVar [[r.RefractionQuality:2]]
[2023.11.08-20.41.18:423][  0]LogConfig: Setting CVar [[r.SSR.Quality:3]]
[2023.11.08-20.41.18:423][  0]LogConfig: Setting CVar [[r.SSR.HalfResSceneColor:0]]
[2023.11.08-20.41.18:423][  0]LogConfig: Setting CVar [[r.SceneColorFormat:4]]
[2023.11.08-20.41.18:423][  0]LogConfig: Setting CVar [[r.DetailMode:2]]
[2023.11.08-20.41.18:423][  0]LogConfig: Setting CVar [[r.TranslucencyVolumeBlur:1]]
[2023.11.08-20.41.18:423][  0]LogConfig: Setting CVar [[r.MaterialQualityLevel:1 ; High quality]]
[2023.11.08-20.41.18:423][  0]LogConfig: Setting CVar [[r.AnisotropicMaterials:1]]
[2023.11.08-20.41.18:423][  0]LogConfig: Setting CVar [[r.SSS.Scale:1]]
[2023.11.08-20.41.18:423][  0]LogConfig: Setting CVar [[r.SSS.SampleSet:2]]
[2023.11.08-20.41.18:423][  0]LogConfig: Setting CVar [[r.SSS.Quality:1]]
[2023.11.08-20.41.18:423][  0]LogConfig: Setting CVar [[r.SSS.HalfRes:0]]
[2023.11.08-20.41.18:423][  0]LogConfig: Setting CVar [[r.SSGI.Quality:3]]
[2023.11.08-20.41.18:423][  0]LogConfig: Setting CVar [[r.EmitterSpawnRateScale:1.0]]
[2023.11.08-20.41.18:423][  0]LogConfig: Setting CVar [[r.ParticleLightQuality:2]]
[2023.11.08-20.41.18:423][  0]LogConfig: Setting CVar [[r.SkyAtmosphere.AerialPerspectiveLUT.FastApplyOnOpaque:1 ; Always have FastSkyLUT 1 in this case to avoid wrong sky]]
[2023.11.08-20.41.18:423][  0]LogConfig: Setting CVar [[r.SkyAtmosphere.AerialPerspectiveLUT.SampleCountMaxPerSlice:4]]
[2023.11.08-20.41.18:423][  0]LogConfig: Setting CVar [[r.SkyAtmosphere.AerialPerspectiveLUT.DepthResolution:16.0]]
[2023.11.08-20.41.18:423][  0]LogConfig: Setting CVar [[r.SkyAtmosphere.FastSkyLUT:1]]
[2023.11.08-20.41.18:423][  0]LogConfig: Setting CVar [[r.SkyAtmosphere.FastSkyLUT.SampleCountMin:4.0]]
[2023.11.08-20.41.18:423][  0]LogConfig: Setting CVar [[r.SkyAtmosphere.FastSkyLUT.SampleCountMax:128.0]]
[2023.11.08-20.41.18:423][  0]LogConfig: Setting CVar [[r.SkyAtmosphere.SampleCountMin:4.0]]
[2023.11.08-20.41.18:423][  0]LogConfig: Setting CVar [[r.SkyAtmosphere.SampleCountMax:128.0]]
[2023.11.08-20.41.18:423][  0]LogConfig: Setting CVar [[r.SkyAtmosphere.TransmittanceLUT.UseSmallFormat:0]]
[2023.11.08-20.41.18:423][  0]LogConfig: Setting CVar [[r.SkyAtmosphere.TransmittanceLUT.SampleCount:10.0]]
[2023.11.08-20.41.18:423][  0]LogConfig: Setting CVar [[r.SkyAtmosphere.MultiScatteringLUT.SampleCount:15.0]]
[2023.11.08-20.41.18:423][  0]LogConfig: Setting CVar [[r.SkyLight.RealTimeReflectionCapture:1]]
[2023.11.08-20.41.18:423][  0]LogConfig: Applying CVar settings from Section [FoliageQuality@3] File [D:/Docs/UCSLP - Lap/5to Semestre/Motores/Bomberman_clone_UE4/Bomberman/Saved/Config/Windows/Scalability.ini]
[2023.11.08-20.41.18:423][  0]LogConfig: Setting CVar [[foliage.DensityScale:1.0]]
[2023.11.08-20.41.18:423][  0]LogConfig: Setting CVar [[grass.DensityScale:1.0]]
[2023.11.08-20.41.18:423][  0]LogConfig: Applying CVar settings from Section [ShadingQuality@3] File [D:/Docs/UCSLP - Lap/5to Semestre/Motores/Bomberman_clone_UE4/Bomberman/Saved/Config/Windows/Scalability.ini]
[2023.11.08-20.41.18:423][  0]LogConfig: Setting CVar [[r.HairStrands.SkyLighting.IntegrationType:2]]
[2023.11.08-20.41.18:423][  0]LogConfig: Setting CVar [[r.HairStrands.SkyAO.SampleCount:4]]
[2023.11.08-20.41.18:423][  0]LogConfig: Setting CVar [[r.HairStrands.Visibility.MSAA.SamplePerPixel:4]]
[2023.11.08-20.41.18:423][  0]LogInit: Selected Device Profile: [Windows]
[2023.11.08-20.41.18:423][  0]LogInit: Applying CVar settings loaded from the selected device profile: [Windows]
[2023.11.08-20.41.18:423][  0]LogHAL: Display: Platform has ~ 16 GB [17010462720 / 17179869184 / 16], which maps to Larger [LargestMinGB=32, LargerMinGB=12, DefaultMinGB=8, SmallerMinGB=6, SmallestMinGB=0)
[2023.11.08-20.41.18:424][  0]LogInit: Going up to parent DeviceProfile []
[2023.11.08-20.41.18:424][  0]LogConfig: Applying CVar settings from Section [ViewDistanceQuality@3] File [D:/Docs/UCSLP - Lap/5to Semestre/Motores/Bomberman_clone_UE4/Bomberman/Saved/Config/Windows/Scalability.ini]
[2023.11.08-20.41.18:424][  0]LogConfig: Setting CVar [[r.SkeletalMeshLODBias:0]]
[2023.11.08-20.41.18:424][  0]LogConfig: Setting CVar [[r.ViewDistanceScale:1.0]]
[2023.11.08-20.41.18:424][  0]LogConfig: Applying CVar settings from Section [AntiAliasingQuality@3] File [D:/Docs/UCSLP - Lap/5to Semestre/Motores/Bomberman_clone_UE4/Bomberman/Saved/Config/Windows/Scalability.ini]
[2023.11.08-20.41.18:424][  0]LogConfig: Setting CVar [[r.PostProcessAAQuality:4]]
[2023.11.08-20.41.18:424][  0]LogConfig: Applying CVar settings from Section [ShadowQuality@3] File [D:/Docs/UCSLP - Lap/5to Semestre/Motores/Bomberman_clone_UE4/Bomberman/Saved/Config/Windows/Scalability.ini]
[2023.11.08-20.41.18:424][  0]LogConfig: Setting CVar [[r.LightFunctionQuality:1]]
[2023.11.08-20.41.18:424][  0]LogConfig: Setting CVar [[r.ShadowQuality:5]]
[2023.11.08-20.41.18:424][  0]LogConfig: Setting CVar [[r.Shadow.CSM.MaxCascades:10]]
[2023.11.08-20.41.18:424][  0]LogConfig: Setting CVar [[r.Shadow.MaxResolution:2048]]
[2023.11.08-20.41.18:424][  0]LogConfig: Setting CVar [[r.Shadow.MaxCSMResolution:2048]]
[2023.11.08-20.41.18:424][  0]LogConfig: Setting CVar [[r.Shadow.RadiusThreshold:0.01]]
[2023.11.08-20.41.18:424][  0]LogConfig: Setting CVar [[r.Shadow.DistanceScale:1.0]]
[2023.11.08-20.41.18:424][  0]LogConfig: Setting CVar [[r.Shadow.CSM.TransitionScale:1.0]]
[2023.11.08-20.41.18:424][  0]LogConfig: Setting CVar [[r.Shadow.PreShadowResolutionFactor:1.0]]
[2023.11.08-20.41.18:424][  0]LogConfig: Setting CVar [[r.DistanceFieldShadowing:1]]
[2023.11.08-20.41.18:424][  0]LogConfig: Setting CVar [[r.DistanceFieldAO:1]]
[2023.11.08-20.41.18:424][  0]LogConfig: Setting CVar [[r.AOQuality:2]]
[2023.11.08-20.41.18:424][  0]LogConfig: Setting CVar [[r.VolumetricFog:1]]
[2023.11.08-20.41.18:424][  0]LogConfig: Setting CVar [[r.VolumetricFog.GridPixelSize:8]]
[2023.11.08-20.41.18:424][  0]LogConfig: Setting CVar [[r.VolumetricFog.GridSizeZ:128]]
[2023.11.08-20.41.18:424][  0]LogConfig: Setting CVar [[r.VolumetricFog.HistoryMissSupersampleCount:4]]
[2023.11.08-20.41.18:424][  0]LogConfig: Setting CVar [[r.LightMaxDrawDistanceScale:1]]
[2023.11.08-20.41.18:424][  0]LogConfig: Setting CVar [[r.CapsuleShadows:1]]
[2023.11.08-20.41.18:424][  0]LogConfig: Applying CVar settings from Section [PostProcessQuality@3] File [D:/Docs/UCSLP - Lap/5to Semestre/Motores/Bomberman_clone_UE4/Bomberman/Saved/Config/Windows/Scalability.ini]
[2023.11.08-20.41.18:424][  0]LogConfig: Setting CVar [[r.MotionBlurQuality:4]]
[2023.11.08-20.41.18:424][  0]LogConfig: Setting CVar [[r.AmbientOcclusionMipLevelFactor:0.4]]
[2023.11.08-20.41.18:424][  0]LogConfig: Setting CVar [[r.AmbientOcclusionMaxQuality:100]]
[2023.11.08-20.41.18:424][  0]LogConfig: Setting CVar [[r.AmbientOcclusionLevels:-1]]
[2023.11.08-20.41.18:424][  0]LogConfig: Setting CVar [[r.AmbientOcclusionRadiusScale:1.0]]
[2023.11.08-20.41.18:424][  0]LogConfig: Setting CVar [[r.DepthOfFieldQuality:2]]
[2023.11.08-20.41.18:424][  0]LogConfig: Setting CVar [[r.RenderTargetPoolMin:400]]
[2023.11.08-20.41.18:424][  0]LogConfig: Setting CVar [[r.LensFlareQuality:2]]
[2023.11.08-20.41.18:424][  0]LogConfig: Setting CVar [[r.SceneColorFringeQuality:1]]
[2023.11.08-20.41.18:424][  0]LogConfig: Setting CVar [[r.EyeAdaptationQuality:2]]
[2023.11.08-20.41.18:424][  0]LogConfig: Setting CVar [[r.BloomQuality:5]]
[2023.11.08-20.41.18:424][  0]LogConfig: Setting CVar [[r.FastBlurThreshold:100]]
[2023.11.08-20.41.18:424][  0]LogConfig: Setting CVar [[r.Upscale.Quality:3]]
[2023.11.08-20.41.18:424][  0]LogConfig: Setting CVar [[r.Tonemapper.GrainQuantization:1]]
[2023.11.08-20.41.18:424][  0]LogConfig: Setting CVar [[r.LightShaftQuality:1]]
[2023.11.08-20.41.18:424][  0]LogConfig: Setting CVar [[r.Filter.SizeScale:1]]
[2023.11.08-20.41.18:424][  0]LogConfig: Setting CVar [[r.Tonemapper.Quality:5]]
[2023.11.08-20.41.18:424][  0]LogConfig: Setting CVar [[r.DOF.Gather.AccumulatorQuality:1        ; higher gathering accumulator quality]]
[2023.11.08-20.41.18:424][  0]LogConfig: Setting CVar [[r.DOF.Gather.PostfilterMethod:1          ; Median3x3 postfilering method]]
[2023.11.08-20.41.18:424][  0]LogConfig: Setting CVar [[r.DOF.Gather.EnableBokehSettings:0       ; no bokeh simulation when gathering]]
[2023.11.08-20.41.18:424][  0]LogConfig: Setting CVar [[r.DOF.Gather.RingCount:4                 ; medium number of samples when gathering]]
[2023.11.08-20.41.18:424][  0]LogConfig: Setting CVar [[r.DOF.Scatter.ForegroundCompositing:1    ; additive foreground scattering]]
[2023.11.08-20.41.18:424][  0]LogConfig: Setting CVar [[r.DOF.Scatter.BackgroundCompositing:2    ; additive background scattering]]
[2023.11.08-20.41.18:424][  0]LogConfig: Setting CVar [[r.DOF.Scatter.EnableBokehSettings:1      ; bokeh simulation when scattering]]
[2023.11.08-20.41.18:424][  0]LogConfig: Setting CVar [[r.DOF.Scatter.MaxSpriteRatio:0.1         ; only a maximum of 10% of scattered bokeh]]
[2023.11.08-20.41.18:424][  0]LogConfig: Setting CVar [[r.DOF.Recombine.Quality:1                ; cheap slight out of focus]]
[2023.11.08-20.41.18:424][  0]LogConfig: Setting CVar [[r.DOF.Recombine.EnableBokehSettings:0    ; no bokeh simulation on slight out of focus]]
[2023.11.08-20.41.18:424][  0]LogConfig: Setting CVar [[r.DOF.TemporalAAQuality:1                ; more stable temporal accumulation]]
[2023.11.08-20.41.18:424][  0]LogConfig: Setting CVar [[r.DOF.Kernel.MaxForegroundRadius:0.025]]
[2023.11.08-20.41.18:424][  0]LogConfig: Setting CVar [[r.DOF.Kernel.MaxBackgroundRadius:0.025]]
[2023.11.08-20.41.18:424][  0]LogConfig: Applying CVar settings from Section [TextureQuality@3] File [D:/Docs/UCSLP - Lap/5to Semestre/Motores/Bomberman_clone_UE4/Bomberman/Saved/Config/Windows/Scalability.ini]
[2023.11.08-20.41.18:424][  0]LogConfig: Setting CVar [[r.Streaming.MipBias:0]]
[2023.11.08-20.41.18:424][  0]LogConfig: Setting CVar [[r.Streaming.AmortizeCPUToGPUCopy:0]]
[2023.11.08-20.41.18:425][  0]LogConfig: Setting CVar [[r.Streaming.MaxNumTexturesToStreamPerFrame:0]]
[2023.11.08-20.41.18:425][  0]LogConfig: Setting CVar [[r.Streaming.Boost:1]]
[2023.11.08-20.41.18:425][  0]LogConfig: Setting CVar [[r.MaxAnisotropy:8]]
[2023.11.08-20.41.18:425][  0]LogConfig: Setting CVar [[r.VT.MaxAnisotropy:8]]
[2023.11.08-20.41.18:425][  0]LogConfig: Setting CVar [[r.Streaming.LimitPoolSizeToVRAM:0]]
[2023.11.08-20.41.18:425][  0]LogConfig: Setting CVar [[r.Streaming.PoolSize:1000]]
[2023.11.08-20.41.18:425][  0]LogConfig: Setting CVar [[r.Streaming.MaxEffectiveScreenSize:0]]
[2023.11.08-20.41.18:425][  0]LogConfig: Applying CVar settings from Section [EffectsQuality@3] File [D:/Docs/UCSLP - Lap/5to Semestre/Motores/Bomberman_clone_UE4/Bomberman/Saved/Config/Windows/Scalability.ini]
[2023.11.08-20.41.18:425][  0]LogConfig: Setting CVar [[r.TranslucencyLightingVolumeDim:64]]
[2023.11.08-20.41.18:425][  0]LogConfig: Setting CVar [[r.RefractionQuality:2]]
[2023.11.08-20.41.18:425][  0]LogConfig: Setting CVar [[r.SSR.Quality:3]]
[2023.11.08-20.41.18:425][  0]LogConfig: Setting CVar [[r.SSR.HalfResSceneColor:0]]
[2023.11.08-20.41.18:425][  0]LogConfig: Setting CVar [[r.SceneColorFormat:4]]
[2023.11.08-20.41.18:425][  0]LogConfig: Setting CVar [[r.DetailMode:2]]
[2023.11.08-20.41.18:425][  0]LogConfig: Setting CVar [[r.TranslucencyVolumeBlur:1]]
[2023.11.08-20.41.18:425][  0]LogConfig: Setting CVar [[r.MaterialQualityLevel:1 ; High quality]]
[2023.11.08-20.41.18:425][  0]LogConfig: Setting CVar [[r.AnisotropicMaterials:1]]
[2023.11.08-20.41.18:425][  0]LogConfig: Setting CVar [[r.SSS.Scale:1]]
[2023.11.08-20.41.18:425][  0]LogConfig: Setting CVar [[r.SSS.SampleSet:2]]
[2023.11.08-20.41.18:425][  0]LogConfig: Setting CVar [[r.SSS.Quality:1]]
[2023.11.08-20.41.18:425][  0]LogConfig: Setting CVar [[r.SSS.HalfRes:0]]
[2023.11.08-20.41.18:425][  0]LogConfig: Setting CVar [[r.SSGI.Quality:3]]
[2023.11.08-20.41.18:425][  0]LogConfig: Setting CVar [[r.EmitterSpawnRateScale:1.0]]
[2023.11.08-20.41.18:425][  0]LogConfig: Setting CVar [[r.ParticleLightQuality:2]]
[2023.11.08-20.41.18:425][  0]LogConfig: Setting CVar [[r.SkyAtmosphere.AerialPerspectiveLUT.FastApplyOnOpaque:1 ; Always have FastSkyLUT 1 in this case to avoid wrong sky]]
[2023.11.08-20.41.18:425][  0]LogConfig: Setting CVar [[r.SkyAtmosphere.AerialPerspectiveLUT.SampleCountMaxPerSlice:4]]
[2023.11.08-20.41.18:425][  0]LogConfig: Setting CVar [[r.SkyAtmosphere.AerialPerspectiveLUT.DepthResolution:16.0]]
[2023.11.08-20.41.18:425][  0]LogConfig: Setting CVar [[r.SkyAtmosphere.FastSkyLUT:1]]
[2023.11.08-20.41.18:425][  0]LogConfig: Setting CVar [[r.SkyAtmosphere.FastSkyLUT.SampleCountMin:4.0]]
[2023.11.08-20.41.18:425][  0]LogConfig: Setting CVar [[r.SkyAtmosphere.FastSkyLUT.SampleCountMax:128.0]]
[2023.11.08-20.41.18:425][  0]LogConfig: Setting CVar [[r.SkyAtmosphere.SampleCountMin:4.0]]
[2023.11.08-20.41.18:425][  0]LogConfig: Setting CVar [[r.SkyAtmosphere.SampleCountMax:128.0]]
[2023.11.08-20.41.18:425][  0]LogConfig: Setting CVar [[r.SkyAtmosphere.TransmittanceLUT.UseSmallFormat:0]]
[2023.11.08-20.41.18:425][  0]LogConfig: Setting CVar [[r.SkyAtmosphere.TransmittanceLUT.SampleCount:10.0]]
[2023.11.08-20.41.18:425][  0]LogConfig: Setting CVar [[r.SkyAtmosphere.MultiScatteringLUT.SampleCount:15.0]]
[2023.11.08-20.41.18:425][  0]LogConfig: Setting CVar [[r.SkyLight.RealTimeReflectionCapture:1]]
[2023.11.08-20.41.18:425][  0]LogConfig: Applying CVar settings from Section [FoliageQuality@3] File [D:/Docs/UCSLP - Lap/5to Semestre/Motores/Bomberman_clone_UE4/Bomberman/Saved/Config/Windows/Scalability.ini]
[2023.11.08-20.41.18:425][  0]LogConfig: Setting CVar [[foliage.DensityScale:1.0]]
[2023.11.08-20.41.18:425][  0]LogConfig: Setting CVar [[grass.DensityScale:1.0]]
[2023.11.08-20.41.18:425][  0]LogConfig: Applying CVar settings from Section [ShadingQuality@3] File [D:/Docs/UCSLP - Lap/5to Semestre/Motores/Bomberman_clone_UE4/Bomberman/Saved/Config/Windows/Scalability.ini]
[2023.11.08-20.41.18:425][  0]LogConfig: Setting CVar [[r.HairStrands.SkyLighting.IntegrationType:2]]
[2023.11.08-20.41.18:425][  0]LogConfig: Setting CVar [[r.HairStrands.SkyAO.SampleCount:4]]
[2023.11.08-20.41.18:425][  0]LogConfig: Setting CVar [[r.HairStrands.Visibility.MSAA.SamplePerPixel:4]]
[2023.11.08-20.41.18:425][  0]LogConfig: Applying CVar settings from Section [Startup] File [../../../Engine/Config/ConsoleVariables.ini]
[2023.11.08-20.41.18:425][  0]LogConfig: Setting CVar [[net.UseAdaptiveNetUpdateFrequency:0]]
[2023.11.08-20.41.18:425][  0]LogConfig: Setting CVar [[p.chaos.AllowCreatePhysxBodies:1]]
[2023.11.08-20.41.18:425][  0]LogConfig: Setting CVar [[fx.SkipVectorVMBackendOptimizations:1]]
[2023.11.08-20.41.18:425][  0]LogConfig: Applying CVar settings from Section [ConsoleVariables] File [D:/Docs/UCSLP - Lap/5to Semestre/Motores/Bomberman_clone_UE4/Bomberman/Saved/Config/Windows/Engine.ini]
[2023.11.08-20.41.18:425][  0]LogConfig: Applying CVar settings from Section [ConsoleVariables] File [D:/Docs/UCSLP - Lap/5to Semestre/Motores/Bomberman_clone_UE4/Bomberman/Saved/Config/Windows/Editor.ini]
[2023.11.08-20.41.18:426][  0]LogInit: Computer: DESKTOP-T7PRRKI
[2023.11.08-20.41.18:426][  0]LogInit: User: alexc
[2023.11.08-20.41.18:426][  0]LogInit: CPU Page size=4096, Cores=4
[2023.11.08-20.41.18:426][  0]LogInit: High frequency timer resolution =10.000000 MHz
[2023.11.08-20.41.18:426][  0]LogMemory: Memory total: Physical=15.8GB (16GB approx)
[2023.11.08-20.41.18:426][  0]LogMemory: Platform Memory Stats for Windows
[2023.11.08-20.41.18:426][  0]LogMemory: Process Physical Memory: 143.25 MB used, 143.25 MB peak
[2023.11.08-20.41.18:426][  0]LogMemory: Process Virtual Memory: 128.48 MB used, 128.48 MB peak
[2023.11.08-20.41.18:426][  0]LogMemory: Physical Memory: 7019.08 MB used,  9203.36 MB free, 16222.44 MB total
[2023.11.08-20.41.18:426][  0]LogMemory: Virtual Memory: 134209368.00 MB used,  8356.75 MB free, 134217728.00 MB total
[2023.11.08-20.41.18:459][  0]LogWindows: WindowsPlatformFeatures enabled
[2023.11.08-20.41.18:522][  0]LogInit: Physics initialised using underlying interface: PhysX
[2023.11.08-20.41.18:523][  0]LogInit: Using OS detected language (es-MX).
[2023.11.08-20.41.18:523][  0]LogInit: Using OS detected locale (es-MX).
[2023.11.08-20.41.18:525][  0]LogTextLocalizationResource: LocRes '../../../Engine/Content/Localization/Editor/es-MX/Editor.locres' could not be opened for reading!
[2023.11.08-20.41.18:525][  0]LogTextLocalizationResource: LocRes '../../../Engine/Content/Localization/EditorTutorials/es-MX/EditorTutorials.locres' could not be opened for reading!
[2023.11.08-20.41.18:525][  0]LogTextLocalizationResource: LocRes '../../../Engine/Content/Localization/Keywords/es-MX/Keywords.locres' could not be opened for reading!
[2023.11.08-20.41.18:525][  0]LogTextLocalizationResource: LocRes '../../../Engine/Content/Localization/Category/es-MX/Category.locres' could not be opened for reading!
[2023.11.08-20.41.18:526][  0]LogTextLocalizationResource: LocRes '../../../Engine/Content/Localization/ToolTips/es-MX/ToolTips.locres' could not be opened for reading!
[2023.11.08-20.41.18:526][  0]LogTextLocalizationResource: LocRes '../../../Engine/Content/Localization/PropertyNames/es-MX/PropertyNames.locres' could not be opened for reading!
[2023.11.08-20.41.18:526][  0]LogTextLocalizationResource: LocRes '../../../Engine/Content/Localization/Engine/es-MX/Engine.locres' could not be opened for reading!
[2023.11.08-20.41.18:526][  0]LogTextLocalizationResource: LocRes '../../../Engine/Plugins/Online/OnlineSubsystemUtils/Content/Localization/OnlineSubsystemUtils/es-MX/OnlineSubsystemUtils.locres' could not be opened for reading!
[2023.11.08-20.41.18:526][  0]LogTextLocalizationResource: LocRes '../../../Engine/Plugins/Online/Android/OnlineSubsystemGooglePlay/Content/Localization/OnlineSubsystemGooglePlay/es-MX/OnlineSubsystemGooglePlay.locres' could not be opened for reading!
[2023.11.08-20.41.18:526][  0]LogTextLocalizationResource: LocRes '../../../Engine/Plugins/Online/IOS/OnlineSubsystemIOS/Content/Localization/OnlineSubsystemIOS/es-MX/OnlineSubsystemIOS.locres' could not be opened for reading!
[2023.11.08-20.41.18:567][  0]LogInit: Setting process to per monitor DPI aware
[2023.11.08-20.41.18:588][  0]LogWindowsTextInputMethodSystem: Display: IME system deactivated.
[2023.11.08-20.41.18:601][  0]LogSlate: New Slate User Created.  User Index 0, Is Virtual User: 0
[2023.11.08-20.41.18:602][  0]LogSlate: Slate User Registered.  User Index 0, Is Virtual User: 0
[2023.11.08-20.41.18:786][  0]LogD3D11RHI: Loaded GFSDK_Aftermath_Lib.x64.dll
[2023.11.08-20.41.18:877][  0]LogHMD: Failed to initialize OpenVR with code 110
[2023.11.08-20.41.18:877][  0]LogD3D11RHI: D3D11 min allowed feature level: 11_0
[2023.11.08-20.41.18:877][  0]LogD3D11RHI: D3D11 max allowed feature level: 11_0
[2023.11.08-20.41.18:877][  0]LogD3D11RHI: D3D11 adapters:
[2023.11.08-20.41.19:058][  0]LogD3D11RHI:    0. 'NVIDIA GeForce GTX 960M' (Feature Level 11_0)
[2023.11.08-20.41.19:058][  0]LogD3D11RHI:       4054/0/8111 MB DedicatedVideo/DedicatedSystem/SharedSystem, Outputs:1, VendorId:0x10de
[2023.11.08-20.41.19:091][  0]LogD3D11RHI:    1. 'Intel(R) HD Graphics 530' (Feature Level 11_0)
[2023.11.08-20.41.19:091][  0]LogD3D11RHI:       128/0/8111 MB DedicatedVideo/DedicatedSystem/SharedSystem, Outputs:0, VendorId:0x8086
[2023.11.08-20.41.19:094][  0]LogD3D11RHI:    2. 'Microsoft Basic Render Driver' (Feature Level 11_0)
[2023.11.08-20.41.19:094][  0]LogD3D11RHI:       0/0/8111 MB DedicatedVideo/DedicatedSystem/SharedSystem, Outputs:0, VendorId:0x1414
[2023.11.08-20.41.19:094][  0]LogD3D11RHI: Chosen D3D11 Adapter:
[2023.11.08-20.41.19:094][  0]LogD3D11RHI:     Description : NVIDIA GeForce GTX 960M
[2023.11.08-20.41.19:094][  0]LogD3D11RHI:     VendorId    : 10de
[2023.11.08-20.41.19:094][  0]LogD3D11RHI:     DeviceId    : 139b
[2023.11.08-20.41.19:094][  0]LogD3D11RHI:     SubSysId    : 7971028
[2023.11.08-20.41.19:094][  0]LogD3D11RHI:     Revision    : 00a2
[2023.11.08-20.41.19:094][  0]LogD3D11RHI:     DedicatedVideoMemory : 4251123712 bytes
[2023.11.08-20.41.19:094][  0]LogD3D11RHI:     DedicatedSystemMemory : 0 bytes
[2023.11.08-20.41.19:094][  0]LogD3D11RHI:     SharedSystemMemory : 8505231360 bytes
[2023.11.08-20.41.19:094][  0]LogD3D11RHI:     AdapterLuid : 0 62951
[2023.11.08-20.41.19:101][  0]LogD3D11RHI: Creating new Direct3DDevice
[2023.11.08-20.41.19:101][  0]LogD3D11RHI:     GPU DeviceId: 0x139b (for the marketing name, search the web for "GPU Device Id")
[2023.11.08-20.41.19:101][  0]LogWindows: EnumDisplayDevices:
[2023.11.08-20.41.19:101][  0]LogWindows:    0. 'Intel(R) HD Graphics 530' (P:1 D:1)
[2023.11.08-20.41.19:102][  0]LogWindows:    1. 'Intel(R) HD Graphics 530' (P:0 D:0)
[2023.11.08-20.41.19:102][  0]LogWindows:    2. 'Intel(R) HD Graphics 530' (P:0 D:0)
[2023.11.08-20.41.19:102][  0]LogWindows: DebugString: PrimaryIsNotTheChoosenAdapter PrimaryIsNotTheChoosenAdapter PrimaryIsNotTheChoosenAdapter FoundDriverCount:0 
[2023.11.08-20.41.19:102][  0]LogD3D11RHI:     Adapter Name: NVIDIA GeForce GTX 960M
[2023.11.08-20.41.19:102][  0]LogD3D11RHI:   Driver Version: Unknown (internal:Unknown, unified:Unknown)
[2023.11.08-20.41.19:102][  0]LogD3D11RHI:      Driver Date: Unknown
[2023.11.08-20.41.19:102][  0]LogRHI: Texture pool is 2837 MB (70% of 4054 MB)
[2023.11.08-20.41.19:102][  0]LogD3D11RHI: Creating D3DDevice using adapter:
[2023.11.08-20.41.19:102][  0]LogD3D11RHI:     Description : NVIDIA GeForce GTX 960M
[2023.11.08-20.41.19:102][  0]LogD3D11RHI:     VendorId    : 10de
[2023.11.08-20.41.19:102][  0]LogD3D11RHI:     DeviceId    : 139b
[2023.11.08-20.41.19:102][  0]LogD3D11RHI:     SubSysId    : 7971028
[2023.11.08-20.41.19:102][  0]LogD3D11RHI:     Revision    : 00a2
[2023.11.08-20.41.19:102][  0]LogD3D11RHI:     DedicatedVideoMemory : 4251123712 bytes
[2023.11.08-20.41.19:102][  0]LogD3D11RHI:     DedicatedSystemMemory : 0 bytes
[2023.11.08-20.41.19:102][  0]LogD3D11RHI:     SharedSystemMemory : 8505231360 bytes
[2023.11.08-20.41.19:102][  0]LogD3D11RHI:     AdapterLuid : 0 62951
[2023.11.08-20.41.19:225][  0]LogD3D11RHI: RHI has support for 64 bit atomics
[2023.11.08-20.41.19:225][  0]LogD3D11RHI: Async texture creation enabled
[2023.11.08-20.41.19:273][  0]LogD3D11RHI: GPU Timing Frequency: 1000.000000 (Debug: 2 1)
[2023.11.08-20.41.19:333][  0]LogRHI: GeForceNow SDK initialized: 1
[2023.11.08-20.41.19:821][  0]LogTargetPlatformManager: Display: Loaded TargetPlatform 'AllDesktop'
[2023.11.08-20.41.19:850][  0]LogTargetPlatformManager: Display: Loaded TargetPlatform 'Android'
[2023.11.08-20.41.19:850][  0]LogTargetPlatformManager: Display: Loaded TargetPlatform 'Android_ASTC'
[2023.11.08-20.41.19:850][  0]LogTargetPlatformManager: Display: Loaded TargetPlatform 'Android_DXT'
[2023.11.08-20.41.19:850][  0]LogTargetPlatformManager: Display: Loaded TargetPlatform 'Android_ETC2'
[2023.11.08-20.41.19:850][  0]LogTargetPlatformManager: Display: Loaded TargetPlatform 'AndroidClient'
[2023.11.08-20.41.19:850][  0]LogTargetPlatformManager: Display: Loaded TargetPlatform 'Android_ASTCClient'
[2023.11.08-20.41.19:850][  0]LogTargetPlatformManager: Display: Loaded TargetPlatform 'Android_DXTClient'
[2023.11.08-20.41.19:850][  0]LogTargetPlatformManager: Display: Loaded TargetPlatform 'Android_ETC2Client'
[2023.11.08-20.41.19:850][  0]LogTargetPlatformManager: Display: Loaded TargetPlatform 'Android_Multi'
[2023.11.08-20.41.19:850][  0]LogTargetPlatformManager: Display: Loaded TargetPlatform 'Android_MultiClient'
[2023.11.08-20.41.19:875][  0]LogTargetPlatformManager: Display: Loaded TargetPlatform 'IOSClient'
[2023.11.08-20.41.19:875][  0]LogTargetPlatformManager: Display: Loaded TargetPlatform 'IOS'
[2023.11.08-20.41.19:887][  0]LogTargetPlatformManager: Display: Loaded TargetPlatform 'Linux'
[2023.11.08-20.41.19:893][  0]LogTargetPlatformManager: Display: Loaded TargetPlatform 'LinuxNoEditor'
[2023.11.08-20.41.19:899][  0]LogTargetPlatformManager: Display: Loaded TargetPlatform 'LinuxClient'
[2023.11.08-20.41.19:906][  0]LogTargetPlatformManager: Display: Loaded TargetPlatform 'LinuxServer'
[2023.11.08-20.41.19:918][  0]LogTargetPlatformManager: Display: Loaded TargetPlatform 'LinuxAArch64NoEditor'
[2023.11.08-20.41.19:924][  0]LogTargetPlatformManager: Display: Loaded TargetPlatform 'LinuxAArch64Client'
[2023.11.08-20.41.19:929][  0]LogTargetPlatformManager: Display: Loaded TargetPlatform 'LinuxAArch64Server'
[2023.11.08-20.41.19:959][  0]LogTargetPlatformManager: Display: Loaded TargetPlatform 'Lumin'
[2023.11.08-20.41.19:959][  0]LogTargetPlatformManager: Display: Loaded TargetPlatform 'LuminClient'
[2023.11.08-20.41.19:968][  0]LogTargetPlatformManager: Display: Loaded TargetPlatform 'MacNoEditor'
[2023.11.08-20.41.19:974][  0]LogTargetPlatformManager: Display: Loaded TargetPlatform 'Mac'
[2023.11.08-20.41.19:981][  0]LogTargetPlatformManager: Display: Loaded TargetPlatform 'MacClient'
[2023.11.08-20.41.19:986][  0]LogTargetPlatformManager: Display: Loaded TargetPlatform 'MacServer'
[2023.11.08-20.41.20:001][  0]LogTargetPlatformManager: Display: Loaded TargetPlatform 'TVOSClient'
[2023.11.08-20.41.20:001][  0]LogTargetPlatformManager: Display: Loaded TargetPlatform 'TVOS'
[2023.11.08-20.41.20:014][  0]LogTargetPlatformManager: Display: Loaded TargetPlatform 'WindowsNoEditor'
[2023.11.08-20.41.20:020][  0]LogTargetPlatformManager: Display: Loaded TargetPlatform 'Windows'
[2023.11.08-20.41.20:026][  0]LogTargetPlatformManager: Display: Loaded TargetPlatform 'WindowsClient'
[2023.11.08-20.41.20:032][  0]LogTargetPlatformManager: Display: Loaded TargetPlatform 'WindowsServer'
[2023.11.08-20.41.20:032][  0]LogTargetPlatformManager: Display: Building Assets For Windows
[2023.11.08-20.41.20:045][  0]LogAudioDebug: Display: Lib vorbis DLL was dynamically loaded.
[2023.11.08-20.41.20:087][  0]LogTextureFormatOodle: Display: Oodle Texture 2.9.0 init RDO Off
[2023.11.08-20.41.20:134][  0]LogRendererCore: Ray tracing is disabled. Reason: r.RayTracing=0.
[2023.11.08-20.41.20:134][  0]LogShaderCompilers: Guid format shader working directory is -39 characters bigger than the processId version (../../../../../../Docs/UCSLP - Lap/5to Semestre/Motores/Bomberman_clone_UE4/Bomberman/Intermediate/Shaders/WorkingDirectory/1080/).
[2023.11.08-20.41.20:134][  0]LogShaderCompilers: Cleaned the shader compiler working directory 'C:/Users/alexc/AppData/Local/Temp/UnrealShaderWorkingDir/77A5364D4EEA2E05018D69AB83D192DB/'.
[2023.11.08-20.41.20:135][  0]LogXGEController: Cannot use XGE Controller as Incredibuild is not installed on this machine.
[2023.11.08-20.41.20:135][  0]LogShaderCompilers: Cannot use XGE Shader Compiler as Incredibuild is not installed on this machine.
[2023.11.08-20.41.20:135][  0]LogShaderCompilers: Display: Using Local Shader Compiler.
[2023.11.08-20.41.21:068][  0]LogDerivedDataCache: Display: Max Cache Size: 512 MB
[2023.11.08-20.41.21:143][  0]LogDerivedDataCache: Loaded boot cache 0.08s 94MB C:/Users/alexc/AppData/Local/UnrealEngine/4.27/DerivedDataCache/Boot.ddc.
[2023.11.08-20.41.21:144][  0]LogDerivedDataCache: Display: Loaded Boot cache: C:/Users/alexc/AppData/Local/UnrealEngine/4.27/DerivedDataCache/Boot.ddc
[2023.11.08-20.41.21:144][  0]LogDerivedDataCache: FDerivedDataBackendGraph:  Pak pak cache file ../../../../../../Docs/UCSLP - Lap/5to Semestre/Motores/Bomberman_clone_UE4/Bomberman/DerivedDataCache/DDC.ddp not found, will not use a pak cache.
[2023.11.08-20.41.21:144][  0]LogDerivedDataCache: Unable to find inner node Pak for hierarchical cache Hierarchy.
[2023.11.08-20.41.21:144][  0]LogDerivedDataCache: FDerivedDataBackendGraph:  CompressedPak pak cache file ../../../../../../Docs/UCSLP - Lap/5to Semestre/Motores/Bomberman_clone_UE4/Bomberman/DerivedDataCache/Compressed.ddp not found, will not use a pak cache.
[2023.11.08-20.41.21:144][  0]LogDerivedDataCache: Unable to find inner node CompressedPak for hierarchical cache Hierarchy.
[2023.11.08-20.41.21:164][  0]LogDerivedDataCache: Display: Pak cache opened for reading ../../../Engine/DerivedDataCache/Compressed.ddp.
[2023.11.08-20.41.21:164][  0]LogDerivedDataCache: FDerivedDataBackendGraph:  EnterprisePak pak cache file ../../../Enterprise/DerivedDataCache/Compressed.ddp not found, will not use a pak cache.
[2023.11.08-20.41.21:164][  0]LogDerivedDataCache: Unable to find inner node EnterprisePak for hierarchical cache Hierarchy.
[2023.11.08-20.41.21:184][  0]LogDerivedDataCache: Speed tests for C:/Users/alexc/AppData/Local/UnrealEngine/Common/DerivedDataCache took 0.02 seconds
[2023.11.08-20.41.21:184][  0]LogDerivedDataCache: Display: Performance to C:/Users/alexc/AppData/Local/UnrealEngine/Common/DerivedDataCache: Latency=0.07ms. RandomReadSpeed=730.20MBs, RandomWriteSpeed=51.98MBs. Assigned SpeedClass 'Local'
[2023.11.08-20.41.21:185][  0]LogDerivedDataCache: Using Local data cache path C:/Users/alexc/AppData/Local/UnrealEngine/Common/DerivedDataCache: Writable
[2023.11.08-20.41.21:185][  0]LogDerivedDataCache: Shared data cache path not found in *engine.ini, will not use an Shared cache.
[2023.11.08-20.41.21:185][  0]LogDerivedDataCache: Unable to find inner node Shared for hierarchical cache Hierarchy.
[2023.11.08-20.41.21:254][  0]LogSlate: Using FreeType 2.10.0
[2023.11.08-20.41.21:255][  0]LogSlate: SlateFontServices - WITH_FREETYPE: 1, WITH_HARFBUZZ: 1
[2023.11.08-20.41.21:292][  0]LogAssetRegistry: FAssetRegistry took 0.0051 seconds to start up
[2023.11.08-20.41.21:605][  0]LogInit: Selected Device Profile: [Windows]
[2023.11.08-20.41.21:605][  0]LogInit: Active device profile: [000002D35E0B4F00][000002D35D4676C0 49] Windows
[2023.11.08-20.41.21:605][  0]LogInit: Profiles: [000002D35E0B4F00][000002D35D4676C0 49] Windows, [000002D35E06A400][000002D35D46F840 49] WindowsNoEditor, [000002D35E0B5F00][000002D35D4739C0 49] WindowsServer, [000002D35E069600][000002D35D477B40 49] WindowsClient, [000002D35E0B5000][000002D35D47A140 49] IOS, [000002D35E06BA00][000002D35D47E2C0 49] iPadAir, [000002D35E0B7300][000002D35D482440 49] iPadAir2, [000002D35E005300][000002D35D48A700 49] IPadPro, [000002D35E005400][000002D35D486740 49] iPadAir3, [000002D35E068B00][000002D35D48E8C0 49] iPadAir4, [000002D35E006100][000002D35D492A40 49] iPadMini2, [000002D35E06B400][000002D35D46AB80 49] iPadMini3, [000002D35E006C00][000002D35D496CC0 49] iPadMini4, [000002D35E06A700][000002D35D49AE00 49] iPadMini5, [000002D35E044D00][000002D34E1B1080 49] iPhone6, [000002D35E044E00][000002D34E1A90C0 49] iPodTouch6, [000002D35E0B6900][000002D34E1B9380 49] iPhone7, [000002D35E0B6A00][000002D34E1B53C0 49] iPodTouch7, [000002D35E005800][000002D34E1BD540 49] iPhone5S, [000002D35E0B5300][000002D34E1C16C0 49] iPhone6Plus, [000002D35E0B7900][000002D34E1C5840 49] iPhone6S, [000002D35E045200][000002D34E1C99C0 49] iPhone6SPlus, [000002D35E0B4B00][000002D34E1CDB40 49] iPhone7Plus, [000002D35E045500][000002D34E1D0140 49] iPhoneSE, [000002D35E0B4A00][000002D35E4B02C0 49] iPhone8, [000002D35E045100][000002D35E4B4440 49] iPhone8Plus, [000002D35E006B00][000002D35E4B85C0 49] iPhoneX, [000002D35E044C00][000002D35E4BC740 49] iPhoneXS, [000002D35E007A00][000002D35E4C08C0 49] iPhoneXSMax, [000002D35E047700][000002D35E4C4A40 49] iPhoneXR, [000002D35E004D00][000002D35E4C8BC0 49] iPhone11, [000002D35E046500][000002D35E4CCD40 49] iPhone11Pro, [000002D35E006900][000002D34E1ACE80 49] iPhone11ProMax, [000002D35E044200][000002D35E4D0FC0 49] iPhoneSE2, [000002D35E004B00][000002D35E4D5100 49] iPhone12Mini, [000002D35E046900][000002D35E4DD280 49] iPhone12, [000002D35E006E00][000002D35E4E1400 49] iPhone12Pro, [000002D35E044A00][000002D35E4E5580 49] iPhone12ProMax, [000002D35E007200][000002D35E4E9700 49] iPadPro105, [000002D35E047500][000002D35E4ED880 49] iPadPro129, [000002D35E006000][000002D35E4F1A00 49] iPadPro97, [000002D35E045F00][000002D35E4F5B80 49] iPadPro2_129, [000002D35E006400][000002D35E4F8180 49] iPad5, [000002D35E045300][000002D35E4FC300 49] iPad6, [000002D35E004C00][000002D35E500480 49] iPad7, [000002D35E045600][000002D35E504600 49] iPad8, [000002D35E007C00][000002D35E508780 49] iPadPro11, [000002D35E045700][000002D35E50C900 49] iPadPro2_11, [000002D35E004600][000002D35E510A80 49] iPadPro3_129, [000002D35E047F00][000002D35E514C00 49] iPadPro4_129, [000002D35E007100][000002D35E518D80 49] AppleTV, [000002D35E044800][000002D35E51CF00 49] AppleTV4K, [000002D35E004500][000002D35E4D9040 49] TVOS, [000002D35E044500][000002D35E521180 49] Mac, [000002D35E004700][000002D35E5252C0 49] MacClient, [000002D35E045400][000002D35E52D440 49] MacNoEditor, [000002D35E005500][000002D35E5315C0 49] MacServer, [000002D35E046D00][000002D35E535740 49] Linux, [000002D35E004400][000002D35E5398C0 49] LinuxAArch64, [000002D35E045D00][000002D35E53DA40 49] LinuxNoEditor, [000002D35E005C00][000002D35E541BC0 49] LinuxAArch64NoEditor, [000002D35E046800][000002D35E5441C0 49] LinuxClient, [000002D35E006D00][000002D35E548340 49] LinuxAArch64Client, [000002D35E044100][000002D35E54C4C0 49] LinuxServer, [000002D35E005E00][000002D35E550640 49] LinuxAArch64Server, [000002D35E044B00][000002D35E5547C0 49] Android, [000002D35E005A00][000002D35E558940 49] Android_Low, [000002D35E046E00][000002D35E55CAC0 49] Android_Mid, [000002D35E005000][000002D35E560C40 49] Android_High, [000002D35E046F00][000002D35E564DC0 49] Android_Default, [000002D35E005700][000002D35E568F40 49] Android_Adreno4xx, [000002D35E045800][000002D35E56D0C0 49] Android_Adreno5xx_Low, [000002D35E004A00][000002D35E529200 49] Android_Adreno5xx, [000002D35E047300][000002D35E571340 49] Android_Adreno6xx, [000002D35E004E00][000002D35E575480 49] Android_Adreno6xx_Vulkan, [000002D35E047000][000002D35E5795C0 49] Android_Mali_T6xx, [000002D35E0B4100][000002D35E581740 49] Android_Mali_T7xx, [000002D35E068800][000002D35E5858C0 49] Android_Mali_T8xx, [000002D35E0B5200][000002D35E589A40 49] Android_Mali_G71, [000002D35E068E00][000002D35E58DBC0 49] Android_Mali_G72, [000002D35E0B5100][000002D35E5901C0 49] Android_Mali_G72_Vulkan, [000002D35E06A500][000002D35E594340 49] Android_Mali_G76, [000002D35E0B5500][000002D35E5984C0 49] Android_Mali_G76_Vulkan, [000002D35E06A000][000002D35E59C640 49] Android_Mali_G77, [000002D35E0B7F00][000002D35E5A07C0 49] Android_Mali_G77_Vulkan, [000002D35E069D00][000002D35E5A4940 49] Android_Mali_G78, [000002D35E0B4300][000002D35E5A8AC0 49] Android_Mali_G78_Vulkan, [000002D35E068400][000002D35E5ACC40 49] Android_Mali_G710, [000002D35E0B6800][000002D35E5B0DC0 49] Android_Mali_G710_Vulkan, [000002D35E06B100][000002D35E5B4F40 49] Android_Vulkan_SM5, [000002D35E0B7100][000002D35E5B90C0 49] Android_PowerVR_G6xxx, [000002D35E068A00][000002D35E5BD240 49] Android_PowerVR_GT7xxx, [000002D35E0B4D00][000002D35E57D380 49] Android_PowerVR_GE8xxx, [000002D35E06BD00][000002D35E5C14C0 49] Android_PowerVR_GM9xxx, [000002D35E0B7A00][000002D35E5C5600 49] Android_PowerVR_GM9xxx_Vulkan, [000002D35E069200][000002D35E5C9740 49] Android_TegraK1, [000002D35E0B7000][000002D35E5D18C0 49] Android_Unknown_Vulkan, [000002D35E06B000][000002D35E5D5A40 49] Lumin, [000002D35E0B6100][000002D35E5D9BC0 49] Lumin_Desktop, [000002D35E06AE00][000002D35E5DC1C0 49] HoloLens, 
[2023.11.08-20.41.21:769][  0]LogMeshReduction: Using QuadricMeshReduction for automatic static mesh reduction
[2023.11.08-20.41.21:769][  0]LogMeshReduction: Using SimplygonMeshReduction for automatic skeletal mesh reduction
[2023.11.08-20.41.21:769][  0]LogMeshReduction: Using ProxyLODMeshReduction for automatic mesh merging
[2023.11.08-20.41.21:769][  0]LogMeshReduction: No distributed automatic mesh merging module available
[2023.11.08-20.41.21:769][  0]LogMeshMerging: No distributed automatic mesh merging module available
[2023.11.08-20.41.21:795][  0]LogNetVersion: Bomberman 1.0.0, NetCL: 17155196, EngineNetVer: 17, GameNetVer: 0 (Checksum: 609558502)
[2023.11.08-20.41.22:333][  0]LogTexture: Default maximum texture size for cubemaps generated from long-lat sources has been changed from 512 to unlimited. In order to preserve old behaiour for '/Engine/MapTemplates/Sky/DaylightAmbientCubemap.DaylightAmbientCubemap', its maximum texture size has been explicitly set to 512.
[2023.11.08-20.41.22:427][  0]LogHMD: PokeAHoleMaterial loaded successfully
[2023.11.08-20.41.22:435][  0]LogUObjectArray: 17178 objects as part of root set at end of initial load.
[2023.11.08-20.41.22:435][  0]LogUObjectAllocator: 4302048 out of 0 bytes used by permanent object pool.
[2023.11.08-20.41.22:435][  0]LogUObjectArray: CloseDisregardForGC: 0/0 objects in disregard for GC pool
[2023.11.08-20.41.22:662][  0]LogNiagaraDebuggerClient: Niagara Debugger Client Initialized | Session: 4E62A1774F78B2E57E061F9048D47293 | Instance: 973E669F4A952EE8941591B653C3600D (DESKTOP-T7PRRKI-1080).
[2023.11.08-20.41.22:879][  0]LogUdpMessaging: Initializing bridge on interface 0.0.0.0:0 to multicast group 230.0.0.1:6666.
[2023.11.08-20.41.22:891][  0]LogTcpMessaging: Initializing TcpMessaging bridge
[2023.11.08-20.41.23:065][  0]LogPython: Using Python 3.7.7
[2023.11.08-20.41.23:834][  0]LogLinker: Warning: Failed to load '/Game/ThirdPersonBP/ThirdPersonOverview': Can't find file.
[2023.11.08-20.41.23:835][  0]LogLinker: Warning: Failed to load '/Game/ThirdPersonBP/ThirdPersonOverview': Can't find file.
[2023.11.08-20.41.23:835][  0]LogUObjectGlobals: Warning: Error al encontrar el objeto 'Class /Game/ThirdPersonBP/ThirdPersonOverview.ThirdPersonOverview_C'
[2023.11.08-20.41.23:878][  0]SourceControl: El control de código fuente está desactivado
[2023.11.08-20.41.23:878][  0]SourceControl: El control de código fuente está desactivado
[2023.11.08-20.41.23:895][  0]SourceControl: El control de código fuente está desactivado
[2023.11.08-20.41.23:905][  0]SourceControl: El control de código fuente está desactivado
[2023.11.08-20.41.23:923][  0]SourceControl: El control de código fuente está desactivado
[2023.11.08-20.41.23:932][  0]LogUProjectInfo: Found projects:
[2023.11.08-20.41.24:090][  0]LogAndroidPermission: UAndroidPermissionCallbackProxy::GetInstance
[2023.11.08-20.41.24:122][  0]LogAudioCaptureCore: Display: No Audio Capture implementations found. Audio input will be silent.
[2023.11.08-20.41.24:122][  0]LogAudioCaptureCore: Display: No Audio Capture implementations found. Audio input will be silent.
[2023.11.08-20.41.24:646][  0]LogOpenImageDenoise: OIDN starting up
[2023.11.08-20.41.24:741][  0]LogCollectionManager: Loaded 0 collections in 0.001226 seconds
[2023.11.08-20.41.24:778][  0]LogFileCache: Scanning file cache for directory 'D:/Docs/UCSLP - Lap/5to Semestre/Motores/Bomberman_clone_UE4/Bomberman/Saved/Collections/' took 0.00s
[2023.11.08-20.41.24:778][  0]LogFileCache: Scanning file cache for directory 'D:/Docs/UCSLP - Lap/5to Semestre/Motores/Bomberman_clone_UE4/Bomberman/Content/Developers/alexc/Collections/' took 0.00s
[2023.11.08-20.41.24:778][  0]LogFileCache: Scanning file cache for directory 'D:/Docs/UCSLP - Lap/5to Semestre/Motores/Bomberman_clone_UE4/Bomberman/Content/Collections/' took 0.00s
[2023.11.08-20.41.24:778][  0]LogOcInput: OculusInput pre-init called
[2023.11.08-20.41.25:103][  0]LogEngine: Initializing Engine...
[2023.11.08-20.41.25:862][  0]LogHMD: Failed to enumerate extensions. Please check that you have a valid OpenXR runtime installed.
[2023.11.08-20.41.25:862][  0]LogHMD: Failed to initialize OpenVR with code 110
[2023.11.08-20.41.26:045][  0]LogMagicLeap: Warning: VR disabled because ZI is not enabled.  To enable, in the editor, Edit -> Project Settings -> Plugins -> Magic Leap Plugin -> Enable Zero Iteration
[2023.11.08-20.41.26:045][  0]LogStats: UGameplayTagsManager::InitializeManager -  0.000 s
[2023.11.08-20.41.26:211][  0]LogInit: Initializing FReadOnlyCVARCache
[2023.11.08-20.41.26:223][  0]LogAIModule: Creating AISystem for world Untitled
[2023.11.08-20.41.26:248][  0]LogAudio: Display: Initializing Audio Device Manager...
[2023.11.08-20.41.26:254][  0]LogAudio: Display: Loading Default Audio Settings Objects...
[2023.11.08-20.41.26:254][  0]LogAudio: Display: No default SoundConcurrencyObject specified (or failed to load).
[2023.11.08-20.41.26:255][  0]LogAudio: Display: Audio Device Manager Initialized
[2023.11.08-20.41.26:255][  0]LogAudio: Display: Creating Audio Device:                 Id: 1, Scope: Shared, Realtime: True
[2023.11.08-20.41.26:255][  0]LogAudioMixer: Display: Audio Mixer Platform Settings:
[2023.11.08-20.41.26:255][  0]LogAudioMixer: Display: 	Sample Rate:						  48000
[2023.11.08-20.41.26:255][  0]LogAudioMixer: Display: 	Callback Buffer Frame Size Requested: 1024
[2023.11.08-20.41.26:255][  0]LogAudioMixer: Display: 	Callback Buffer Frame Size To Use:	  1024
[2023.11.08-20.41.26:255][  0]LogAudioMixer: Display: 	Number of buffers to queue:			  2
[2023.11.08-20.41.26:255][  0]LogAudioMixer: Display: 	Max Channels (voices):				  32
[2023.11.08-20.41.26:255][  0]LogAudioMixer: Display: 	Number of Async Source Workers:		  0
[2023.11.08-20.41.26:255][  0]LogAudio: Display: AudioDevice MaxSources: 32
[2023.11.08-20.41.26:255][  0]LogAudio: Display: Audio Spatialization Plugin: None (built-in).
[2023.11.08-20.41.26:255][  0]LogAudio: Display: Audio Reverb Plugin: None (built-in).
[2023.11.08-20.41.26:255][  0]LogAudio: Display: Audio Occlusion Plugin: None (built-in).
[2023.11.08-20.41.26:255][  0]LogAudioMixer: Display: Initializing audio mixer.
[2023.11.08-20.41.26:274][  0]LogAudioMixer: Display: 0: FrontLeft
[2023.11.08-20.41.26:274][  0]LogAudioMixer: Display: 1: FrontRight
[2023.11.08-20.41.26:683][  0]LogAudioMixer: Display: Using Audio Device Altavoces / Auriculares (Realtek Audio)
[2023.11.08-20.41.26:686][  0]LogAudioMixer: Display: Initializing Sound Submixes...
[2023.11.08-20.41.26:688][  0]LogAudioMixer: Display: Creating Master Submix 'MasterSubmixDefault'
[2023.11.08-20.41.26:689][  0]LogAudioMixer: Display: Creating Master Submix 'MasterReverbSubmixDefault'
[2023.11.08-20.41.26:689][  0]LogAudioMixer: Display: Creating Master Submix 'MasterEQSubmixDefault'
[2023.11.08-20.41.26:689][  0]LogAudioMixer: FMixerPlatformXAudio2::StartAudioStream() called
[2023.11.08-20.41.26:690][  0]LogAudioMixer: Display: Output buffers initialized: Frames=1024, Channels=2, Samples=2048
[2023.11.08-20.41.26:691][  0]LogAudioMixer: Display: Starting AudioMixerPlatformInterface::RunInternal()
[2023.11.08-20.41.26:691][  0]LogAudioMixer: Display: FMixerPlatformXAudio2::SubmitBuffer() called for the first time
[2023.11.08-20.41.26:691][  0]LogInit: FAudioDevice initialized.
[2023.11.08-20.41.26:691][  0]LogAudio: Display: Audio Device (ID: 1) registered with world 'Untitled'.
[2023.11.08-20.41.26:691][  0]LogNetVersion: Set ProjectVersion to 1.0.0.0. Version Checksum will be recalculated on next use.
[2023.11.08-20.41.26:799][  0]LogDerivedDataCache: Saved boot cache 0.11s 94MB C:/Users/alexc/AppData/Local/UnrealEngine/4.27/DerivedDataCache/Boot.ddc.
[2023.11.08-20.41.26:800][  0]LogInit: Texture streaming: Enabled
[2023.11.08-20.41.26:819][  0]LogAnalytics: Display: [UEEditor.Rocket.Release] APIServer = https://datarouter.ol.epicgames.com/. AppVersion = 4.27.2-18319896+++UE4+Release-4.27
[2023.11.08-20.41.26:825][  0]LogEngineSessionManager: EngineSessionManager initialized
[2023.11.08-20.41.26:825][  0]LogEditorSessionSummary: Verbose: Initializing EditorSessionSummaryWriter for editor session tracking
[2023.11.08-20.41.26:829][  0]LogEditorSessionSummary: EditorSessionSummaryWriter initialized
[2023.11.08-20.41.26:858][  0]LogInit: Transaction tracking system initialized
[2023.11.08-20.41.26:889][  0]BlueprintLog: New page: Cargar el editor
[2023.11.08-20.41.26:976][  0]LocalizationService: Localization service is disabled
[2023.11.08-20.41.27:009][  0]TimingProfiler: Initialize
[2023.11.08-20.41.27:009][  0]TimingProfiler: OnSessionChanged
[2023.11.08-20.41.27:009][  0]LoadingProfiler: Initialize
[2023.11.08-20.41.27:009][  0]LoadingProfiler: OnSessionChanged
[2023.11.08-20.41.27:009][  0]NetworkingProfiler: Initialize
[2023.11.08-20.41.27:009][  0]NetworkingProfiler: OnSessionChanged
[2023.11.08-20.41.27:009][  0]MemoryProfiler: Initialize
[2023.11.08-20.41.27:009][  0]MemoryProfiler: OnSessionChanged
[2023.11.08-20.41.28:144][  0]LogCook: Display: CookSettings for Memory: MemoryMaxUsedVirtual 0MiB, MemoryMaxUsedPhysical 16384MiB, MemoryMinFreeVirtual 0MiB, MemoryMinFreePhysical 1024MiB
[2023.11.08-20.41.28:144][  0]LogCook: Display: Mobile HDR setting 1
[2023.11.08-20.41.28:152][  0]LogFileCache: Scanning file cache for directory 'D:/Docs/UCSLP - Lap/5to Semestre/Motores/Bomberman_clone_UE4/Bomberman/Content/' took 0.07s
[2023.11.08-20.41.28:673][  0]LogInit: Display: Engine is initialized. Leaving FEngineLoop::Init()
[2023.11.08-20.41.28:677][  0]SourceControl: El control de código fuente está desactivado
[2023.11.08-20.41.28:677][  0]LogUnrealEdMisc: Loading editor; pre map load, took 11.955
[2023.11.08-20.41.28:677][  0]Cmd: MAP LOAD FILE="../../../../../../Docs/UCSLP - Lap/5to Semestre/Motores/Bomberman_clone_UE4/Bomberman/Content/TopDownBP/Maps/TopDownExampleMap.umap" TEMPLATE=0 SHOWPROGRESS=1 FEATURELEVEL=3
[2023.11.08-20.41.28:678][  0]LightingResults: New page: Diseñar la iluminación
[2023.11.08-20.41.28:679][  0]LogWorld: UWorld::CleanupWorld for Untitled, bSessionEnded=true, bCleanupResources=true
[2023.11.08-20.41.28:679][  0]LogSlate: InvalidateAllWidgets triggered.  All widgets were invalidated
[2023.11.08-20.41.28:679][  0]MapCheck: New page: Revisión del mapa
[2023.11.08-20.41.28:679][  0]LightingResults: New page: Diseñar la iluminación
[2023.11.08-20.41.31:144][  0]LogAudio: Display: Audio Device unregistered from world 'None'.
[2023.11.08-20.41.31:147][  0]LogUObjectHash: Compacting FUObjectHashTables data took   0.94ms
[2023.11.08-20.41.43:142][  0]LogMaterial: Display: Missing cached shadermap for MaterialBomba in PCD3D_SM5, Default, SM5 (DDC key hash: EDE8A01EB7FDDC871E4E478CE4CB432AA70934FD), compiling. 
[2023.11.08-20.41.43:295][  0]LogShaderCompilers: Display: Submitted 16 shader compile jobs with 'Low' priority
[2023.11.08-20.41.43:719][  0]LogShaderCompilers: Display: Worker (1/5): shaders left to compile 16
[2023.11.08-20.41.43:719][  0]LogShaderCompilers: Display: Worker (2/5): shaders left to compile 12
[2023.11.08-20.41.43:719][  0]LogShaderCompilers: Display: Worker (3/5): shaders left to compile 8
[2023.11.08-20.41.43:719][  0]LogShaderCompilers: Display: Worker (4/5): shaders left to compile 4
[2023.11.08-20.41.43:719][  0]LogShaderCompilers: Display: Started 16 'Local' shader compile jobs with 'Low' priority
[2023.11.08-20.41.44:006][  0]LogAudio: Display: Audio Device (ID: 1) registered with world 'TopDownExampleMap'.
[2023.11.08-20.41.44:008][  0]LogAIModule: Creating AISystem for world TopDownExampleMap
[2023.11.08-20.41.44:907][  0]LogEditorServer: Finished looking for orphan Actors (0.000 secs)
[2023.11.08-20.41.44:991][  0]LogNavigationDataBuild: Display:    Building NavData:  Name Default class /Script/NavigationSystem.RecastNavMesh agent radius 35.0.
[2023.11.08-20.41.46:613][  0]LogUObjectHash: Compacting FUObjectHashTables data took   1.10ms
[2023.11.08-20.41.46:614][  0]Cmd: MAP CHECKDEP NOCLEARLOG
[2023.11.08-20.41.46:614][  0]MapCheck: Map check complete: 0 Error(s), 0 Warning(s), took 0.19ms to complete.
[2023.11.08-20.41.46:614][  0]LogFileHelpers: Loading map 'TopDownExampleMap' took 17.937
[2023.11.08-20.41.46:617][  0]LogUnrealEdMisc: Total Editor Startup Time, took 29.895
[2023.11.08-20.41.49:202][  0]LogSlate: Updating window title bar state: overlay mode, drag disabled, window buttons hidden, title bar hidden
[2023.11.08-20.41.49:222][  0]LogSlate: Updating window title bar state: overlay mode, drag disabled, window buttons hidden, title bar hidden
[2023.11.08-20.41.49:231][  0]LogSlate: Updating window title bar state: overlay mode, drag disabled, window buttons hidden, title bar hidden
[2023.11.08-20.41.49:241][  0]LogSlate: Updating window title bar state: overlay mode, drag disabled, window buttons hidden, title bar hidden
[2023.11.08-20.41.49:708][  0]LogNativeClassHierarchy: Verbose: Native class hierarchy populated in 0.0203 seconds. Added 3822 classes and 928 folders.
[2023.11.08-20.41.49:989][  0]LogNativeClassHierarchy: Verbose: Native class hierarchy updated for 'WidgetCarousel' in 0.0003 seconds. Added 0 classes and 0 folders.
[2023.11.08-20.41.50:210][  0]LogPakFile: PakFile PrimaryIndexSize=187
[2023.11.08-20.41.50:210][  0]LogPakFile: PakFile PathHashIndexSize=101
[2023.11.08-20.41.50:210][  0]LogPakFile: PakFile FullDirectoryIndexSize=148
[2023.11.08-20.41.50:210][  0]LogShaderLibrary: Display: ShaderCodeLibraryPakFileMountedCallback: PakFile 'D:/Apps/Unreal Installs/UE_4.27/FeaturePacks/FP_FirstPerson.upack' (chunk index -1, root 'root:/') mounted
[2023.11.08-20.41.50:210][  0]LogShaderLibrary: Display: ShaderCodeLibraryPakFileMountedCallback: pending pak file info (ChunkID:-1 Root:root:/ File:D:/Apps/Unreal Installs/UE_4.27/FeaturePacks/FP_FirstPerson.upack)
[2023.11.08-20.41.50:210][  0]LogPakFile: OnPakFileMounted2Time == 0.000075
[2023.11.08-20.41.50:337][  0]LogPakFile: PakFile PrimaryIndexSize=189
[2023.11.08-20.41.50:337][  0]LogPakFile: PakFile PathHashIndexSize=101
[2023.11.08-20.41.50:337][  0]LogPakFile: PakFile FullDirectoryIndexSize=152
[2023.11.08-20.41.50:337][  0]LogShaderLibrary: Display: ShaderCodeLibraryPakFileMountedCallback: PakFile 'D:/Apps/Unreal Installs/UE_4.27/FeaturePacks/FP_FirstPersonBP.upack' (chunk index -1, root 'root:/') mounted
[2023.11.08-20.41.50:337][  0]LogShaderLibrary: Display: ShaderCodeLibraryPakFileMountedCallback: pending pak file info (ChunkID:-1 Root:root:/ File:D:/Apps/Unreal Installs/UE_4.27/FeaturePacks/FP_FirstPersonBP.upack)
[2023.11.08-20.41.50:337][  0]LogPakFile: OnPakFileMounted2Time == 0.000073
[2023.11.08-20.41.50:437][  0]LogPakFile: PakFile PrimaryIndexSize=191
[2023.11.08-20.41.50:437][  0]LogPakFile: PakFile PathHashIndexSize=101
[2023.11.08-20.41.50:437][  0]LogPakFile: PakFile FullDirectoryIndexSize=160
[2023.11.08-20.41.50:437][  0]LogShaderLibrary: Display: ShaderCodeLibraryPakFileMountedCallback: PakFile 'D:/Apps/Unreal Installs/UE_4.27/FeaturePacks/MobileStarterContent.upack' (chunk index -1, root 'root:/') mounted
[2023.11.08-20.41.50:437][  0]LogShaderLibrary: Display: ShaderCodeLibraryPakFileMountedCallback: pending pak file info (ChunkID:-1 Root:root:/ File:D:/Apps/Unreal Installs/UE_4.27/FeaturePacks/MobileStarterContent.upack)
[2023.11.08-20.41.50:438][  0]LogPakFile: OnPakFileMounted2Time == 0.000071
[2023.11.08-20.41.50:451][  0]LogPakFile: PakFile PrimaryIndexSize=185
[2023.11.08-20.41.50:451][  0]LogPakFile: PakFile PathHashIndexSize=101
[2023.11.08-20.41.50:451][  0]LogPakFile: PakFile FullDirectoryIndexSize=148
[2023.11.08-20.41.50:451][  0]LogShaderLibrary: Display: ShaderCodeLibraryPakFileMountedCallback: PakFile 'D:/Apps/Unreal Installs/UE_4.27/FeaturePacks/StarterContent.upack' (chunk index -1, root 'root:/') mounted
[2023.11.08-20.41.50:451][  0]LogShaderLibrary: Display: ShaderCodeLibraryPakFileMountedCallback: pending pak file info (ChunkID:-1 Root:root:/ File:D:/Apps/Unreal Installs/UE_4.27/FeaturePacks/StarterContent.upack)
[2023.11.08-20.41.50:451][  0]LogPakFile: OnPakFileMounted2Time == 0.000053
[2023.11.08-20.41.50:468][  0]LogPakFile: PakFile PrimaryIndexSize=190
[2023.11.08-20.41.50:468][  0]LogPakFile: PakFile PathHashIndexSize=101
[2023.11.08-20.41.50:468][  0]LogPakFile: PakFile FullDirectoryIndexSize=154
[2023.11.08-20.41.50:468][  0]LogShaderLibrary: Display: ShaderCodeLibraryPakFileMountedCallback: PakFile 'D:/Apps/Unreal Installs/UE_4.27/FeaturePacks/TP_2DSideScroller.upack' (chunk index -1, root 'root:/') mounted
[2023.11.08-20.41.50:468][  0]LogShaderLibrary: Display: ShaderCodeLibraryPakFileMountedCallback: pending pak file info (ChunkID:-1 Root:root:/ File:D:/Apps/Unreal Installs/UE_4.27/FeaturePacks/TP_2DSideScroller.upack)
[2023.11.08-20.41.50:469][  0]LogPakFile: OnPakFileMounted2Time == 0.000099
[2023.11.08-20.41.50:492][  0]LogPakFile: PakFile PrimaryIndexSize=192
[2023.11.08-20.41.50:492][  0]LogPakFile: PakFile PathHashIndexSize=101
[2023.11.08-20.41.50:492][  0]LogPakFile: PakFile FullDirectoryIndexSize=158
[2023.11.08-20.41.50:492][  0]LogShaderLibrary: Display: ShaderCodeLibraryPakFileMountedCallback: PakFile 'D:/Apps/Unreal Installs/UE_4.27/FeaturePacks/TP_2DSideScrollerBP.upack' (chunk index -1, root 'root:/') mounted
[2023.11.08-20.41.50:493][  0]LogShaderLibrary: Display: ShaderCodeLibraryPakFileMountedCallback: pending pak file info (ChunkID:-1 Root:root:/ File:D:/Apps/Unreal Installs/UE_4.27/FeaturePacks/TP_2DSideScrollerBP.upack)
[2023.11.08-20.41.50:493][  0]LogPakFile: OnPakFileMounted2Time == 0.000236
[2023.11.08-20.41.50:536][  0]LogPakFile: PakFile PrimaryIndexSize=182
[2023.11.08-20.41.50:536][  0]LogPakFile: PakFile PathHashIndexSize=101
[2023.11.08-20.41.50:536][  0]LogPakFile: PakFile FullDirectoryIndexSize=138
[2023.11.08-20.41.50:536][  0]LogShaderLibrary: Display: ShaderCodeLibraryPakFileMountedCallback: PakFile 'D:/Apps/Unreal Installs/UE_4.27/FeaturePacks/TP_Flying.upack' (chunk index -1, root 'root:/') mounted
[2023.11.08-20.41.50:537][  0]LogShaderLibrary: Display: ShaderCodeLibraryPakFileMountedCallback: pending pak file info (ChunkID:-1 Root:root:/ File:D:/Apps/Unreal Installs/UE_4.27/FeaturePacks/TP_Flying.upack)
[2023.11.08-20.41.50:537][  0]LogPakFile: OnPakFileMounted2Time == 0.000091
[2023.11.08-20.41.50:607][  0]LogPakFile: PakFile PrimaryIndexSize=184
[2023.11.08-20.41.50:607][  0]LogPakFile: PakFile PathHashIndexSize=101
[2023.11.08-20.41.50:607][  0]LogPakFile: PakFile FullDirectoryIndexSize=142
[2023.11.08-20.41.50:607][  0]LogShaderLibrary: Display: ShaderCodeLibraryPakFileMountedCallback: PakFile 'D:/Apps/Unreal Installs/UE_4.27/FeaturePacks/TP_FlyingBP.upack' (chunk index -1, root 'root:/') mounted
[2023.11.08-20.41.50:607][  0]LogShaderLibrary: Display: ShaderCodeLibraryPakFileMountedCallback: pending pak file info (ChunkID:-1 Root:root:/ File:D:/Apps/Unreal Installs/UE_4.27/FeaturePacks/TP_FlyingBP.upack)
[2023.11.08-20.41.50:607][  0]LogPakFile: OnPakFileMounted2Time == 0.000050
[2023.11.08-20.41.50:643][  0]LogPakFile: PakFile PrimaryIndexSize=188
[2023.11.08-20.41.50:643][  0]LogPakFile: PakFile PathHashIndexSize=101
[2023.11.08-20.41.50:643][  0]LogPakFile: PakFile FullDirectoryIndexSize=150
[2023.11.08-20.41.50:643][  0]LogShaderLibrary: Display: ShaderCodeLibraryPakFileMountedCallback: PakFile 'D:/Apps/Unreal Installs/UE_4.27/FeaturePacks/TP_HandheldARBP.upack' (chunk index -1, root 'root:/') mounted
[2023.11.08-20.41.50:643][  0]LogShaderLibrary: Display: ShaderCodeLibraryPakFileMountedCallback: pending pak file info (ChunkID:-1 Root:root:/ File:D:/Apps/Unreal Installs/UE_4.27/FeaturePacks/TP_HandheldARBP.upack)
[2023.11.08-20.41.50:643][  0]LogPakFile: OnPakFileMounted2Time == 0.000050
[2023.11.08-20.41.50:749][  0]LogPakFile: PakFile PrimaryIndexSize=182
[2023.11.08-20.41.50:749][  0]LogPakFile: PakFile PathHashIndexSize=101
[2023.11.08-20.41.50:749][  0]LogPakFile: PakFile FullDirectoryIndexSize=138
[2023.11.08-20.41.50:749][  0]LogShaderLibrary: Display: ShaderCodeLibraryPakFileMountedCallback: PakFile 'D:/Apps/Unreal Installs/UE_4.27/FeaturePacks/TP_Puzzle.upack' (chunk index -1, root 'root:/') mounted
[2023.11.08-20.41.50:749][  0]LogShaderLibrary: Display: ShaderCodeLibraryPakFileMountedCallback: pending pak file info (ChunkID:-1 Root:root:/ File:D:/Apps/Unreal Installs/UE_4.27/FeaturePacks/TP_Puzzle.upack)
[2023.11.08-20.41.50:749][  0]LogPakFile: OnPakFileMounted2Time == 0.000051
[2023.11.08-20.41.50:775][  0]LogPakFile: PakFile PrimaryIndexSize=184
[2023.11.08-20.41.50:775][  0]LogPakFile: PakFile PathHashIndexSize=101
[2023.11.08-20.41.50:775][  0]LogPakFile: PakFile FullDirectoryIndexSize=142
[2023.11.08-20.41.50:775][  0]LogShaderLibrary: Display: ShaderCodeLibraryPakFileMountedCallback: PakFile 'D:/Apps/Unreal Installs/UE_4.27/FeaturePacks/TP_PuzzleBP.upack' (chunk index -1, root 'root:/') mounted
[2023.11.08-20.41.50:775][  0]LogShaderLibrary: Display: ShaderCodeLibraryPakFileMountedCallback: pending pak file info (ChunkID:-1 Root:root:/ File:D:/Apps/Unreal Installs/UE_4.27/FeaturePacks/TP_PuzzleBP.upack)
[2023.11.08-20.41.50:775][  0]LogPakFile: OnPakFileMounted2Time == 0.000063
[2023.11.08-20.41.50:786][  0]LogPakFile: PakFile PrimaryIndexSize=183
[2023.11.08-20.41.50:786][  0]LogPakFile: PakFile PathHashIndexSize=101
[2023.11.08-20.41.50:786][  0]LogPakFile: PakFile FullDirectoryIndexSize=140
[2023.11.08-20.41.50:786][  0]LogShaderLibrary: Display: ShaderCodeLibraryPakFileMountedCallback: PakFile 'D:/Apps/Unreal Installs/UE_4.27/FeaturePacks/TP_Rolling.upack' (chunk index -1, root 'root:/') mounted
[2023.11.08-20.41.50:786][  0]LogShaderLibrary: Display: ShaderCodeLibraryPakFileMountedCallback: pending pak file info (ChunkID:-1 Root:root:/ File:D:/Apps/Unreal Installs/UE_4.27/FeaturePacks/TP_Rolling.upack)
[2023.11.08-20.41.50:786][  0]LogPakFile: OnPakFileMounted2Time == 0.000059
[2023.11.08-20.41.50:813][  0]LogPakFile: PakFile PrimaryIndexSize=185
[2023.11.08-20.41.50:813][  0]LogPakFile: PakFile PathHashIndexSize=101
[2023.11.08-20.41.50:813][  0]LogPakFile: PakFile FullDirectoryIndexSize=144
[2023.11.08-20.41.50:813][  0]LogShaderLibrary: Display: ShaderCodeLibraryPakFileMountedCallback: PakFile 'D:/Apps/Unreal Installs/UE_4.27/FeaturePacks/TP_RollingBP.upack' (chunk index -1, root 'root:/') mounted
[2023.11.08-20.41.50:813][  0]LogShaderLibrary: Display: ShaderCodeLibraryPakFileMountedCallback: pending pak file info (ChunkID:-1 Root:root:/ File:D:/Apps/Unreal Installs/UE_4.27/FeaturePacks/TP_RollingBP.upack)
[2023.11.08-20.41.50:813][  0]LogPakFile: OnPakFileMounted2Time == 0.000058
[2023.11.08-20.41.50:863][  0]LogPakFile: PakFile PrimaryIndexSize=188
[2023.11.08-20.41.50:863][  0]LogPakFile: PakFile PathHashIndexSize=101
[2023.11.08-20.41.50:863][  0]LogPakFile: PakFile FullDirectoryIndexSize=150
[2023.11.08-20.41.50:863][  0]LogShaderLibrary: Display: ShaderCodeLibraryPakFileMountedCallback: PakFile 'D:/Apps/Unreal Installs/UE_4.27/FeaturePacks/TP_SideScroller.upack' (chunk index -1, root 'root:/') mounted
[2023.11.08-20.41.50:863][  0]LogShaderLibrary: Display: ShaderCodeLibraryPakFileMountedCallback: pending pak file info (ChunkID:-1 Root:root:/ File:D:/Apps/Unreal Installs/UE_4.27/FeaturePacks/TP_SideScroller.upack)
[2023.11.08-20.41.50:863][  0]LogPakFile: OnPakFileMounted2Time == 0.000084
[2023.11.08-20.41.50:885][  0]LogPakFile: PakFile PrimaryIndexSize=190
[2023.11.08-20.41.50:885][  0]LogPakFile: PakFile PathHashIndexSize=101
[2023.11.08-20.41.50:885][  0]LogPakFile: PakFile FullDirectoryIndexSize=154
[2023.11.08-20.41.50:885][  0]LogShaderLibrary: Display: ShaderCodeLibraryPakFileMountedCallback: PakFile 'D:/Apps/Unreal Installs/UE_4.27/FeaturePacks/TP_SideScrollerBP.upack' (chunk index -1, root 'root:/') mounted
[2023.11.08-20.41.50:885][  0]LogShaderLibrary: Display: ShaderCodeLibraryPakFileMountedCallback: pending pak file info (ChunkID:-1 Root:root:/ File:D:/Apps/Unreal Installs/UE_4.27/FeaturePacks/TP_SideScrollerBP.upack)
[2023.11.08-20.41.50:885][  0]LogPakFile: OnPakFileMounted2Time == 0.000053
[2023.11.08-20.41.50:894][  0]LogPakFile: PakFile PrimaryIndexSize=187
[2023.11.08-20.41.50:894][  0]LogPakFile: PakFile PathHashIndexSize=101
[2023.11.08-20.41.50:894][  0]LogPakFile: PakFile FullDirectoryIndexSize=148
[2023.11.08-20.41.50:894][  0]LogShaderLibrary: Display: ShaderCodeLibraryPakFileMountedCallback: PakFile 'D:/Apps/Unreal Installs/UE_4.27/FeaturePacks/TP_ThirdPerson.upack' (chunk index -1, root 'root:/') mounted
[2023.11.08-20.41.50:894][  0]LogShaderLibrary: Display: ShaderCodeLibraryPakFileMountedCallback: pending pak file info (ChunkID:-1 Root:root:/ File:D:/Apps/Unreal Installs/UE_4.27/FeaturePacks/TP_ThirdPerson.upack)
[2023.11.08-20.41.50:894][  0]LogPakFile: OnPakFileMounted2Time == 0.000052
[2023.11.08-20.41.50:961][  0]LogPakFile: PakFile PrimaryIndexSize=189
[2023.11.08-20.41.50:961][  0]LogPakFile: PakFile PathHashIndexSize=101
[2023.11.08-20.41.50:961][  0]LogPakFile: PakFile FullDirectoryIndexSize=152
[2023.11.08-20.41.50:961][  0]LogShaderLibrary: Display: ShaderCodeLibraryPakFileMountedCallback: PakFile 'D:/Apps/Unreal Installs/UE_4.27/FeaturePacks/TP_ThirdPersonBP.upack' (chunk index -1, root 'root:/') mounted
[2023.11.08-20.41.50:961][  0]LogShaderLibrary: Display: ShaderCodeLibraryPakFileMountedCallback: pending pak file info (ChunkID:-1 Root:root:/ File:D:/Apps/Unreal Installs/UE_4.27/FeaturePacks/TP_ThirdPersonBP.upack)
[2023.11.08-20.41.50:961][  0]LogPakFile: OnPakFileMounted2Time == 0.000051
[2023.11.08-20.41.50:984][  0]LogPakFile: PakFile PrimaryIndexSize=183
[2023.11.08-20.41.50:984][  0]LogPakFile: PakFile PathHashIndexSize=101
[2023.11.08-20.41.50:984][  0]LogPakFile: PakFile FullDirectoryIndexSize=140
[2023.11.08-20.41.50:984][  0]LogShaderLibrary: Display: ShaderCodeLibraryPakFileMountedCallback: PakFile 'D:/Apps/Unreal Installs/UE_4.27/FeaturePacks/TP_TopDown.upack' (chunk index -1, root 'root:/') mounted
[2023.11.08-20.41.50:984][  0]LogShaderLibrary: Display: ShaderCodeLibraryPakFileMountedCallback: pending pak file info (ChunkID:-1 Root:root:/ File:D:/Apps/Unreal Installs/UE_4.27/FeaturePacks/TP_TopDown.upack)
[2023.11.08-20.41.50:984][  0]LogPakFile: OnPakFileMounted2Time == 0.000060
[2023.11.08-20.41.51:008][  0]LogPakFile: PakFile PrimaryIndexSize=185
[2023.11.08-20.41.51:008][  0]LogPakFile: PakFile PathHashIndexSize=101
[2023.11.08-20.41.51:008][  0]LogPakFile: PakFile FullDirectoryIndexSize=144
[2023.11.08-20.41.51:008][  0]LogShaderLibrary: Display: ShaderCodeLibraryPakFileMountedCallback: PakFile 'D:/Apps/Unreal Installs/UE_4.27/FeaturePacks/TP_TopDownBP.upack' (chunk index -1, root 'root:/') mounted
[2023.11.08-20.41.51:008][  0]LogShaderLibrary: Display: ShaderCodeLibraryPakFileMountedCallback: pending pak file info (ChunkID:-1 Root:root:/ File:D:/Apps/Unreal Installs/UE_4.27/FeaturePacks/TP_TopDownBP.upack)
[2023.11.08-20.41.51:008][  0]LogPakFile: OnPakFileMounted2Time == 0.000049
[2023.11.08-20.41.51:021][  0]LogPakFile: PakFile PrimaryIndexSize=185
[2023.11.08-20.41.51:021][  0]LogPakFile: PakFile PathHashIndexSize=101
[2023.11.08-20.41.51:021][  0]LogPakFile: PakFile FullDirectoryIndexSize=144
[2023.11.08-20.41.51:021][  0]LogShaderLibrary: Display: ShaderCodeLibraryPakFileMountedCallback: PakFile 'D:/Apps/Unreal Installs/UE_4.27/FeaturePacks/TP_TwinStick.upack' (chunk index -1, root 'root:/') mounted
[2023.11.08-20.41.51:021][  0]LogShaderLibrary: Display: ShaderCodeLibraryPakFileMountedCallback: pending pak file info (ChunkID:-1 Root:root:/ File:D:/Apps/Unreal Installs/UE_4.27/FeaturePacks/TP_TwinStick.upack)
[2023.11.08-20.41.51:021][  0]LogPakFile: OnPakFileMounted2Time == 0.000060
[2023.11.08-20.41.51:055][  0]LogPakFile: PakFile PrimaryIndexSize=187
[2023.11.08-20.41.51:055][  0]LogPakFile: PakFile PathHashIndexSize=101
[2023.11.08-20.41.51:055][  0]LogPakFile: PakFile FullDirectoryIndexSize=148
[2023.11.08-20.41.51:056][  0]LogShaderLibrary: Display: ShaderCodeLibraryPakFileMountedCallback: PakFile 'D:/Apps/Unreal Installs/UE_4.27/FeaturePacks/TP_TwinStickBP.upack' (chunk index -1, root 'root:/') mounted
[2023.11.08-20.41.51:056][  0]LogShaderLibrary: Display: ShaderCodeLibraryPakFileMountedCallback: pending pak file info (ChunkID:-1 Root:root:/ File:D:/Apps/Unreal Installs/UE_4.27/FeaturePacks/TP_TwinStickBP.upack)
[2023.11.08-20.41.51:056][  0]LogPakFile: OnPakFileMounted2Time == 0.000059
[2023.11.08-20.41.51:095][  0]LogPakFile: PakFile PrimaryIndexSize=183
[2023.11.08-20.41.51:095][  0]LogPakFile: PakFile PathHashIndexSize=101
[2023.11.08-20.41.51:095][  0]LogPakFile: PakFile FullDirectoryIndexSize=140
[2023.11.08-20.41.51:095][  0]LogShaderLibrary: Display: ShaderCodeLibraryPakFileMountedCallback: PakFile 'D:/Apps/Unreal Installs/UE_4.27/FeaturePacks/TP_Vehicle.upack' (chunk index -1, root 'root:/') mounted
[2023.11.08-20.41.51:095][  0]LogShaderLibrary: Display: ShaderCodeLibraryPakFileMountedCallback: pending pak file info (ChunkID:-1 Root:root:/ File:D:/Apps/Unreal Installs/UE_4.27/FeaturePacks/TP_Vehicle.upack)
[2023.11.08-20.41.51:095][  0]LogPakFile: OnPakFileMounted2Time == 0.000085
[2023.11.08-20.41.51:120][  0]LogPakFile: PakFile PrimaryIndexSize=186
[2023.11.08-20.41.51:120][  0]LogPakFile: PakFile PathHashIndexSize=101
[2023.11.08-20.41.51:120][  0]LogPakFile: PakFile FullDirectoryIndexSize=146
[2023.11.08-20.41.51:120][  0]LogShaderLibrary: Display: ShaderCodeLibraryPakFileMountedCallback: PakFile 'D:/Apps/Unreal Installs/UE_4.27/FeaturePacks/TP_VehicleAdv.upack' (chunk index -1, root 'root:/') mounted
[2023.11.08-20.41.51:120][  0]LogShaderLibrary: Display: ShaderCodeLibraryPakFileMountedCallback: pending pak file info (ChunkID:-1 Root:root:/ File:D:/Apps/Unreal Installs/UE_4.27/FeaturePacks/TP_VehicleAdv.upack)
[2023.11.08-20.41.51:120][  0]LogPakFile: OnPakFileMounted2Time == 0.000054
[2023.11.08-20.41.51:129][  0]LogPakFile: PakFile PrimaryIndexSize=188
[2023.11.08-20.41.51:129][  0]LogPakFile: PakFile PathHashIndexSize=101
[2023.11.08-20.41.51:129][  0]LogPakFile: PakFile FullDirectoryIndexSize=150
[2023.11.08-20.41.51:129][  0]LogShaderLibrary: Display: ShaderCodeLibraryPakFileMountedCallback: PakFile 'D:/Apps/Unreal Installs/UE_4.27/FeaturePacks/TP_VehicleAdvBP.upack' (chunk index -1, root 'root:/') mounted
[2023.11.08-20.41.51:129][  0]LogShaderLibrary: Display: ShaderCodeLibraryPakFileMountedCallback: pending pak file info (ChunkID:-1 Root:root:/ File:D:/Apps/Unreal Installs/UE_4.27/FeaturePacks/TP_VehicleAdvBP.upack)
[2023.11.08-20.41.51:129][  0]LogPakFile: OnPakFileMounted2Time == 0.000061
[2023.11.08-20.41.51:137][  0]LogPakFile: PakFile PrimaryIndexSize=185
[2023.11.08-20.41.51:137][  0]LogPakFile: PakFile PathHashIndexSize=101
[2023.11.08-20.41.51:137][  0]LogPakFile: PakFile FullDirectoryIndexSize=144
[2023.11.08-20.41.51:137][  0]LogShaderLibrary: Display: ShaderCodeLibraryPakFileMountedCallback: PakFile 'D:/Apps/Unreal Installs/UE_4.27/FeaturePacks/TP_VehicleBP.upack' (chunk index -1, root 'root:/') mounted
[2023.11.08-20.41.51:137][  0]LogShaderLibrary: Display: ShaderCodeLibraryPakFileMountedCallback: pending pak file info (ChunkID:-1 Root:root:/ File:D:/Apps/Unreal Installs/UE_4.27/FeaturePacks/TP_VehicleBP.upack)
[2023.11.08-20.41.51:137][  0]LogPakFile: OnPakFileMounted2Time == 0.000053
[2023.11.08-20.41.51:206][  0]LogPakFile: PakFile PrimaryIndexSize=192
[2023.11.08-20.41.51:206][  0]LogPakFile: PakFile PathHashIndexSize=101
[2023.11.08-20.41.51:206][  0]LogPakFile: PakFile FullDirectoryIndexSize=158
[2023.11.08-20.41.51:206][  0]LogShaderLibrary: Display: ShaderCodeLibraryPakFileMountedCallback: PakFile 'D:/Apps/Unreal Installs/UE_4.27/FeaturePacks/TP_VirtualRealityBP.upack' (chunk index -1, root 'root:/') mounted
[2023.11.08-20.41.51:206][  0]LogShaderLibrary: Display: ShaderCodeLibraryPakFileMountedCallback: pending pak file info (ChunkID:-1 Root:root:/ File:D:/Apps/Unreal Installs/UE_4.27/FeaturePacks/TP_VirtualRealityBP.upack)
[2023.11.08-20.41.51:206][  0]LogPakFile: OnPakFileMounted2Time == 0.000054
[2023.11.08-20.41.53:211][  0]LogNativeClassHierarchy: Verbose: Native class hierarchy updated for 'AddContentDialog' in 0.0004 seconds. Added 0 classes and 0 folders.
[2023.11.08-20.41.53:257][  0]LogNativeClassHierarchy: Verbose: Native class hierarchy updated for 'SceneOutliner' in 0.0004 seconds. Added 2 classes and 0 folders.
[2023.11.08-20.41.53:895][  0]LogSlate: Took 0.000356 seconds to synchronously load lazily loaded font '../../../Engine/Content/Slate/Fonts/Roboto-Regular.ttf' (155K)
[2023.11.08-20.41.53:924][  0]LogSlate: Took 0.026383 seconds to synchronously load lazily loaded font '../../../Engine/Content/Editor/Slate/Fonts/FontAwesome.ttf' (139K)
[2023.11.08-20.41.53:941][  0]LogSlate: Took 0.000174 seconds to synchronously load lazily loaded font '../../../Engine/Content/Slate/Fonts/Roboto-Bold.ttf' (160K)
[2023.11.08-20.41.54:357][  0]LogRenderer: Reallocating scene render targets to support 864x464 Format 10 NumSamples 1 (Frame:1).
[2023.11.08-20.41.54:950][  0]LogNativeClassHierarchy: Verbose: Native class hierarchy updated for 'HierarchicalLODOutliner' in 0.0003 seconds. Added 0 classes and 0 folders.
[2023.11.08-20.41.54:950][  0]LogInput: Warning: Action SetDestination uses invalid key OculusGo_Left_Trigger_Click.
[2023.11.08-20.41.54:950][  0]LogInput: Warning: Action ResetVR uses invalid key OculusGo_Left_Back_Click.
[2023.11.08-20.41.54:950][  0]LogInput: Warning: Use -RemoveInvalidKeys to remove instances of these keys from the action mapping.
[2023.11.08-20.41.54:951][  0]LogLoad: (Engine Initialization) Total time: 38.23 seconds
[2023.11.08-20.41.54:951][  0]LogLoad: (Engine Initialization) Total Blueprint compile time: 0.00 seconds
[2023.11.08-20.41.55:059][  0]LogAssetRegistry: Asset discovery search completed in 33.7681 seconds
[2023.11.08-20.41.55:065][  0]LogCollectionManager: Fixed up redirectors for 0 collections in 0.000004 seconds (updated 0 objects)
[2023.11.08-20.41.55:164][  0]LogContentStreaming: Texture pool size now 1000 MB
[2023.11.08-20.41.55:461][  2]LogSlate: Took 0.016402 seconds to synchronously load lazily loaded font '../../../Engine/Content/Slate/Fonts/Roboto-Light.ttf' (167K)
[2023.11.08-20.41.55:970][ 26]LogSlate: Took 0.000150 seconds to synchronously load lazily loaded font '../../../Engine/Content/Slate/Fonts/Roboto-Light.ttf' (167K)
